{"/home/runner/work/blockpy/blockpy/src/blockpy.js": {"path":"/home/runner/work/blockpy/blockpy/src/blockpy.js","statementMap":{"0":{"start":{"line":40,"column":23},"end":{"line":40,"column":30}},"1":{"start":{"line":58,"column":8},"end":{"line":58,"column":38}},"2":{"start":{"line":59,"column":8},"end":{"line":61,"column":9}},"3":{"start":{"line":60,"column":12},"end":{"line":60,"column":70}},"4":{"start":{"line":62,"column":8},"end":{"line":62,"column":24}},"5":{"start":{"line":71,"column":8},"end":{"line":71,"column":29}},"6":{"start":{"line":72,"column":8},"end":{"line":72,"column":32}},"7":{"start":{"line":73,"column":8},"end":{"line":73,"column":27}},"8":{"start":{"line":74,"column":8},"end":{"line":74,"column":29}},"9":{"start":{"line":75,"column":8},"end":{"line":75,"column":26}},"10":{"start":{"line":76,"column":8},"end":{"line":76,"column":30}},"11":{"start":{"line":77,"column":8},"end":{"line":77,"column":38}},"12":{"start":{"line":78,"column":8},"end":{"line":78,"column":21}},"13":{"start":{"line":87,"column":8},"end":{"line":93,"column":9}},"14":{"start":{"line":88,"column":12},"end":{"line":88,"column":51}},"15":{"start":{"line":89,"column":15},"end":{"line":93,"column":9}},"16":{"start":{"line":90,"column":12},"end":{"line":90,"column":48}},"17":{"start":{"line":92,"column":12},"end":{"line":92,"column":32}},"18":{"start":{"line":110,"column":8},"end":{"line":110,"column":71}},"19":{"start":{"line":111,"column":8},"end":{"line":111,"column":51}},"20":{"start":{"line":114,"column":8},"end":{"line":416,"column":10}},"21":{"start":{"line":423,"column":24},"end":{"line":423,"column":48}},"22":{"start":{"line":424,"column":18},"end":{"line":424,"column":37}},"23":{"start":{"line":425,"column":8},"end":{"line":425,"column":72}},"24":{"start":{"line":429,"column":8},"end":{"line":429,"column":61}},"25":{"start":{"line":441,"column":8},"end":{"line":441,"column":61}},"26":{"start":{"line":442,"column":8},"end":{"line":442,"column":96}},"27":{"start":{"line":446,"column":8},"end":{"line":450,"column":9}},"28":{"start":{"line":448,"column":12},"end":{"line":448,"column":46}},"29":{"start":{"line":449,"column":12},"end":{"line":449,"column":25}},"30":{"start":{"line":452,"column":8},"end":{"line":452,"column":48}},"31":{"start":{"line":453,"column":8},"end":{"line":453,"column":65}},"32":{"start":{"line":454,"column":8},"end":{"line":454,"column":106}},"33":{"start":{"line":455,"column":8},"end":{"line":455,"column":58}},"34":{"start":{"line":456,"column":8},"end":{"line":456,"column":54}},"35":{"start":{"line":457,"column":8},"end":{"line":457,"column":60}},"36":{"start":{"line":458,"column":8},"end":{"line":458,"column":50}},"37":{"start":{"line":459,"column":8},"end":{"line":459,"column":58}},"38":{"start":{"line":460,"column":8},"end":{"line":460,"column":101}},"39":{"start":{"line":461,"column":8},"end":{"line":461,"column":107}},"40":{"start":{"line":462,"column":8},"end":{"line":462,"column":58}},"41":{"start":{"line":463,"column":8},"end":{"line":463,"column":55}},"42":{"start":{"line":464,"column":8},"end":{"line":464,"column":87}},"43":{"start":{"line":468,"column":8},"end":{"line":468,"column":28}},"44":{"start":{"line":469,"column":8},"end":{"line":469,"column":30}},"45":{"start":{"line":470,"column":8},"end":{"line":470,"column":56}},"46":{"start":{"line":471,"column":33},"end":{"line":471,"column":75}},"47":{"start":{"line":472,"column":8},"end":{"line":472,"column":56}},"48":{"start":{"line":473,"column":25},"end":{"line":473,"column":40}},"49":{"start":{"line":474,"column":8},"end":{"line":474,"column":48}},"50":{"start":{"line":475,"column":8},"end":{"line":475,"column":58}},"51":{"start":{"line":476,"column":8},"end":{"line":476,"column":61}},"52":{"start":{"line":477,"column":8},"end":{"line":477,"column":61}},"53":{"start":{"line":478,"column":8},"end":{"line":478,"column":71}},"54":{"start":{"line":479,"column":8},"end":{"line":479,"column":56}},"55":{"start":{"line":480,"column":8},"end":{"line":480,"column":60}},"56":{"start":{"line":481,"column":8},"end":{"line":481,"column":56}},"57":{"start":{"line":482,"column":8},"end":{"line":482,"column":52}},"58":{"start":{"line":483,"column":8},"end":{"line":483,"column":50}},"59":{"start":{"line":484,"column":8},"end":{"line":484,"column":56}},"60":{"start":{"line":485,"column":8},"end":{"line":485,"column":61}},"61":{"start":{"line":486,"column":8},"end":{"line":486,"column":68}},"62":{"start":{"line":487,"column":8},"end":{"line":487,"column":52}},"63":{"start":{"line":488,"column":8},"end":{"line":488,"column":69}},"64":{"start":{"line":489,"column":8},"end":{"line":491,"column":9}},"65":{"start":{"line":490,"column":12},"end":{"line":490,"column":86}},"66":{"start":{"line":492,"column":8},"end":{"line":492,"column":65}},"67":{"start":{"line":493,"column":8},"end":{"line":495,"column":9}},"68":{"start":{"line":494,"column":12},"end":{"line":494,"column":82}},"69":{"start":{"line":496,"column":8},"end":{"line":496,"column":55}},"70":{"start":{"line":497,"column":8},"end":{"line":497,"column":69}},"71":{"start":{"line":498,"column":8},"end":{"line":498,"column":59}},"72":{"start":{"line":499,"column":8},"end":{"line":499,"column":39}},"73":{"start":{"line":500,"column":8},"end":{"line":500,"column":66}},"74":{"start":{"line":501,"column":8},"end":{"line":501,"column":108}},"75":{"start":{"line":502,"column":8},"end":{"line":502,"column":104}},"76":{"start":{"line":503,"column":8},"end":{"line":503,"column":64}},"77":{"start":{"line":504,"column":8},"end":{"line":504,"column":57}},"78":{"start":{"line":505,"column":8},"end":{"line":505,"column":49}},"79":{"start":{"line":506,"column":8},"end":{"line":506,"column":53}},"80":{"start":{"line":507,"column":8},"end":{"line":507,"column":69}},"81":{"start":{"line":508,"column":8},"end":{"line":508,"column":50}},"82":{"start":{"line":509,"column":8},"end":{"line":509,"column":50}},"83":{"start":{"line":510,"column":8},"end":{"line":510,"column":53}},"84":{"start":{"line":512,"column":8},"end":{"line":512,"column":72}},"85":{"start":{"line":516,"column":19},"end":{"line":516,"column":23}},"86":{"start":{"line":517,"column":20},"end":{"line":517,"column":30}},"87":{"start":{"line":518,"column":8},"end":{"line":1181,"column":10}},"88":{"start":{"line":520,"column":16},"end":{"line":520,"column":86}},"89":{"start":{"line":523,"column":20},"end":{"line":523,"column":83}},"90":{"start":{"line":527,"column":20},"end":{"line":527,"column":64}},"91":{"start":{"line":530,"column":20},"end":{"line":532,"column":80}},"92":{"start":{"line":535,"column":20},"end":{"line":535,"column":59}},"93":{"start":{"line":540,"column":24},"end":{"line":540,"column":98}},"94":{"start":{"line":543,"column":20},"end":{"line":543,"column":100}},"95":{"start":{"line":546,"column":20},"end":{"line":546,"column":74}},"96":{"start":{"line":549,"column":20},"end":{"line":549,"column":57}},"97":{"start":{"line":552,"column":20},"end":{"line":556,"column":21}},"98":{"start":{"line":553,"column":24},"end":{"line":553,"column":83}},"99":{"start":{"line":555,"column":24},"end":{"line":555,"column":82}},"100":{"start":{"line":557,"column":20},"end":{"line":557,"column":78}},"101":{"start":{"line":560,"column":20},"end":{"line":561,"column":56}},"102":{"start":{"line":564,"column":20},"end":{"line":576,"column":21}},"103":{"start":{"line":565,"column":24},"end":{"line":565,"column":93}},"104":{"start":{"line":566,"column":27},"end":{"line":576,"column":21}},"105":{"start":{"line":567,"column":24},"end":{"line":567,"column":52}},"106":{"start":{"line":568,"column":27},"end":{"line":576,"column":21}},"107":{"start":{"line":569,"column":24},"end":{"line":569,"column":37}},"108":{"start":{"line":571,"column":24},"end":{"line":575,"column":25}},"109":{"start":{"line":572,"column":28},"end":{"line":572,"column":44}},"110":{"start":{"line":574,"column":28},"end":{"line":574,"column":50}},"111":{"start":{"line":579,"column":20},"end":{"line":587,"column":21}},"112":{"start":{"line":580,"column":24},"end":{"line":580,"column":89}},"113":{"start":{"line":581,"column":27},"end":{"line":587,"column":21}},"114":{"start":{"line":582,"column":24},"end":{"line":582,"column":84}},"115":{"start":{"line":583,"column":27},"end":{"line":587,"column":21}},"116":{"start":{"line":584,"column":24},"end":{"line":584,"column":60}},"117":{"start":{"line":586,"column":24},"end":{"line":586,"column":83}},"118":{"start":{"line":590,"column":20},"end":{"line":591,"column":85}},"119":{"start":{"line":594,"column":20},"end":{"line":594,"column":85}},"120":{"start":{"line":597,"column":20},"end":{"line":597,"column":65}},"121":{"start":{"line":600,"column":20},"end":{"line":600,"column":57}},"122":{"start":{"line":603,"column":20},"end":{"line":603,"column":70}},"123":{"start":{"line":606,"column":34},"end":{"line":606,"column":128}},"124":{"start":{"line":614,"column":20},"end":{"line":614,"column":57}},"125":{"start":{"line":617,"column":36},"end":{"line":617,"column":57}},"126":{"start":{"line":619,"column":36},"end":{"line":619,"column":72}},"127":{"start":{"line":620,"column":20},"end":{"line":620,"column":82}},"128":{"start":{"line":623,"column":20},"end":{"line":626,"column":22}},"129":{"start":{"line":631,"column":20},"end":{"line":632,"column":48}},"130":{"start":{"line":635,"column":20},"end":{"line":635,"column":94}},"131":{"start":{"line":638,"column":20},"end":{"line":638,"column":64}},"132":{"start":{"line":641,"column":20},"end":{"line":641,"column":97}},"133":{"start":{"line":644,"column":20},"end":{"line":644,"column":94}},"134":{"start":{"line":647,"column":20},"end":{"line":647,"column":97}},"135":{"start":{"line":650,"column":20},"end":{"line":651,"column":41}},"136":{"start":{"line":654,"column":39},"end":{"line":654,"column":73}},"137":{"start":{"line":655,"column":20},"end":{"line":663,"column":21}},"138":{"start":{"line":656,"column":24},"end":{"line":656,"column":75}},"139":{"start":{"line":657,"column":27},"end":{"line":663,"column":21}},"140":{"start":{"line":658,"column":24},"end":{"line":658,"column":71}},"141":{"start":{"line":659,"column":27},"end":{"line":663,"column":21}},"142":{"start":{"line":660,"column":24},"end":{"line":660,"column":72}},"143":{"start":{"line":662,"column":24},"end":{"line":662,"column":71}},"144":{"start":{"line":666,"column":41},"end":{"line":666,"column":75}},"145":{"start":{"line":667,"column":20},"end":{"line":667,"column":79}},"146":{"start":{"line":668,"column":20},"end":{"line":668,"column":67}},"147":{"start":{"line":671,"column":37},"end":{"line":671,"column":79}},"148":{"start":{"line":672,"column":20},"end":{"line":675,"column":21}},"149":{"start":{"line":673,"column":24},"end":{"line":673,"column":71}},"150":{"start":{"line":674,"column":24},"end":{"line":674,"column":39}},"151":{"start":{"line":680,"column":20},"end":{"line":683,"column":34}},"152":{"start":{"line":686,"column":20},"end":{"line":687,"column":69}},"153":{"start":{"line":692,"column":20},"end":{"line":694,"column":21}},"154":{"start":{"line":693,"column":24},"end":{"line":693,"column":44}},"155":{"start":{"line":695,"column":20},"end":{"line":719,"column":21}},"156":{"start":{"line":698,"column":28},"end":{"line":698,"column":48}},"157":{"start":{"line":700,"column":28},"end":{"line":700,"column":57}},"158":{"start":{"line":702,"column":28},"end":{"line":702,"column":56}},"159":{"start":{"line":704,"column":28},"end":{"line":704,"column":56}},"160":{"start":{"line":706,"column":28},"end":{"line":706,"column":58}},"161":{"start":{"line":709,"column":28},"end":{"line":709,"column":58}},"162":{"start":{"line":712,"column":28},"end":{"line":712,"column":58}},"163":{"start":{"line":714,"column":28},"end":{"line":714,"column":60}},"164":{"start":{"line":716,"column":28},"end":{"line":716,"column":56}},"165":{"start":{"line":718,"column":28},"end":{"line":718,"column":53}},"166":{"start":{"line":722,"column":20},"end":{"line":724,"column":21}},"167":{"start":{"line":723,"column":24},"end":{"line":723,"column":34}},"168":{"start":{"line":725,"column":20},"end":{"line":749,"column":21}},"169":{"start":{"line":728,"column":28},"end":{"line":728,"column":38}},"170":{"start":{"line":730,"column":28},"end":{"line":730,"column":51}},"171":{"start":{"line":732,"column":28},"end":{"line":732,"column":50}},"172":{"start":{"line":734,"column":28},"end":{"line":734,"column":50}},"173":{"start":{"line":736,"column":28},"end":{"line":736,"column":52}},"174":{"start":{"line":739,"column":28},"end":{"line":739,"column":53}},"175":{"start":{"line":742,"column":28},"end":{"line":742,"column":50}},"176":{"start":{"line":744,"column":28},"end":{"line":744,"column":54}},"177":{"start":{"line":746,"column":28},"end":{"line":746,"column":46}},"178":{"start":{"line":748,"column":28},"end":{"line":748,"column":47}},"179":{"start":{"line":752,"column":20},"end":{"line":752,"column":46}},"180":{"start":{"line":753,"column":20},"end":{"line":753,"column":52}},"181":{"start":{"line":754,"column":20},"end":{"line":754,"column":126}},"182":{"start":{"line":757,"column":20},"end":{"line":757,"column":46}},"183":{"start":{"line":760,"column":37},"end":{"line":760,"column":64}},"184":{"start":{"line":761,"column":20},"end":{"line":761,"column":55}},"185":{"start":{"line":762,"column":20},"end":{"line":762,"column":87}},"186":{"start":{"line":765,"column":20},"end":{"line":768,"column":60}},"187":{"start":{"line":769,"column":20},"end":{"line":772,"column":23}},"188":{"start":{"line":770,"column":24},"end":{"line":770,"column":44}},"189":{"start":{"line":771,"column":24},"end":{"line":771,"column":53}},"190":{"start":{"line":773,"column":37},"end":{"line":773,"column":102}},"191":{"start":{"line":774,"column":20},"end":{"line":774,"column":46}},"192":{"start":{"line":775,"column":20},"end":{"line":780,"column":29}},"193":{"start":{"line":776,"column":24},"end":{"line":776,"column":53}},"194":{"start":{"line":777,"column":24},"end":{"line":779,"column":25}},"195":{"start":{"line":778,"column":28},"end":{"line":778,"column":59}},"196":{"start":{"line":783,"column":20},"end":{"line":783,"column":60}},"197":{"start":{"line":786,"column":20},"end":{"line":788,"column":21}},"198":{"start":{"line":787,"column":24},"end":{"line":787,"column":104}},"199":{"start":{"line":793,"column":20},"end":{"line":793,"column":71}},"200":{"start":{"line":796,"column":20},"end":{"line":798,"column":21}},"201":{"start":{"line":797,"column":24},"end":{"line":797,"column":34}},"202":{"start":{"line":799,"column":31},"end":{"line":799,"column":73}},"203":{"start":{"line":800,"column":35},"end":{"line":800,"column":69}},"204":{"start":{"line":801,"column":36},"end":{"line":801,"column":78}},"205":{"start":{"line":802,"column":20},"end":{"line":808,"column":21}},"206":{"start":{"line":803,"column":24},"end":{"line":803,"column":34}},"207":{"start":{"line":804,"column":27},"end":{"line":808,"column":21}},"208":{"start":{"line":805,"column":24},"end":{"line":805,"column":34}},"209":{"start":{"line":807,"column":24},"end":{"line":807,"column":56}},"210":{"start":{"line":811,"column":31},"end":{"line":811,"column":73}},"211":{"start":{"line":812,"column":35},"end":{"line":812,"column":69}},"212":{"start":{"line":813,"column":36},"end":{"line":813,"column":78}},"213":{"start":{"line":814,"column":20},"end":{"line":816,"column":21}},"214":{"start":{"line":815,"column":24},"end":{"line":815,"column":42}},"215":{"start":{"line":817,"column":20},"end":{"line":824,"column":21}},"216":{"start":{"line":818,"column":24},"end":{"line":818,"column":44}},"217":{"start":{"line":819,"column":27},"end":{"line":824,"column":21}},"218":{"start":{"line":820,"column":24},"end":{"line":820,"column":46}},"219":{"start":{"line":823,"column":24},"end":{"line":823,"column":64}},"220":{"start":{"line":827,"column":31},"end":{"line":827,"column":73}},"221":{"start":{"line":828,"column":35},"end":{"line":828,"column":69}},"222":{"start":{"line":829,"column":36},"end":{"line":829,"column":78}},"223":{"start":{"line":830,"column":20},"end":{"line":832,"column":21}},"224":{"start":{"line":831,"column":24},"end":{"line":831,"column":49}},"225":{"start":{"line":833,"column":20},"end":{"line":843,"column":21}},"226":{"start":{"line":835,"column":28},"end":{"line":835,"column":56}},"227":{"start":{"line":837,"column":28},"end":{"line":839,"column":29}},"228":{"start":{"line":838,"column":32},"end":{"line":838,"column":66}},"229":{"start":{"line":840,"column":28},"end":{"line":840,"column":56}},"230":{"start":{"line":842,"column":28},"end":{"line":842,"column":94}},"231":{"start":{"line":846,"column":20},"end":{"line":846,"column":64}},"232":{"start":{"line":849,"column":35},"end":{"line":849,"column":94}},"233":{"start":{"line":850,"column":20},"end":{"line":850,"column":71}},"234":{"start":{"line":853,"column":31},"end":{"line":853,"column":123}},"235":{"start":{"line":854,"column":20},"end":{"line":854,"column":67}},"236":{"start":{"line":857,"column":20},"end":{"line":857,"column":97}},"237":{"start":{"line":860,"column":31},"end":{"line":860,"column":73}},"238":{"start":{"line":861,"column":35},"end":{"line":861,"column":69}},"239":{"start":{"line":862,"column":36},"end":{"line":862,"column":78}},"240":{"start":{"line":863,"column":20},"end":{"line":865,"column":21}},"241":{"start":{"line":864,"column":24},"end":{"line":864,"column":34}},"242":{"start":{"line":866,"column":20},"end":{"line":873,"column":21}},"243":{"start":{"line":868,"column":28},"end":{"line":868,"column":38}},"244":{"start":{"line":870,"column":28},"end":{"line":870,"column":55}},"245":{"start":{"line":872,"column":28},"end":{"line":872,"column":51}},"246":{"start":{"line":878,"column":20},"end":{"line":878,"column":135}},"247":{"start":{"line":881,"column":20},"end":{"line":881,"column":88}},"248":{"start":{"line":884,"column":20},"end":{"line":885,"column":48}},"249":{"start":{"line":888,"column":20},"end":{"line":906,"column":21}},"250":{"start":{"line":889,"column":42},"end":{"line":889,"column":73}},"251":{"start":{"line":890,"column":49},"end":{"line":890,"column":88}},"252":{"start":{"line":891,"column":46},"end":{"line":891,"column":90}},"253":{"start":{"line":892,"column":44},"end":{"line":892,"column":86}},"254":{"start":{"line":893,"column":51},"end":{"line":894,"column":70}},"255":{"start":{"line":894,"column":28},"end":{"line":894,"column":68}},"256":{"start":{"line":895,"column":47},"end":{"line":896,"column":66}},"257":{"start":{"line":896,"column":28},"end":{"line":896,"column":64}},"258":{"start":{"line":897,"column":50},"end":{"line":898,"column":69}},"259":{"start":{"line":898,"column":28},"end":{"line":898,"column":67}},"260":{"start":{"line":899,"column":50},"end":{"line":900,"column":69}},"261":{"start":{"line":900,"column":28},"end":{"line":900,"column":67}},"262":{"start":{"line":901,"column":49},"end":{"line":902,"column":68}},"263":{"start":{"line":902,"column":28},"end":{"line":902,"column":66}},"264":{"start":{"line":903,"column":46},"end":{"line":903,"column":84}},"265":{"start":{"line":904,"column":60},"end":{"line":904,"column":111}},"266":{"start":{"line":905,"column":33},"end":{"line":905,"column":46}},"267":{"start":{"line":909,"column":20},"end":{"line":949,"column":21}},"268":{"start":{"line":915,"column":28},"end":{"line":915,"column":69}},"269":{"start":{"line":916,"column":28},"end":{"line":916,"column":34}},"270":{"start":{"line":918,"column":28},"end":{"line":918,"column":75}},"271":{"start":{"line":919,"column":28},"end":{"line":919,"column":34}},"272":{"start":{"line":921,"column":48},"end":{"line":921,"column":111}},"273":{"start":{"line":922,"column":28},"end":{"line":922,"column":83}},"274":{"start":{"line":923,"column":28},"end":{"line":923,"column":84}},"275":{"start":{"line":924,"column":28},"end":{"line":924,"column":34}},"276":{"start":{"line":926,"column":28},"end":{"line":926,"column":91}},"277":{"start":{"line":927,"column":28},"end":{"line":927,"column":69}},"278":{"start":{"line":928,"column":28},"end":{"line":928,"column":34}},"279":{"start":{"line":930,"column":28},"end":{"line":930,"column":58}},"280":{"start":{"line":931,"column":28},"end":{"line":931,"column":69}},"281":{"start":{"line":932,"column":28},"end":{"line":932,"column":34}},"282":{"start":{"line":935,"column":28},"end":{"line":935,"column":56}},"283":{"start":{"line":936,"column":28},"end":{"line":936,"column":69}},"284":{"start":{"line":937,"column":28},"end":{"line":937,"column":34}},"285":{"start":{"line":939,"column":28},"end":{"line":939,"column":83}},"286":{"start":{"line":940,"column":28},"end":{"line":940,"column":35}},"287":{"start":{"line":942,"column":28},"end":{"line":942,"column":80}},"288":{"start":{"line":943,"column":28},"end":{"line":943,"column":35}},"289":{"start":{"line":945,"column":28},"end":{"line":945,"column":81}},"290":{"start":{"line":946,"column":28},"end":{"line":946,"column":35}},"291":{"start":{"line":950,"column":20},"end":{"line":950,"column":49}},"292":{"start":{"line":953,"column":20},"end":{"line":953,"column":91}},"293":{"start":{"line":956,"column":20},"end":{"line":956,"column":100}},"294":{"start":{"line":959,"column":35},"end":{"line":959,"column":90}},"295":{"start":{"line":960,"column":35},"end":{"line":960,"column":90}},"296":{"start":{"line":961,"column":31},"end":{"line":961,"column":59}},"297":{"start":{"line":962,"column":20},"end":{"line":964,"column":21}},"298":{"start":{"line":963,"column":24},"end":{"line":963,"column":56}},"299":{"start":{"line":965,"column":20},"end":{"line":967,"column":21}},"300":{"start":{"line":966,"column":24},"end":{"line":966,"column":56}},"301":{"start":{"line":968,"column":20},"end":{"line":968,"column":32}},"302":{"start":{"line":974,"column":20},"end":{"line":976,"column":21}},"303":{"start":{"line":975,"column":24},"end":{"line":975,"column":42}},"304":{"start":{"line":977,"column":20},"end":{"line":979,"column":21}},"305":{"start":{"line":978,"column":24},"end":{"line":978,"column":40}},"306":{"start":{"line":980,"column":20},"end":{"line":982,"column":21}},"307":{"start":{"line":981,"column":24},"end":{"line":981,"column":47}},"308":{"start":{"line":983,"column":20},"end":{"line":985,"column":21}},"309":{"start":{"line":984,"column":24},"end":{"line":984,"column":47}},"310":{"start":{"line":986,"column":20},"end":{"line":988,"column":21}},"311":{"start":{"line":987,"column":24},"end":{"line":987,"column":41}},"312":{"start":{"line":989,"column":20},"end":{"line":991,"column":21}},"313":{"start":{"line":990,"column":24},"end":{"line":990,"column":45}},"314":{"start":{"line":992,"column":20},"end":{"line":992,"column":32}},"315":{"start":{"line":997,"column":20},"end":{"line":997,"column":79}},"316":{"start":{"line":1000,"column":20},"end":{"line":1001,"column":48}},"317":{"start":{"line":1004,"column":20},"end":{"line":1007,"column":82}},"318":{"start":{"line":1010,"column":20},"end":{"line":1010,"column":93}},"319":{"start":{"line":1011,"column":20},"end":{"line":1011,"column":75}},"320":{"start":{"line":1012,"column":20},"end":{"line":1017,"column":23}},"321":{"start":{"line":1014,"column":43},"end":{"line":1014,"column":68}},"322":{"start":{"line":1015,"column":28},"end":{"line":1015,"column":76}},"323":{"start":{"line":1020,"column":20},"end":{"line":1020,"column":45}},"324":{"start":{"line":1022,"column":20},"end":{"line":1023,"column":78}},"325":{"start":{"line":1025,"column":20},"end":{"line":1026,"column":78}},"326":{"start":{"line":1030,"column":20},"end":{"line":1030,"column":56}},"327":{"start":{"line":1034,"column":41},"end":{"line":1034,"column":94}},"328":{"start":{"line":1035,"column":24},"end":{"line":1035,"column":103}},"329":{"start":{"line":1038,"column":24},"end":{"line":1038,"column":116}},"330":{"start":{"line":1039,"column":24},"end":{"line":1039,"column":58}},"331":{"start":{"line":1040,"column":24},"end":{"line":1042,"column":25}},"332":{"start":{"line":1041,"column":28},"end":{"line":1041,"column":81}},"333":{"start":{"line":1045,"column":24},"end":{"line":1045,"column":74}},"334":{"start":{"line":1047,"column":24},"end":{"line":1047,"column":68}},"335":{"start":{"line":1048,"column":24},"end":{"line":1048,"column":72}},"336":{"start":{"line":1049,"column":24},"end":{"line":1049,"column":57}},"337":{"start":{"line":1052,"column":24},"end":{"line":1060,"column":27}},"338":{"start":{"line":1053,"column":28},"end":{"line":1059,"column":29}},"339":{"start":{"line":1054,"column":32},"end":{"line":1054,"column":79}},"340":{"start":{"line":1055,"column":32},"end":{"line":1055,"column":64}},"341":{"start":{"line":1056,"column":32},"end":{"line":1056,"column":79}},"342":{"start":{"line":1058,"column":32},"end":{"line":1058,"column":79}},"343":{"start":{"line":1063,"column":24},"end":{"line":1067,"column":25}},"344":{"start":{"line":1064,"column":28},"end":{"line":1064,"column":73}},"345":{"start":{"line":1066,"column":28},"end":{"line":1066,"column":72}},"346":{"start":{"line":1070,"column":37},"end":{"line":1070,"column":75}},"347":{"start":{"line":1071,"column":40},"end":{"line":1071,"column":79}},"348":{"start":{"line":1072,"column":36},"end":{"line":1072,"column":71}},"349":{"start":{"line":1073,"column":42},"end":{"line":1073,"column":85}},"350":{"start":{"line":1074,"column":35},"end":{"line":1074,"column":65}},"351":{"start":{"line":1078,"column":38},"end":{"line":1078,"column":90}},"352":{"start":{"line":1079,"column":46},"end":{"line":1079,"column":106}},"353":{"start":{"line":1080,"column":46},"end":{"line":1080,"column":106}},"354":{"start":{"line":1081,"column":40},"end":{"line":1081,"column":94}},"355":{"start":{"line":1082,"column":62},"end":{"line":1082,"column":88}},"356":{"start":{"line":1083,"column":46},"end":{"line":1083,"column":126}},"357":{"start":{"line":1086,"column":32},"end":{"line":1086,"column":71}},"358":{"start":{"line":1090,"column":37},"end":{"line":1090,"column":89}},"359":{"start":{"line":1091,"column":24},"end":{"line":1091,"column":70}},"360":{"start":{"line":1097,"column":20},"end":{"line":1097,"column":69}},"361":{"start":{"line":1100,"column":20},"end":{"line":1100,"column":86}},"362":{"start":{"line":1103,"column":20},"end":{"line":1110,"column":21}},"363":{"start":{"line":1104,"column":24},"end":{"line":1106,"column":25}},"364":{"start":{"line":1105,"column":28},"end":{"line":1105,"column":51}},"365":{"start":{"line":1107,"column":24},"end":{"line":1107,"column":68}},"366":{"start":{"line":1109,"column":24},"end":{"line":1109,"column":60}},"367":{"start":{"line":1113,"column":20},"end":{"line":1113,"column":103}},"368":{"start":{"line":1116,"column":20},"end":{"line":1123,"column":21}},"369":{"start":{"line":1117,"column":24},"end":{"line":1119,"column":25}},"370":{"start":{"line":1118,"column":28},"end":{"line":1118,"column":51}},"371":{"start":{"line":1120,"column":24},"end":{"line":1120,"column":68}},"372":{"start":{"line":1122,"column":24},"end":{"line":1122,"column":64}},"373":{"start":{"line":1126,"column":20},"end":{"line":1126,"column":53}},"374":{"start":{"line":1130,"column":20},"end":{"line":1130,"column":63}},"375":{"start":{"line":1133,"column":20},"end":{"line":1135,"column":68}},"376":{"start":{"line":1137,"column":20},"end":{"line":1147,"column":75}},"377":{"start":{"line":1152,"column":56},"end":{"line":1152,"column":71}},"378":{"start":{"line":1154,"column":24},"end":{"line":1154,"column":74}},"379":{"start":{"line":1156,"column":33},"end":{"line":1156,"column":49}},"380":{"start":{"line":1157,"column":36},"end":{"line":1157,"column":70}},"381":{"start":{"line":1158,"column":24},"end":{"line":1161,"column":26}},"382":{"start":{"line":1159,"column":55},"end":{"line":1159,"column":82}},"383":{"start":{"line":1160,"column":28},"end":{"line":1160,"column":75}},"384":{"start":{"line":1162,"column":24},"end":{"line":1162,"column":52}},"385":{"start":{"line":1163,"column":24},"end":{"line":1163,"column":48}},"386":{"start":{"line":1164,"column":24},"end":{"line":1164,"column":58}},"387":{"start":{"line":1167,"column":24},"end":{"line":1167,"column":43}},"388":{"start":{"line":1168,"column":24},"end":{"line":1170,"column":77}},"389":{"start":{"line":1171,"column":24},"end":{"line":1171,"column":65}},"390":{"start":{"line":1178,"column":24},"end":{"line":1178,"column":77}},"391":{"start":{"line":1182,"column":8},"end":{"line":1182,"column":53}},"392":{"start":{"line":1187,"column":8},"end":{"line":1187,"column":75}},"393":{"start":{"line":1197,"column":8},"end":{"line":1197,"column":76}},"394":{"start":{"line":1201,"column":19},"end":{"line":1201,"column":23}},"395":{"start":{"line":1202,"column":8},"end":{"line":1204,"column":10}},"396":{"start":{"line":1203,"column":32},"end":{"line":1203,"column":83}},"397":{"start":{"line":1208,"column":24},"end":{"line":1208,"column":58}},"398":{"start":{"line":1209,"column":25},"end":{"line":1209,"column":45}},"399":{"start":{"line":1210,"column":19},"end":{"line":1210,"column":23}},"400":{"start":{"line":1213,"column":8},"end":{"line":1213,"column":87}},"401":{"start":{"line":1214,"column":8},"end":{"line":1214,"column":93}},"402":{"start":{"line":1215,"column":8},"end":{"line":1215,"column":50}},"403":{"start":{"line":1216,"column":8},"end":{"line":1216,"column":90}},"404":{"start":{"line":1217,"column":8},"end":{"line":1217,"column":52}},"405":{"start":{"line":1218,"column":8},"end":{"line":1218,"column":60}},"406":{"start":{"line":1219,"column":8},"end":{"line":1219,"column":82}},"407":{"start":{"line":1221,"column":8},"end":{"line":1221,"column":75}},"408":{"start":{"line":1222,"column":8},"end":{"line":1222,"column":52}},"409":{"start":{"line":1223,"column":8},"end":{"line":1223,"column":52}},"410":{"start":{"line":1224,"column":8},"end":{"line":1224,"column":98}},"411":{"start":{"line":1228,"column":8},"end":{"line":1228,"column":50}},"412":{"start":{"line":1233,"column":8},"end":{"line":1233,"column":50}},"413":{"start":{"line":1237,"column":8},"end":{"line":1240,"column":11}},"414":{"start":{"line":1238,"column":12},"end":{"line":1239,"column":72}},"415":{"start":{"line":1241,"column":8},"end":{"line":1241,"column":26}},"416":{"start":{"line":1242,"column":26},"end":{"line":1242,"column":60}},"417":{"start":{"line":1243,"column":28},"end":{"line":1243,"column":94}},"418":{"start":{"line":1243,"column":34},"end":{"line":1243,"column":94}},"419":{"start":{"line":1244,"column":8},"end":{"line":1246,"column":9}},"420":{"start":{"line":1245,"column":12},"end":{"line":1245,"column":56}},"421":{"start":{"line":1248,"column":8},"end":{"line":1259,"column":11}},"422":{"start":{"line":1249,"column":12},"end":{"line":1258,"column":13}},"423":{"start":{"line":1250,"column":16},"end":{"line":1253,"column":17}},"424":{"start":{"line":1251,"column":20},"end":{"line":1251,"column":46}},"425":{"start":{"line":1252,"column":20},"end":{"line":1252,"column":38}},"426":{"start":{"line":1255,"column":16},"end":{"line":1257,"column":17}},"427":{"start":{"line":1256,"column":20},"end":{"line":1256,"column":64}},"428":{"start":{"line":1263,"column":8},"end":{"line":1263,"column":49}},"429":{"start":{"line":1267,"column":8},"end":{"line":1267,"column":39}},"430":{"start":{"line":1269,"column":8},"end":{"line":1269,"column":50}},"431":{"start":{"line":1273,"column":35},"end":{"line":1273,"column":71}},"432":{"start":{"line":1274,"column":8},"end":{"line":1274,"column":58}}},"fnMap":{"0":{"name":"(anonymous_0)","decl":{"start":{"line":57,"column":4},"end":{"line":57,"column":5}},"loc":{"start":{"line":57,"column":55},"end":{"line":63,"column":5}},"line":57},"1":{"name":"(anonymous_1)","decl":{"start":{"line":70,"column":4},"end":{"line":70,"column":5}},"loc":{"start":{"line":70,"column":15},"end":{"line":79,"column":5}},"line":70},"2":{"name":"(anonymous_2)","decl":{"start":{"line":86,"column":4},"end":{"line":86,"column":5}},"loc":{"start":{"line":86,"column":34},"end":{"line":94,"column":5}},"line":86},"3":{"name":"(anonymous_3)","decl":{"start":{"line":108,"column":4},"end":{"line":108,"column":5}},"loc":{"start":{"line":108,"column":29},"end":{"line":417,"column":5}},"line":108},"4":{"name":"(anonymous_4)","decl":{"start":{"line":422,"column":4},"end":{"line":422,"column":5}},"loc":{"start":{"line":422,"column":20},"end":{"line":426,"column":5}},"line":422},"5":{"name":"(anonymous_5)","decl":{"start":{"line":428,"column":4},"end":{"line":428,"column":5}},"loc":{"start":{"line":428,"column":34},"end":{"line":430,"column":5}},"line":428},"6":{"name":"(anonymous_6)","decl":{"start":{"line":432,"column":4},"end":{"line":432,"column":5}},"loc":{"start":{"line":432,"column":19},"end":{"line":434,"column":5}},"line":432},"7":{"name":"(anonymous_7)","decl":{"start":{"line":436,"column":4},"end":{"line":436,"column":5}},"loc":{"start":{"line":436,"column":35},"end":{"line":438,"column":5}},"line":436},"8":{"name":"(anonymous_8)","decl":{"start":{"line":440,"column":4},"end":{"line":440,"column":5}},"loc":{"start":{"line":440,"column":33},"end":{"line":443,"column":5}},"line":440},"9":{"name":"(anonymous_9)","decl":{"start":{"line":445,"column":4},"end":{"line":445,"column":5}},"loc":{"start":{"line":445,"column":43},"end":{"line":465,"column":5}},"line":445},"10":{"name":"(anonymous_10)","decl":{"start":{"line":467,"column":4},"end":{"line":467,"column":5}},"loc":{"start":{"line":467,"column":30},"end":{"line":513,"column":5}},"line":467},"11":{"name":"(anonymous_11)","decl":{"start":{"line":515,"column":4},"end":{"line":515,"column":5}},"loc":{"start":{"line":515,"column":23},"end":{"line":1183,"column":5}},"line":515},"12":{"name":"(anonymous_12)","decl":{"start":{"line":519,"column":41},"end":{"line":519,"column":42}},"loc":{"start":{"line":520,"column":16},"end":{"line":520,"column":86}},"line":520},"13":{"name":"(anonymous_13)","decl":{"start":{"line":522,"column":42},"end":{"line":522,"column":43}},"loc":{"start":{"line":523,"column":20},"end":{"line":523,"column":83}},"line":523},"14":{"name":"(anonymous_14)","decl":{"start":{"line":526,"column":43},"end":{"line":526,"column":44}},"loc":{"start":{"line":527,"column":20},"end":{"line":527,"column":64}},"line":527},"15":{"name":"(anonymous_15)","decl":{"start":{"line":529,"column":41},"end":{"line":529,"column":42}},"loc":{"start":{"line":530,"column":20},"end":{"line":532,"column":80}},"line":530},"16":{"name":"(anonymous_16)","decl":{"start":{"line":534,"column":23},"end":{"line":534,"column":24}},"loc":{"start":{"line":535,"column":20},"end":{"line":535,"column":59}},"line":535},"17":{"name":"(anonymous_17)","decl":{"start":{"line":539,"column":20},"end":{"line":539,"column":21}},"loc":{"start":{"line":540,"column":24},"end":{"line":540,"column":98}},"line":540},"18":{"name":"(anonymous_18)","decl":{"start":{"line":542,"column":48},"end":{"line":542,"column":49}},"loc":{"start":{"line":543,"column":20},"end":{"line":543,"column":100}},"line":543},"19":{"name":"(anonymous_19)","decl":{"start":{"line":545,"column":33},"end":{"line":545,"column":34}},"loc":{"start":{"line":545,"column":38},"end":{"line":547,"column":17}},"line":545},"20":{"name":"(anonymous_20)","decl":{"start":{"line":548,"column":28},"end":{"line":548,"column":29}},"loc":{"start":{"line":548,"column":34},"end":{"line":550,"column":17}},"line":548},"21":{"name":"(anonymous_21)","decl":{"start":{"line":551,"column":30},"end":{"line":551,"column":31}},"loc":{"start":{"line":551,"column":36},"end":{"line":558,"column":17}},"line":551},"22":{"name":"(anonymous_22)","decl":{"start":{"line":559,"column":50},"end":{"line":559,"column":51}},"loc":{"start":{"line":560,"column":20},"end":{"line":561,"column":56}},"line":560},"23":{"name":"(anonymous_23)","decl":{"start":{"line":563,"column":51},"end":{"line":563,"column":52}},"loc":{"start":{"line":563,"column":57},"end":{"line":577,"column":17}},"line":563},"24":{"name":"(anonymous_24)","decl":{"start":{"line":578,"column":36},"end":{"line":578,"column":37}},"loc":{"start":{"line":578,"column":42},"end":{"line":588,"column":17}},"line":578},"25":{"name":"(anonymous_25)","decl":{"start":{"line":589,"column":45},"end":{"line":589,"column":46}},"loc":{"start":{"line":590,"column":20},"end":{"line":591,"column":85}},"line":590},"26":{"name":"(anonymous_26)","decl":{"start":{"line":593,"column":45},"end":{"line":593,"column":46}},"loc":{"start":{"line":594,"column":20},"end":{"line":594,"column":85}},"line":594},"27":{"name":"(anonymous_27)","decl":{"start":{"line":596,"column":50},"end":{"line":596,"column":51}},"loc":{"start":{"line":597,"column":20},"end":{"line":597,"column":65}},"line":597},"28":{"name":"(anonymous_28)","decl":{"start":{"line":599,"column":43},"end":{"line":599,"column":44}},"loc":{"start":{"line":600,"column":20},"end":{"line":600,"column":57}},"line":600},"29":{"name":"(anonymous_29)","decl":{"start":{"line":602,"column":42},"end":{"line":602,"column":43}},"loc":{"start":{"line":603,"column":20},"end":{"line":603,"column":70}},"line":603},"30":{"name":"(anonymous_30)","decl":{"start":{"line":605,"column":29},"end":{"line":605,"column":30}},"loc":{"start":{"line":605,"column":46},"end":{"line":621,"column":17}},"line":605},"31":{"name":"(anonymous_31)","decl":{"start":{"line":622,"column":28},"end":{"line":622,"column":29}},"loc":{"start":{"line":622,"column":45},"end":{"line":627,"column":17}},"line":622},"32":{"name":"(anonymous_32)","decl":{"start":{"line":630,"column":39},"end":{"line":630,"column":40}},"loc":{"start":{"line":631,"column":20},"end":{"line":632,"column":48}},"line":631},"33":{"name":"(anonymous_33)","decl":{"start":{"line":634,"column":49},"end":{"line":634,"column":50}},"loc":{"start":{"line":635,"column":20},"end":{"line":635,"column":94}},"line":635},"34":{"name":"(anonymous_34)","decl":{"start":{"line":637,"column":46},"end":{"line":637,"column":47}},"loc":{"start":{"line":638,"column":20},"end":{"line":638,"column":64}},"line":638},"35":{"name":"(anonymous_35)","decl":{"start":{"line":640,"column":51},"end":{"line":640,"column":52}},"loc":{"start":{"line":641,"column":20},"end":{"line":641,"column":97}},"line":641},"36":{"name":"(anonymous_36)","decl":{"start":{"line":643,"column":48},"end":{"line":643,"column":49}},"loc":{"start":{"line":644,"column":20},"end":{"line":644,"column":94}},"line":644},"37":{"name":"(anonymous_37)","decl":{"start":{"line":646,"column":54},"end":{"line":646,"column":55}},"loc":{"start":{"line":647,"column":20},"end":{"line":647,"column":97}},"line":647},"38":{"name":"(anonymous_38)","decl":{"start":{"line":649,"column":45},"end":{"line":649,"column":46}},"loc":{"start":{"line":650,"column":20},"end":{"line":651,"column":41}},"line":650},"39":{"name":"(anonymous_39)","decl":{"start":{"line":653,"column":30},"end":{"line":653,"column":31}},"loc":{"start":{"line":653,"column":42},"end":{"line":664,"column":17}},"line":653},"40":{"name":"(anonymous_40)","decl":{"start":{"line":665,"column":26},"end":{"line":665,"column":27}},"loc":{"start":{"line":665,"column":38},"end":{"line":669,"column":17}},"line":665},"41":{"name":"(anonymous_41)","decl":{"start":{"line":670,"column":30},"end":{"line":670,"column":31}},"loc":{"start":{"line":670,"column":41},"end":{"line":676,"column":17}},"line":670},"42":{"name":"(anonymous_42)","decl":{"start":{"line":679,"column":38},"end":{"line":679,"column":39}},"loc":{"start":{"line":680,"column":20},"end":{"line":683,"column":34}},"line":680},"43":{"name":"(anonymous_43)","decl":{"start":{"line":685,"column":47},"end":{"line":685,"column":48}},"loc":{"start":{"line":686,"column":20},"end":{"line":687,"column":69}},"line":686},"44":{"name":"(anonymous_44)","decl":{"start":{"line":691,"column":39},"end":{"line":691,"column":40}},"loc":{"start":{"line":691,"column":51},"end":{"line":720,"column":17}},"line":691},"45":{"name":"(anonymous_45)","decl":{"start":{"line":721,"column":42},"end":{"line":721,"column":43}},"loc":{"start":{"line":721,"column":54},"end":{"line":750,"column":17}},"line":721},"46":{"name":"(anonymous_46)","decl":{"start":{"line":751,"column":28},"end":{"line":751,"column":29}},"loc":{"start":{"line":751,"column":34},"end":{"line":755,"column":17}},"line":751},"47":{"name":"(anonymous_47)","decl":{"start":{"line":756,"column":48},"end":{"line":756,"column":49}},"loc":{"start":{"line":757,"column":20},"end":{"line":757,"column":46}},"line":757},"48":{"name":"(anonymous_48)","decl":{"start":{"line":759,"column":28},"end":{"line":759,"column":29}},"loc":{"start":{"line":759,"column":34},"end":{"line":763,"column":17}},"line":759},"49":{"name":"(anonymous_49)","decl":{"start":{"line":764,"column":22},"end":{"line":764,"column":23}},"loc":{"start":{"line":764,"column":54},"end":{"line":781,"column":17}},"line":764},"50":{"name":"(anonymous_50)","decl":{"start":{"line":769,"column":87},"end":{"line":769,"column":88}},"loc":{"start":{"line":769,"column":98},"end":{"line":772,"column":21}},"line":769},"51":{"name":"(anonymous_51)","decl":{"start":{"line":775,"column":31},"end":{"line":775,"column":32}},"loc":{"start":{"line":775,"column":37},"end":{"line":780,"column":21}},"line":775},"52":{"name":"(anonymous_52)","decl":{"start":{"line":782,"column":47},"end":{"line":782,"column":48}},"loc":{"start":{"line":783,"column":20},"end":{"line":783,"column":60}},"line":783},"53":{"name":"(anonymous_53)","decl":{"start":{"line":785,"column":37},"end":{"line":785,"column":38}},"loc":{"start":{"line":785,"column":92},"end":{"line":789,"column":17}},"line":785},"54":{"name":"(anonymous_54)","decl":{"start":{"line":792,"column":37},"end":{"line":792,"column":38}},"loc":{"start":{"line":793,"column":20},"end":{"line":793,"column":71}},"line":793},"55":{"name":"(anonymous_55)","decl":{"start":{"line":795,"column":49},"end":{"line":795,"column":50}},"loc":{"start":{"line":795,"column":55},"end":{"line":809,"column":17}},"line":795},"56":{"name":"(anonymous_56)","decl":{"start":{"line":810,"column":38},"end":{"line":810,"column":39}},"loc":{"start":{"line":810,"column":50},"end":{"line":825,"column":17}},"line":810},"57":{"name":"(anonymous_57)","decl":{"start":{"line":826,"column":37},"end":{"line":826,"column":38}},"loc":{"start":{"line":826,"column":49},"end":{"line":844,"column":17}},"line":826},"58":{"name":"(anonymous_58)","decl":{"start":{"line":845,"column":23},"end":{"line":845,"column":24}},"loc":{"start":{"line":845,"column":35},"end":{"line":847,"column":17}},"line":845},"59":{"name":"(anonymous_59)","decl":{"start":{"line":848,"column":26},"end":{"line":848,"column":27}},"loc":{"start":{"line":848,"column":38},"end":{"line":851,"column":17}},"line":848},"60":{"name":"(anonymous_60)","decl":{"start":{"line":852,"column":25},"end":{"line":852,"column":26}},"loc":{"start":{"line":852,"column":37},"end":{"line":855,"column":17}},"line":852},"61":{"name":"(anonymous_61)","decl":{"start":{"line":856,"column":22},"end":{"line":856,"column":23}},"loc":{"start":{"line":856,"column":34},"end":{"line":858,"column":17}},"line":856},"62":{"name":"(anonymous_62)","decl":{"start":{"line":859,"column":38},"end":{"line":859,"column":39}},"loc":{"start":{"line":859,"column":50},"end":{"line":874,"column":17}},"line":859},"63":{"name":"(anonymous_63)","decl":{"start":{"line":877,"column":41},"end":{"line":877,"column":42}},"loc":{"start":{"line":878,"column":20},"end":{"line":878,"column":135}},"line":878},"64":{"name":"(anonymous_64)","decl":{"start":{"line":880,"column":46},"end":{"line":880,"column":47}},"loc":{"start":{"line":881,"column":20},"end":{"line":881,"column":88}},"line":881},"65":{"name":"(anonymous_65)","decl":{"start":{"line":883,"column":39},"end":{"line":883,"column":40}},"loc":{"start":{"line":884,"column":20},"end":{"line":885,"column":48}},"line":884},"66":{"name":"(anonymous_66)","decl":{"start":{"line":887,"column":29},"end":{"line":887,"column":30}},"loc":{"start":{"line":887,"column":44},"end":{"line":907,"column":17}},"line":887},"67":{"name":"(anonymous_67)","decl":{"start":{"line":893,"column":103},"end":{"line":893,"column":104}},"loc":{"start":{"line":894,"column":28},"end":{"line":894,"column":68}},"line":894},"68":{"name":"(anonymous_68)","decl":{"start":{"line":895,"column":99},"end":{"line":895,"column":100}},"loc":{"start":{"line":896,"column":28},"end":{"line":896,"column":64}},"line":896},"69":{"name":"(anonymous_69)","decl":{"start":{"line":897,"column":102},"end":{"line":897,"column":103}},"loc":{"start":{"line":898,"column":28},"end":{"line":898,"column":67}},"line":898},"70":{"name":"(anonymous_70)","decl":{"start":{"line":899,"column":102},"end":{"line":899,"column":103}},"loc":{"start":{"line":900,"column":28},"end":{"line":900,"column":67}},"line":900},"71":{"name":"(anonymous_71)","decl":{"start":{"line":901,"column":101},"end":{"line":901,"column":102}},"loc":{"start":{"line":902,"column":28},"end":{"line":902,"column":66}},"line":902},"72":{"name":"(anonymous_72)","decl":{"start":{"line":908,"column":21},"end":{"line":908,"column":22}},"loc":{"start":{"line":908,"column":36},"end":{"line":951,"column":17}},"line":908},"73":{"name":"(anonymous_73)","decl":{"start":{"line":952,"column":24},"end":{"line":952,"column":25}},"loc":{"start":{"line":952,"column":35},"end":{"line":954,"column":17}},"line":952},"74":{"name":"(anonymous_74)","decl":{"start":{"line":955,"column":24},"end":{"line":955,"column":25}},"loc":{"start":{"line":955,"column":37},"end":{"line":957,"column":17}},"line":955},"75":{"name":"(anonymous_75)","decl":{"start":{"line":958,"column":32},"end":{"line":958,"column":33}},"loc":{"start":{"line":958,"column":43},"end":{"line":969,"column":17}},"line":958},"76":{"name":"(anonymous_76)","decl":{"start":{"line":973,"column":33},"end":{"line":973,"column":34}},"loc":{"start":{"line":973,"column":48},"end":{"line":993,"column":17}},"line":973},"77":{"name":"(anonymous_77)","decl":{"start":{"line":996,"column":42},"end":{"line":996,"column":43}},"loc":{"start":{"line":997,"column":20},"end":{"line":997,"column":79}},"line":997},"78":{"name":"(anonymous_78)","decl":{"start":{"line":999,"column":39},"end":{"line":999,"column":40}},"loc":{"start":{"line":1000,"column":20},"end":{"line":1001,"column":48}},"line":1000},"79":{"name":"(anonymous_79)","decl":{"start":{"line":1003,"column":38},"end":{"line":1003,"column":39}},"loc":{"start":{"line":1004,"column":20},"end":{"line":1007,"column":82}},"line":1004},"80":{"name":"(anonymous_80)","decl":{"start":{"line":1009,"column":23},"end":{"line":1009,"column":24}},"loc":{"start":{"line":1009,"column":34},"end":{"line":1018,"column":17}},"line":1009},"81":{"name":"(anonymous_81)","decl":{"start":{"line":1013,"column":24},"end":{"line":1013,"column":25}},"loc":{"start":{"line":1013,"column":32},"end":{"line":1016,"column":25}},"line":1013},"82":{"name":"(anonymous_82)","decl":{"start":{"line":1019,"column":41},"end":{"line":1019,"column":42}},"loc":{"start":{"line":1020,"column":20},"end":{"line":1020,"column":45}},"line":1020},"83":{"name":"(anonymous_83)","decl":{"start":{"line":1021,"column":43},"end":{"line":1021,"column":44}},"loc":{"start":{"line":1022,"column":20},"end":{"line":1023,"column":78}},"line":1022},"84":{"name":"(anonymous_84)","decl":{"start":{"line":1024,"column":43},"end":{"line":1024,"column":44}},"loc":{"start":{"line":1025,"column":20},"end":{"line":1026,"column":78}},"line":1025},"85":{"name":"(anonymous_85)","decl":{"start":{"line":1029,"column":31},"end":{"line":1029,"column":32}},"loc":{"start":{"line":1029,"column":37},"end":{"line":1031,"column":17}},"line":1029},"86":{"name":"(anonymous_86)","decl":{"start":{"line":1033,"column":32},"end":{"line":1033,"column":33}},"loc":{"start":{"line":1033,"column":38},"end":{"line":1036,"column":21}},"line":1033},"87":{"name":"(anonymous_87)","decl":{"start":{"line":1037,"column":32},"end":{"line":1037,"column":33}},"loc":{"start":{"line":1037,"column":45},"end":{"line":1043,"column":21}},"line":1037},"88":{"name":"(anonymous_88)","decl":{"start":{"line":1044,"column":56},"end":{"line":1044,"column":57}},"loc":{"start":{"line":1045,"column":24},"end":{"line":1045,"column":74}},"line":1045},"89":{"name":"(anonymous_89)","decl":{"start":{"line":1046,"column":40},"end":{"line":1046,"column":41}},"loc":{"start":{"line":1046,"column":46},"end":{"line":1050,"column":21}},"line":1046},"90":{"name":"(anonymous_90)","decl":{"start":{"line":1051,"column":39},"end":{"line":1051,"column":40}},"loc":{"start":{"line":1051,"column":45},"end":{"line":1061,"column":21}},"line":1051},"91":{"name":"(anonymous_91)","decl":{"start":{"line":1052,"column":59},"end":{"line":1052,"column":60}},"loc":{"start":{"line":1052,"column":72},"end":{"line":1060,"column":25}},"line":1052},"92":{"name":"(anonymous_92)","decl":{"start":{"line":1062,"column":39},"end":{"line":1062,"column":40}},"loc":{"start":{"line":1062,"column":45},"end":{"line":1068,"column":21}},"line":1062},"93":{"name":"(anonymous_93)","decl":{"start":{"line":1070,"column":31},"end":{"line":1070,"column":32}},"loc":{"start":{"line":1070,"column":35},"end":{"line":1070,"column":77}},"line":1070},"94":{"name":"(anonymous_94)","decl":{"start":{"line":1071,"column":34},"end":{"line":1071,"column":35}},"loc":{"start":{"line":1071,"column":38},"end":{"line":1071,"column":81}},"line":1071},"95":{"name":"(anonymous_95)","decl":{"start":{"line":1072,"column":30},"end":{"line":1072,"column":31}},"loc":{"start":{"line":1072,"column":34},"end":{"line":1072,"column":73}},"line":1072},"96":{"name":"(anonymous_96)","decl":{"start":{"line":1073,"column":36},"end":{"line":1073,"column":37}},"loc":{"start":{"line":1073,"column":40},"end":{"line":1073,"column":87}},"line":1073},"97":{"name":"(anonymous_97)","decl":{"start":{"line":1074,"column":29},"end":{"line":1074,"column":30}},"loc":{"start":{"line":1074,"column":33},"end":{"line":1074,"column":67}},"line":1074},"98":{"name":"(anonymous_98)","decl":{"start":{"line":1078,"column":32},"end":{"line":1078,"column":33}},"loc":{"start":{"line":1078,"column":38},"end":{"line":1078,"column":90}},"line":1078},"99":{"name":"(anonymous_99)","decl":{"start":{"line":1079,"column":32},"end":{"line":1079,"column":33}},"loc":{"start":{"line":1079,"column":46},"end":{"line":1079,"column":106}},"line":1079},"100":{"name":"(anonymous_100)","decl":{"start":{"line":1080,"column":32},"end":{"line":1080,"column":33}},"loc":{"start":{"line":1080,"column":46},"end":{"line":1080,"column":106}},"line":1080},"101":{"name":"(anonymous_101)","decl":{"start":{"line":1081,"column":34},"end":{"line":1081,"column":35}},"loc":{"start":{"line":1081,"column":40},"end":{"line":1081,"column":94}},"line":1081},"102":{"name":"(anonymous_102)","decl":{"start":{"line":1082,"column":56},"end":{"line":1082,"column":57}},"loc":{"start":{"line":1082,"column":62},"end":{"line":1082,"column":88}},"line":1082},"103":{"name":"(anonymous_103)","decl":{"start":{"line":1083,"column":31},"end":{"line":1083,"column":32}},"loc":{"start":{"line":1083,"column":46},"end":{"line":1083,"column":126}},"line":1083},"104":{"name":"(anonymous_104)","decl":{"start":{"line":1086,"column":26},"end":{"line":1086,"column":27}},"loc":{"start":{"line":1086,"column":32},"end":{"line":1086,"column":71}},"line":1086},"105":{"name":"(anonymous_105)","decl":{"start":{"line":1089,"column":33},"end":{"line":1089,"column":34}},"loc":{"start":{"line":1089,"column":64},"end":{"line":1092,"column":21}},"line":1089},"106":{"name":"(anonymous_106)","decl":{"start":{"line":1096,"column":43},"end":{"line":1096,"column":44}},"loc":{"start":{"line":1097,"column":20},"end":{"line":1097,"column":69}},"line":1097},"107":{"name":"(anonymous_107)","decl":{"start":{"line":1099,"column":42},"end":{"line":1099,"column":43}},"loc":{"start":{"line":1100,"column":20},"end":{"line":1100,"column":86}},"line":1100},"108":{"name":"(anonymous_108)","decl":{"start":{"line":1102,"column":21},"end":{"line":1102,"column":22}},"loc":{"start":{"line":1102,"column":27},"end":{"line":1111,"column":17}},"line":1102},"109":{"name":"(anonymous_109)","decl":{"start":{"line":1112,"column":49},"end":{"line":1112,"column":50}},"loc":{"start":{"line":1113,"column":20},"end":{"line":1113,"column":103}},"line":1113},"110":{"name":"(anonymous_110)","decl":{"start":{"line":1115,"column":28},"end":{"line":1115,"column":29}},"loc":{"start":{"line":1115,"column":34},"end":{"line":1124,"column":17}},"line":1115},"111":{"name":"(anonymous_111)","decl":{"start":{"line":1125,"column":26},"end":{"line":1125,"column":27}},"loc":{"start":{"line":1126,"column":20},"end":{"line":1126,"column":53}},"line":1126},"112":{"name":"(anonymous_112)","decl":{"start":{"line":1129,"column":25},"end":{"line":1129,"column":26}},"loc":{"start":{"line":1130,"column":20},"end":{"line":1130,"column":63}},"line":1130},"113":{"name":"(anonymous_113)","decl":{"start":{"line":1132,"column":37},"end":{"line":1132,"column":38}},"loc":{"start":{"line":1133,"column":20},"end":{"line":1135,"column":68}},"line":1133},"114":{"name":"(anonymous_114)","decl":{"start":{"line":1136,"column":42},"end":{"line":1136,"column":43}},"loc":{"start":{"line":1137,"column":20},"end":{"line":1147,"column":75}},"line":1137},"115":{"name":"(anonymous_115)","decl":{"start":{"line":1150,"column":36},"end":{"line":1150,"column":37}},"loc":{"start":{"line":1150,"column":53},"end":{"line":1165,"column":21}},"line":1150},"116":{"name":"(anonymous_116)","decl":{"start":{"line":1158,"column":36},"end":{"line":1158,"column":37}},"loc":{"start":{"line":1158,"column":48},"end":{"line":1161,"column":25}},"line":1158},"117":{"name":"(anonymous_117)","decl":{"start":{"line":1166,"column":38},"end":{"line":1166,"column":39}},"loc":{"start":{"line":1166,"column":55},"end":{"line":1172,"column":21}},"line":1166},"118":{"name":"(anonymous_118)","decl":{"start":{"line":1177,"column":20},"end":{"line":1177,"column":21}},"loc":{"start":{"line":1178,"column":24},"end":{"line":1178,"column":77}},"line":1178},"119":{"name":"(anonymous_119)","decl":{"start":{"line":1185,"column":4},"end":{"line":1185,"column":5}},"loc":{"start":{"line":1185,"column":18},"end":{"line":1190,"column":5}},"line":1185},"120":{"name":"(anonymous_120)","decl":{"start":{"line":1196,"column":4},"end":{"line":1196,"column":5}},"loc":{"start":{"line":1196,"column":17},"end":{"line":1198,"column":5}},"line":1196},"121":{"name":"(anonymous_121)","decl":{"start":{"line":1200,"column":4},"end":{"line":1200,"column":5}},"loc":{"start":{"line":1200,"column":20},"end":{"line":1205,"column":5}},"line":1200},"122":{"name":"(anonymous_122)","decl":{"start":{"line":1203,"column":22},"end":{"line":1203,"column":23}},"loc":{"start":{"line":1203,"column":32},"end":{"line":1203,"column":83}},"line":1203},"123":{"name":"(anonymous_123)","decl":{"start":{"line":1207,"column":4},"end":{"line":1207,"column":5}},"loc":{"start":{"line":1207,"column":21},"end":{"line":1225,"column":5}},"line":1207},"124":{"name":"(anonymous_124)","decl":{"start":{"line":1227,"column":4},"end":{"line":1227,"column":5}},"loc":{"start":{"line":1227,"column":11},"end":{"line":1230,"column":5}},"line":1227},"125":{"name":"(anonymous_125)","decl":{"start":{"line":1232,"column":4},"end":{"line":1232,"column":5}},"loc":{"start":{"line":1232,"column":11},"end":{"line":1234,"column":5}},"line":1232},"126":{"name":"(anonymous_126)","decl":{"start":{"line":1236,"column":4},"end":{"line":1236,"column":5}},"loc":{"start":{"line":1236,"column":29},"end":{"line":1260,"column":5}},"line":1236},"127":{"name":"(anonymous_127)","decl":{"start":{"line":1237,"column":57},"end":{"line":1237,"column":58}},"loc":{"start":{"line":1237,"column":70},"end":{"line":1240,"column":9}},"line":1237},"128":{"name":"(anonymous_128)","decl":{"start":{"line":1243,"column":28},"end":{"line":1243,"column":29}},"loc":{"start":{"line":1243,"column":34},"end":{"line":1243,"column":94}},"line":1243},"129":{"name":"(anonymous_129)","decl":{"start":{"line":1248,"column":47},"end":{"line":1248,"column":48}},"loc":{"start":{"line":1248,"column":60},"end":{"line":1259,"column":9}},"line":1248},"130":{"name":"(anonymous_130)","decl":{"start":{"line":1262,"column":4},"end":{"line":1262,"column":5}},"loc":{"start":{"line":1262,"column":12},"end":{"line":1264,"column":5}},"line":1262},"131":{"name":"(anonymous_131)","decl":{"start":{"line":1266,"column":4},"end":{"line":1266,"column":5}},"loc":{"start":{"line":1266,"column":21},"end":{"line":1270,"column":5}},"line":1266},"132":{"name":"(anonymous_132)","decl":{"start":{"line":1272,"column":4},"end":{"line":1272,"column":5}},"loc":{"start":{"line":1272,"column":22},"end":{"line":1275,"column":5}},"line":1272},"133":{"name":"(anonymous_133)","decl":{"start":{"line":1277,"column":4},"end":{"line":1277,"column":5}},"loc":{"start":{"line":1277,"column":14},"end":{"line":1279,"column":5}},"line":1277}},"branchMap":{"0":{"loc":{"start":{"line":59,"column":8},"end":{"line":61,"column":9}},"type":"if","locations":[{"start":{"line":59,"column":8},"end":{"line":61,"column":9}},{"start":{},"end":{}}],"line":59},"1":{"loc":{"start":{"line":87,"column":8},"end":{"line":93,"column":9}},"type":"if","locations":[{"start":{"line":87,"column":8},"end":{"line":93,"column":9}},{"start":{"line":89,"column":15},"end":{"line":93,"column":9}}],"line":87},"2":{"loc":{"start":{"line":89,"column":15},"end":{"line":93,"column":9}},"type":"if","locations":[{"start":{"line":89,"column":15},"end":{"line":93,"column":9}},{"start":{"line":91,"column":15},"end":{"line":93,"column":9}}],"line":89},"3":{"loc":{"start":{"line":144,"column":44},"end":{"line":144,"column":91}},"type":"binary-expr","locations":[{"start":{"line":144,"column":44},"end":{"line":144,"column":85}},{"start":{"line":144,"column":89},"end":{"line":144,"column":91}}],"line":144},"4":{"loc":{"start":{"line":145,"column":37},"end":{"line":145,"column":77}},"type":"binary-expr","locations":[{"start":{"line":145,"column":37},"end":{"line":145,"column":71}},{"start":{"line":145,"column":75},"end":{"line":145,"column":77}}],"line":145},"5":{"loc":{"start":{"line":146,"column":40},"end":{"line":146,"column":85}},"type":"binary-expr","locations":[{"start":{"line":146,"column":40},"end":{"line":146,"column":77}},{"start":{"line":146,"column":81},"end":{"line":146,"column":85}}],"line":146},"6":{"loc":{"start":{"line":147,"column":38},"end":{"line":147,"column":81}},"type":"binary-expr","locations":[{"start":{"line":147,"column":38},"end":{"line":147,"column":73}},{"start":{"line":147,"column":77},"end":{"line":147,"column":81}}],"line":147},"7":{"loc":{"start":{"line":148,"column":57},"end":{"line":148,"column":135}},"type":"binary-expr","locations":[{"start":{"line":148,"column":57},"end":{"line":148,"column":129}},{"start":{"line":148,"column":133},"end":{"line":148,"column":135}}],"line":148},"8":{"loc":{"start":{"line":165,"column":36},"end":{"line":165,"column":118}},"type":"binary-expr","locations":[{"start":{"line":165,"column":36},"end":{"line":165,"column":112}},{"start":{"line":165,"column":116},"end":{"line":165,"column":118}}],"line":165},"9":{"loc":{"start":{"line":165,"column":48},"end":{"line":165,"column":86}},"type":"binary-expr","locations":[{"start":{"line":165,"column":48},"end":{"line":165,"column":80}},{"start":{"line":165,"column":84},"end":{"line":165,"column":86}}],"line":165},"10":{"loc":{"start":{"line":281,"column":52},"end":{"line":281,"column":90}},"type":"binary-expr","locations":[{"start":{"line":281,"column":52},"end":{"line":281,"column":84}},{"start":{"line":281,"column":88},"end":{"line":281,"column":90}}],"line":281},"11":{"loc":{"start":{"line":407,"column":22},"end":{"line":407,"column":62}},"type":"binary-expr","locations":[{"start":{"line":407,"column":22},"end":{"line":407,"column":56}},{"start":{"line":407,"column":60},"end":{"line":407,"column":62}}],"line":407},"12":{"loc":{"start":{"line":413,"column":38},"end":{"line":413,"column":67}},"type":"binary-expr","locations":[{"start":{"line":413,"column":38},"end":{"line":413,"column":61}},{"start":{"line":413,"column":65},"end":{"line":413,"column":67}}],"line":413},"13":{"loc":{"start":{"line":414,"column":43},"end":{"line":414,"column":85}},"type":"binary-expr","locations":[{"start":{"line":414,"column":43},"end":{"line":414,"column":72}},{"start":{"line":414,"column":76},"end":{"line":414,"column":85}}],"line":414},"14":{"loc":{"start":{"line":446,"column":8},"end":{"line":450,"column":9}},"type":"if","locations":[{"start":{"line":446,"column":8},"end":{"line":450,"column":9}},{"start":{},"end":{}}],"line":446},"15":{"loc":{"start":{"line":454,"column":35},"end":{"line":454,"column":104}},"type":"binary-expr","locations":[{"start":{"line":454,"column":35},"end":{"line":454,"column":98}},{"start":{"line":454,"column":102},"end":{"line":454,"column":104}}],"line":454},"16":{"loc":{"start":{"line":460,"column":44},"end":{"line":460,"column":99}},"type":"binary-expr","locations":[{"start":{"line":460,"column":44},"end":{"line":460,"column":69}},{"start":{"line":460,"column":73},"end":{"line":460,"column":99}}],"line":460},"17":{"loc":{"start":{"line":461,"column":47},"end":{"line":461,"column":105}},"type":"binary-expr","locations":[{"start":{"line":461,"column":47},"end":{"line":461,"column":75}},{"start":{"line":461,"column":79},"end":{"line":461,"column":105}}],"line":461},"18":{"loc":{"start":{"line":488,"column":39},"end":{"line":488,"column":67}},"type":"binary-expr","locations":[{"start":{"line":488,"column":39},"end":{"line":488,"column":59}},{"start":{"line":488,"column":63},"end":{"line":488,"column":67}}],"line":488},"19":{"loc":{"start":{"line":489,"column":8},"end":{"line":491,"column":9}},"type":"if","locations":[{"start":{"line":489,"column":8},"end":{"line":491,"column":9}},{"start":{},"end":{}}],"line":489},"20":{"loc":{"start":{"line":492,"column":37},"end":{"line":492,"column":63}},"type":"binary-expr","locations":[{"start":{"line":492,"column":37},"end":{"line":492,"column":55}},{"start":{"line":492,"column":59},"end":{"line":492,"column":63}}],"line":492},"21":{"loc":{"start":{"line":493,"column":8},"end":{"line":495,"column":9}},"type":"if","locations":[{"start":{"line":493,"column":8},"end":{"line":495,"column":9}},{"start":{},"end":{}}],"line":493},"22":{"loc":{"start":{"line":520,"column":16},"end":{"line":520,"column":86}},"type":"binary-expr","locations":[{"start":{"line":520,"column":16},"end":{"line":520,"column":43}},{"start":{"line":520,"column":47},"end":{"line":520,"column":86}}],"line":520},"23":{"loc":{"start":{"line":523,"column":20},"end":{"line":523,"column":83}},"type":"binary-expr","locations":[{"start":{"line":523,"column":20},"end":{"line":523,"column":49}},{"start":{"line":523,"column":53},"end":{"line":523,"column":83}}],"line":523},"24":{"loc":{"start":{"line":530,"column":20},"end":{"line":532,"column":80}},"type":"cond-expr","locations":[{"start":{"line":531,"column":24},"end":{"line":531,"column":84}},{"start":{"line":532,"column":24},"end":{"line":532,"column":80}}],"line":530},"25":{"loc":{"start":{"line":540,"column":24},"end":{"line":540,"column":98}},"type":"binary-expr","locations":[{"start":{"line":540,"column":24},"end":{"line":540,"column":50}},{"start":{"line":540,"column":54},"end":{"line":540,"column":98}}],"line":540},"26":{"loc":{"start":{"line":543,"column":20},"end":{"line":543,"column":100}},"type":"cond-expr","locations":[{"start":{"line":543,"column":51},"end":{"line":543,"column":75}},{"start":{"line":543,"column":78},"end":{"line":543,"column":100}}],"line":543},"27":{"loc":{"start":{"line":552,"column":20},"end":{"line":556,"column":21}},"type":"if","locations":[{"start":{"line":552,"column":20},"end":{"line":556,"column":21}},{"start":{"line":554,"column":27},"end":{"line":556,"column":21}}],"line":552},"28":{"loc":{"start":{"line":560,"column":20},"end":{"line":561,"column":56}},"type":"binary-expr","locations":[{"start":{"line":560,"column":20},"end":{"line":560,"column":45}},{"start":{"line":560,"column":49},"end":{"line":560,"column":76}},{"start":{"line":561,"column":20},"end":{"line":561,"column":56}}],"line":560},"29":{"loc":{"start":{"line":564,"column":20},"end":{"line":576,"column":21}},"type":"if","locations":[{"start":{"line":564,"column":20},"end":{"line":576,"column":21}},{"start":{"line":566,"column":27},"end":{"line":576,"column":21}}],"line":564},"30":{"loc":{"start":{"line":565,"column":31},"end":{"line":565,"column":92}},"type":"cond-expr","locations":[{"start":{"line":565,"column":54},"end":{"line":565,"column":70}},{"start":{"line":565,"column":73},"end":{"line":565,"column":92}}],"line":565},"31":{"loc":{"start":{"line":566,"column":27},"end":{"line":576,"column":21}},"type":"if","locations":[{"start":{"line":566,"column":27},"end":{"line":576,"column":21}},{"start":{"line":568,"column":27},"end":{"line":576,"column":21}}],"line":566},"32":{"loc":{"start":{"line":568,"column":27},"end":{"line":576,"column":21}},"type":"if","locations":[{"start":{"line":568,"column":27},"end":{"line":576,"column":21}},{"start":{"line":570,"column":27},"end":{"line":576,"column":21}}],"line":568},"33":{"loc":{"start":{"line":571,"column":24},"end":{"line":575,"column":25}},"type":"if","locations":[{"start":{"line":571,"column":24},"end":{"line":575,"column":25}},{"start":{"line":573,"column":31},"end":{"line":575,"column":25}}],"line":571},"34":{"loc":{"start":{"line":571,"column":28},"end":{"line":571,"column":84}},"type":"binary-expr","locations":[{"start":{"line":571,"column":28},"end":{"line":571,"column":54}},{"start":{"line":571,"column":58},"end":{"line":571,"column":84}}],"line":571},"35":{"loc":{"start":{"line":579,"column":20},"end":{"line":587,"column":21}},"type":"if","locations":[{"start":{"line":579,"column":20},"end":{"line":587,"column":21}},{"start":{"line":581,"column":27},"end":{"line":587,"column":21}}],"line":579},"36":{"loc":{"start":{"line":581,"column":27},"end":{"line":587,"column":21}},"type":"if","locations":[{"start":{"line":581,"column":27},"end":{"line":587,"column":21}},{"start":{"line":583,"column":27},"end":{"line":587,"column":21}}],"line":581},"37":{"loc":{"start":{"line":583,"column":27},"end":{"line":587,"column":21}},"type":"if","locations":[{"start":{"line":583,"column":27},"end":{"line":587,"column":21}},{"start":{"line":585,"column":27},"end":{"line":587,"column":21}}],"line":583},"38":{"loc":{"start":{"line":590,"column":20},"end":{"line":591,"column":85}},"type":"binary-expr","locations":[{"start":{"line":590,"column":21},"end":{"line":590,"column":48}},{"start":{"line":590,"column":52},"end":{"line":590,"column":88}},{"start":{"line":591,"column":20},"end":{"line":591,"column":85}}],"line":590},"39":{"loc":{"start":{"line":620,"column":38},"end":{"line":620,"column":70}},"type":"cond-expr","locations":[{"start":{"line":620,"column":62},"end":{"line":620,"column":64}},{"start":{"line":620,"column":67},"end":{"line":620,"column":70}}],"line":620},"40":{"loc":{"start":{"line":631,"column":20},"end":{"line":632,"column":48}},"type":"cond-expr","locations":[{"start":{"line":632,"column":24},"end":{"line":632,"column":35}},{"start":{"line":632,"column":38},"end":{"line":632,"column":48}}],"line":631},"41":{"loc":{"start":{"line":631,"column":20},"end":{"line":631,"column":90}},"type":"binary-expr","locations":[{"start":{"line":631,"column":20},"end":{"line":631,"column":46}},{"start":{"line":631,"column":50},"end":{"line":631,"column":90}}],"line":631},"42":{"loc":{"start":{"line":635,"column":20},"end":{"line":635,"column":94}},"type":"binary-expr","locations":[{"start":{"line":635,"column":20},"end":{"line":635,"column":47}},{"start":{"line":635,"column":51},"end":{"line":635,"column":94}}],"line":635},"43":{"loc":{"start":{"line":647,"column":20},"end":{"line":647,"column":97}},"type":"binary-expr","locations":[{"start":{"line":647,"column":20},"end":{"line":647,"column":58}},{"start":{"line":647,"column":62},"end":{"line":647,"column":97}}],"line":647},"44":{"loc":{"start":{"line":650,"column":20},"end":{"line":651,"column":41}},"type":"cond-expr","locations":[{"start":{"line":651,"column":24},"end":{"line":651,"column":36}},{"start":{"line":651,"column":39},"end":{"line":651,"column":41}}],"line":650},"45":{"loc":{"start":{"line":655,"column":20},"end":{"line":663,"column":21}},"type":"if","locations":[{"start":{"line":655,"column":20},"end":{"line":663,"column":21}},{"start":{"line":657,"column":27},"end":{"line":663,"column":21}}],"line":655},"46":{"loc":{"start":{"line":657,"column":27},"end":{"line":663,"column":21}},"type":"if","locations":[{"start":{"line":657,"column":27},"end":{"line":663,"column":21}},{"start":{"line":659,"column":27},"end":{"line":663,"column":21}}],"line":657},"47":{"loc":{"start":{"line":659,"column":27},"end":{"line":663,"column":21}},"type":"if","locations":[{"start":{"line":659,"column":27},"end":{"line":663,"column":21}},{"start":{"line":661,"column":27},"end":{"line":663,"column":21}}],"line":659},"48":{"loc":{"start":{"line":672,"column":20},"end":{"line":675,"column":21}},"type":"if","locations":[{"start":{"line":672,"column":20},"end":{"line":675,"column":21}},{"start":{},"end":{}}],"line":672},"49":{"loc":{"start":{"line":680,"column":20},"end":{"line":683,"column":34}},"type":"cond-expr","locations":[{"start":{"line":682,"column":24},"end":{"line":682,"column":35}},{"start":{"line":683,"column":24},"end":{"line":683,"column":34}}],"line":680},"50":{"loc":{"start":{"line":680,"column":20},"end":{"line":681,"column":95}},"type":"binary-expr","locations":[{"start":{"line":680,"column":21},"end":{"line":680,"column":48}},{"start":{"line":680,"column":52},"end":{"line":680,"column":91}},{"start":{"line":681,"column":21},"end":{"line":681,"column":94}}],"line":680},"51":{"loc":{"start":{"line":686,"column":20},"end":{"line":687,"column":69}},"type":"binary-expr","locations":[{"start":{"line":686,"column":20},"end":{"line":686,"column":60}},{"start":{"line":686,"column":64},"end":{"line":686,"column":98}},{"start":{"line":687,"column":20},"end":{"line":687,"column":69}}],"line":686},"52":{"loc":{"start":{"line":692,"column":20},"end":{"line":694,"column":21}},"type":"if","locations":[{"start":{"line":692,"column":20},"end":{"line":694,"column":21}},{"start":{},"end":{}}],"line":692},"53":{"loc":{"start":{"line":695,"column":20},"end":{"line":719,"column":21}},"type":"switch","locations":[{"start":{"line":696,"column":24},"end":{"line":696,"column":32}},{"start":{"line":697,"column":24},"end":{"line":698,"column":48}},{"start":{"line":699,"column":24},"end":{"line":700,"column":57}},{"start":{"line":701,"column":24},"end":{"line":702,"column":56}},{"start":{"line":703,"column":24},"end":{"line":704,"column":56}},{"start":{"line":705,"column":24},"end":{"line":706,"column":58}},{"start":{"line":707,"column":24},"end":{"line":707,"column":40}},{"start":{"line":708,"column":24},"end":{"line":709,"column":58}},{"start":{"line":710,"column":24},"end":{"line":710,"column":40}},{"start":{"line":711,"column":24},"end":{"line":712,"column":58}},{"start":{"line":713,"column":24},"end":{"line":714,"column":60}},{"start":{"line":715,"column":24},"end":{"line":716,"column":56}},{"start":{"line":717,"column":24},"end":{"line":718,"column":53}}],"line":695},"54":{"loc":{"start":{"line":722,"column":20},"end":{"line":724,"column":21}},"type":"if","locations":[{"start":{"line":722,"column":20},"end":{"line":724,"column":21}},{"start":{},"end":{}}],"line":722},"55":{"loc":{"start":{"line":725,"column":20},"end":{"line":749,"column":21}},"type":"switch","locations":[{"start":{"line":726,"column":24},"end":{"line":726,"column":32}},{"start":{"line":727,"column":24},"end":{"line":728,"column":38}},{"start":{"line":729,"column":24},"end":{"line":730,"column":51}},{"start":{"line":731,"column":24},"end":{"line":732,"column":50}},{"start":{"line":733,"column":24},"end":{"line":734,"column":50}},{"start":{"line":735,"column":24},"end":{"line":736,"column":52}},{"start":{"line":737,"column":24},"end":{"line":737,"column":40}},{"start":{"line":738,"column":24},"end":{"line":739,"column":53}},{"start":{"line":740,"column":24},"end":{"line":740,"column":40}},{"start":{"line":741,"column":24},"end":{"line":742,"column":50}},{"start":{"line":743,"column":24},"end":{"line":744,"column":54}},{"start":{"line":745,"column":24},"end":{"line":746,"column":46}},{"start":{"line":747,"column":24},"end":{"line":748,"column":47}}],"line":725},"56":{"loc":{"start":{"line":764,"column":31},"end":{"line":764,"column":49}},"type":"default-arg","locations":[{"start":{"line":764,"column":44},"end":{"line":764,"column":49}}],"line":764},"57":{"loc":{"start":{"line":777,"column":24},"end":{"line":779,"column":25}},"type":"if","locations":[{"start":{"line":777,"column":24},"end":{"line":779,"column":25}},{"start":{},"end":{}}],"line":777},"58":{"loc":{"start":{"line":783,"column":20},"end":{"line":783,"column":60}},"type":"cond-expr","locations":[{"start":{"line":783,"column":47},"end":{"line":783,"column":52}},{"start":{"line":783,"column":55},"end":{"line":783,"column":60}}],"line":783},"59":{"loc":{"start":{"line":786,"column":20},"end":{"line":788,"column":21}},"type":"if","locations":[{"start":{"line":786,"column":20},"end":{"line":788,"column":21}},{"start":{},"end":{}}],"line":786},"60":{"loc":{"start":{"line":786,"column":24},"end":{"line":786,"column":69}},"type":"binary-expr","locations":[{"start":{"line":786,"column":24},"end":{"line":786,"column":39}},{"start":{"line":786,"column":43},"end":{"line":786,"column":69}}],"line":786},"61":{"loc":{"start":{"line":796,"column":20},"end":{"line":798,"column":21}},"type":"if","locations":[{"start":{"line":796,"column":20},"end":{"line":798,"column":21}},{"start":{},"end":{}}],"line":796},"62":{"loc":{"start":{"line":802,"column":20},"end":{"line":808,"column":21}},"type":"if","locations":[{"start":{"line":802,"column":20},"end":{"line":808,"column":21}},{"start":{"line":804,"column":27},"end":{"line":808,"column":21}}],"line":802},"63":{"loc":{"start":{"line":802,"column":24},"end":{"line":802,"column":51}},"type":"binary-expr","locations":[{"start":{"line":802,"column":24},"end":{"line":802,"column":34}},{"start":{"line":802,"column":38},"end":{"line":802,"column":51}}],"line":802},"64":{"loc":{"start":{"line":804,"column":27},"end":{"line":808,"column":21}},"type":"if","locations":[{"start":{"line":804,"column":27},"end":{"line":808,"column":21}},{"start":{"line":806,"column":27},"end":{"line":808,"column":21}}],"line":804},"65":{"loc":{"start":{"line":814,"column":20},"end":{"line":816,"column":21}},"type":"if","locations":[{"start":{"line":814,"column":20},"end":{"line":816,"column":21}},{"start":{},"end":{}}],"line":814},"66":{"loc":{"start":{"line":814,"column":24},"end":{"line":814,"column":51}},"type":"binary-expr","locations":[{"start":{"line":814,"column":24},"end":{"line":814,"column":34}},{"start":{"line":814,"column":38},"end":{"line":814,"column":51}}],"line":814},"67":{"loc":{"start":{"line":817,"column":20},"end":{"line":824,"column":21}},"type":"if","locations":[{"start":{"line":817,"column":20},"end":{"line":824,"column":21}},{"start":{"line":819,"column":27},"end":{"line":824,"column":21}}],"line":817},"68":{"loc":{"start":{"line":819,"column":27},"end":{"line":824,"column":21}},"type":"if","locations":[{"start":{"line":819,"column":27},"end":{"line":824,"column":21}},{"start":{"line":821,"column":27},"end":{"line":824,"column":21}}],"line":819},"69":{"loc":{"start":{"line":830,"column":20},"end":{"line":832,"column":21}},"type":"if","locations":[{"start":{"line":830,"column":20},"end":{"line":832,"column":21}},{"start":{},"end":{}}],"line":830},"70":{"loc":{"start":{"line":833,"column":20},"end":{"line":843,"column":21}},"type":"switch","locations":[{"start":{"line":834,"column":24},"end":{"line":835,"column":56}},{"start":{"line":836,"column":24},"end":{"line":840,"column":56}},{"start":{"line":841,"column":24},"end":{"line":842,"column":94}}],"line":833},"71":{"loc":{"start":{"line":837,"column":28},"end":{"line":839,"column":29}},"type":"if","locations":[{"start":{"line":837,"column":28},"end":{"line":839,"column":29}},{"start":{},"end":{}}],"line":837},"72":{"loc":{"start":{"line":863,"column":20},"end":{"line":865,"column":21}},"type":"if","locations":[{"start":{"line":863,"column":20},"end":{"line":865,"column":21}},{"start":{},"end":{}}],"line":863},"73":{"loc":{"start":{"line":866,"column":20},"end":{"line":873,"column":21}},"type":"switch","locations":[{"start":{"line":867,"column":24},"end":{"line":868,"column":38}},{"start":{"line":869,"column":24},"end":{"line":870,"column":55}},{"start":{"line":871,"column":24},"end":{"line":872,"column":51}}],"line":866},"74":{"loc":{"start":{"line":878,"column":20},"end":{"line":878,"column":135}},"type":"binary-expr","locations":[{"start":{"line":878,"column":20},"end":{"line":878,"column":46}},{"start":{"line":878,"column":50},"end":{"line":878,"column":88}},{"start":{"line":878,"column":92},"end":{"line":878,"column":135}}],"line":878},"75":{"loc":{"start":{"line":881,"column":20},"end":{"line":881,"column":88}},"type":"binary-expr","locations":[{"start":{"line":881,"column":20},"end":{"line":881,"column":46}},{"start":{"line":881,"column":50},"end":{"line":881,"column":88}}],"line":881},"76":{"loc":{"start":{"line":884,"column":20},"end":{"line":885,"column":48}},"type":"cond-expr","locations":[{"start":{"line":885,"column":24},"end":{"line":885,"column":35}},{"start":{"line":885,"column":38},"end":{"line":885,"column":48}}],"line":884},"77":{"loc":{"start":{"line":884,"column":20},"end":{"line":884,"column":90}},"type":"binary-expr","locations":[{"start":{"line":884,"column":20},"end":{"line":884,"column":46}},{"start":{"line":884,"column":50},"end":{"line":884,"column":90}}],"line":884},"78":{"loc":{"start":{"line":888,"column":20},"end":{"line":906,"column":21}},"type":"switch","locations":[{"start":{"line":889,"column":24},"end":{"line":889,"column":73}},{"start":{"line":890,"column":24},"end":{"line":890,"column":88}},{"start":{"line":891,"column":24},"end":{"line":891,"column":90}},{"start":{"line":892,"column":24},"end":{"line":892,"column":86}},{"start":{"line":893,"column":24},"end":{"line":894,"column":70}},{"start":{"line":895,"column":24},"end":{"line":896,"column":66}},{"start":{"line":897,"column":24},"end":{"line":898,"column":69}},{"start":{"line":899,"column":24},"end":{"line":900,"column":69}},{"start":{"line":901,"column":24},"end":{"line":902,"column":68}},{"start":{"line":903,"column":24},"end":{"line":903,"column":84}},{"start":{"line":904,"column":24},"end":{"line":904,"column":111}},{"start":{"line":905,"column":24},"end":{"line":905,"column":46}}],"line":888},"79":{"loc":{"start":{"line":909,"column":20},"end":{"line":949,"column":21}},"type":"switch","locations":[{"start":{"line":910,"column":24},"end":{"line":910,"column":50}},{"start":{"line":911,"column":24},"end":{"line":911,"column":49}},{"start":{"line":912,"column":24},"end":{"line":912,"column":49}},{"start":{"line":913,"column":24},"end":{"line":913,"column":45}},{"start":{"line":914,"column":24},"end":{"line":916,"column":34}},{"start":{"line":917,"column":24},"end":{"line":919,"column":34}},{"start":{"line":920,"column":24},"end":{"line":924,"column":34}},{"start":{"line":925,"column":24},"end":{"line":928,"column":34}},{"start":{"line":929,"column":24},"end":{"line":932,"column":34}},{"start":{"line":934,"column":24},"end":{"line":937,"column":34}},{"start":{"line":938,"column":24},"end":{"line":940,"column":35}},{"start":{"line":941,"column":24},"end":{"line":943,"column":35}},{"start":{"line":944,"column":24},"end":{"line":946,"column":35}},{"start":{"line":947,"column":24},"end":{"line":947,"column":32}}],"line":909},"80":{"loc":{"start":{"line":962,"column":20},"end":{"line":964,"column":21}},"type":"if","locations":[{"start":{"line":962,"column":20},"end":{"line":964,"column":21}},{"start":{},"end":{}}],"line":962},"81":{"loc":{"start":{"line":962,"column":24},"end":{"line":962,"column":72}},"type":"binary-expr","locations":[{"start":{"line":962,"column":24},"end":{"line":962,"column":32}},{"start":{"line":962,"column":36},"end":{"line":962,"column":51}},{"start":{"line":962,"
[...]
olumn":8},"end":{"line":75,"column":11}},"36":{"start":{"line":61,"column":12},"end":{"line":61,"column":68}},"37":{"start":{"line":62,"column":12},"end":{"line":62,"column":28}},"38":{"start":{"line":63,"column":12},"end":{"line":73,"column":14}},"39":{"start":{"line":66,"column":68},"end":{"line":66,"column":74}},"40":{"start":{"line":67,"column":75},"end":{"line":67,"column":89}},"41":{"start":{"line":67,"column":100},"end":{"line":67,"column":106}},"42":{"start":{"line":74,"column":12},"end":{"line":74,"column":22}},"43":{"start":{"line":79,"column":8},"end":{"line":79,"column":44}},"44":{"start":{"line":80,"column":8},"end":{"line":80,"column":63}},"45":{"start":{"line":81,"column":21},"end":{"line":81,"column":54}},"46":{"start":{"line":82,"column":8},"end":{"line":86,"column":9}},"47":{"start":{"line":83,"column":12},"end":{"line":83,"column":105}},"48":{"start":{"line":85,"column":12},"end":{"line":85,"column":121}},"49":{"start":{"line":87,"column":8},"end":{"line":87,"column":24}},"50":{"start":{"line":88,"column":8},"end":{"line":100,"column":11}},"51":{"start":{"line":89,"column":12},"end":{"line":98,"column":14}},"52":{"start":{"line":93,"column":68},"end":{"line":93,"column":74}},"53":{"start":{"line":94,"column":75},"end":{"line":94,"column":89}},"54":{"start":{"line":94,"column":100},"end":{"line":94,"column":106}},"55":{"start":{"line":99,"column":12},"end":{"line":99,"column":22}}},"fnMap":{"0":{"name":"(anonymous_0)","decl":{"start":{"line":5,"column":4},"end":{"line":5,"column":5}},"loc":{"start":{"line":5,"column":16},"end":{"line":40,"column":5}},"line":5},"1":{"name":"(anonymous_1)","decl":{"start":{"line":42,"column":4},"end":{"line":42,"column":5}},"loc":{"start":{"line":42,"column":20},"end":{"line":76,"column":5}},"line":42},"2":{"name":"(anonymous_2)","decl":{"start":{"line":46,"column":62},"end":{"line":46,"column":63}},"loc":{"start":{"line":46,"column":70},"end":{"line":46,"column":82}},"line":46},"3":{"name":"(anonymous_3)","decl":{"start":{"line":60,"column":27},"end":{"line":60,"column":28}},"loc":{"start":{"line":60,"column":48},"end":{"line":75,"column":9}},"line":60},"4":{"name":"(anonymous_4)","decl":{"start":{"line":66,"column":63},"end":{"line":66,"column":64}},"loc":{"start":{"line":66,"column":68},"end":{"line":66,"column":74}},"line":66},"5":{"name":"(anonymous_5)","decl":{"start":{"line":67,"column":70},"end":{"line":67,"column":71}},"loc":{"start":{"line":67,"column":75},"end":{"line":67,"column":89}},"line":67},"6":{"name":"(anonymous_6)","decl":{"start":{"line":67,"column":95},"end":{"line":67,"column":96}},"loc":{"start":{"line":67,"column":100},"end":{"line":67,"column":106}},"line":67},"7":{"name":"(anonymous_7)","decl":{"start":{"line":78,"column":4},"end":{"line":78,"column":5}},"loc":{"start":{"line":78,"column":19},"end":{"line":101,"column":5}},"line":78},"8":{"name":"(anonymous_8)","decl":{"start":{"line":88,"column":27},"end":{"line":88,"column":28}},"loc":{"start":{"line":88,"column":48},"end":{"line":100,"column":9}},"line":88},"9":{"name":"(anonymous_9)","decl":{"start":{"line":93,"column":63},"end":{"line":93,"column":64}},"loc":{"start":{"line":93,"column":68},"end":{"line":93,"column":74}},"line":93},"10":{"name":"(anonymous_10)","decl":{"start":{"line":94,"column":70},"end":{"line":94,"column":71}},"loc":{"start":{"line":94,"column":75},"end":{"line":94,"column":89}},"line":94},"11":{"name":"(anonymous_11)","decl":{"start":{"line":94,"column":95},"end":{"line":94,"column":96}},"loc":{"start":{"line":94,"column":100},"end":{"line":94,"column":106}},"line":94}},"branchMap":{"0":{"loc":{"start":{"line":9,"column":8},"end":{"line":11,"column":9}},"type":"if","locations":[{"start":{"line":9,"column":8},"end":{"line":11,"column":9}},{"start":{},"end":{}}],"line":9},"1":{"loc":{"start":{"line":26,"column":8},"end":{"line":28,"column":9}},"type":"if","locations":[{"start":{"line":26,"column":8},"end":{"line":28,"column":9}},{"start":{},"end":{}}],"line":26},"2":{"loc":{"start":{"line":57,"column":8},"end":{"line":59,"column":9}},"type":"if","locations":[{"start":{"line":57,"column":8},"end":{"line":59,"column":9}},{"start":{},"end":{}}],"line":57},"3":{"loc":{"start":{"line":82,"column":8},"end":{"line":86,"column":9}},"type":"if","locations":[{"start":{"line":82,"column":8},"end":{"line":86,"column":9}},{"start":{"line":84,"column":15},"end":{"line":86,"column":9}}],"line":82},"4":{"loc":{"start":{"line":82,"column":12},"end":{"line":82,"column":60}},"type":"binary-expr","locations":[{"start":{"line":82,"column":12},"end":{"line":82,"column":33}},{"start":{"line":82,"column":37},"end":{"line":82,"column":60}}],"line":82}},"s":{"0":0,"1":0,"2":0,"3":0,"4":0,"5":0,"6":0,"7":0,"8":0,"9":0,"10":0,"11":0,"12":0,"13":0,"14":0,"15":0,"16":0,"17":0,"18":0,"19":0,"20":0,"21":0,"22":0,"23":0,"24":0,"25":0,"26":0,"27":0,"28":0,"29":0,"30":0,"31":0,"32":0,"33":0,"34":0,"35":0,"36":0,"37":0,"38":0,"39":0,"40":0,"41":0,"42":0,"43":0,"44":0,"45":0,"46":0,"47":0,"48":0,"49":0,"50":0,"51":0,"52":0,"53":0,"54":0,"55":0},"f":{"0":0,"1":0,"2":0,"3":0,"4":0,"5":0,"6":0,"7":0,"8":0,"9":0,"10":0,"11":0},"b":{"0":[0,0],"1":[0,0],"2":[0,0],"3":[0,0],"4":[0,0]},"_coverageSchema":"1a1c01bbd47fc00a2c39e90264f33305004495a9","hash":"79f1f56e277c95e083c7132a080d19afeebf1d78"}
,"/home/runner/work/blockpy/blockpy/src/engine/sample.js": {"path":"/home/runner/work/blockpy/blockpy/src/engine/sample.js","statementMap":{"0":{"start":{"line":5,"column":8},"end":{"line":5,"column":26}},"1":{"start":{"line":7,"column":8},"end":{"line":7,"column":36}},"2":{"start":{"line":8,"column":8},"end":{"line":8,"column":46}},"3":{"start":{"line":10,"column":8},"end":{"line":10,"column":20}}},"fnMap":{"0":{"name":"(anonymous_0)","decl":{"start":{"line":4,"column":4},"end":{"line":4,"column":5}},"loc":{"start":{"line":4,"column":16},"end":{"line":11,"column":5}},"line":4}},"branchMap":{},"s":{"0":0,"1":0,"2":0,"3":0},"f":{"0":0},"b":{},"_coverageSchema":"1a1c01bbd47fc00a2c39e90264f33305004495a9","hash":"2626dbbd5292f2decbe5e13df3db62cfb62098e2"}
,"/home/runner/work/blockpy/blockpy/src/engine/student.js": {"path":"/home/runner/work/blockpy/blockpy/src/engine/student.js","statementMap":{"0":{"start":{"line":5,"column":8},"end":{"line":5,"column":26}},"1":{"start":{"line":7,"column":23},"end":{"line":7,"column":47}},"2":{"start":{"line":8,"column":8},"end":{"line":9,"column":83}},"3":{"start":{"line":9,"column":12},"end":{"line":9,"column":82}},"4":{"start":{"line":10,"column":8},"end":{"line":10,"column":46}},"5":{"start":{"line":12,"column":8},"end":{"line":12,"column":55}},"6":{"start":{"line":15,"column":8},"end":{"line":15,"column":51}},"7":{"start":{"line":20,"column":8},"end":{"line":20,"column":76}},"8":{"start":{"line":22,"column":8},"end":{"line":22,"column":20}},"9":{"start":{"line":26,"column":20},"end":{"line":26,"column":81}},"10":{"start":{"line":28,"column":8},"end":{"line":36,"column":9}},"11":{"start":{"line":29,"column":12},"end":{"line":33,"column":13}},"12":{"start":{"line":30,"column":16},"end":{"line":30,"column":58}},"13":{"start":{"line":32,"column":16},"end":{"line":32,"column":76}},"14":{"start":{"line":35,"column":12},"end":{"line":35,"column":36}},"15":{"start":{"line":40,"column":8},"end":{"line":55,"column":9}},"16":{"start":{"line":41,"column":12},"end":{"line":41,"column":60}},"17":{"start":{"line":42,"column":15},"end":{"line":55,"column":9}},"18":{"start":{"line":43,"column":12},"end":{"line":43,"column":53}},"19":{"start":{"line":44,"column":15},"end":{"line":55,"column":9}},"20":{"start":{"line":45,"column":12},"end":{"line":45,"column":77}},"21":{"start":{"line":46,"column":15},"end":{"line":55,"column":9}},"22":{"start":{"line":47,"column":12},"end":{"line":47,"column":54}},"23":{"start":{"line":49,"column":24},"end":{"line":49,"column":85}},"24":{"start":{"line":50,"column":12},"end":{"line":54,"column":13}},"25":{"start":{"line":51,"column":16},"end":{"line":51,"column":81}},"26":{"start":{"line":53,"column":16},"end":{"line":53,"column":40}},"27":{"start":{"line":59,"column":8},"end":{"line":59,"column":65}},"28":{"start":{"line":63,"column":8},"end":{"line":65,"column":50}},"29":{"start":{"line":81,"column":8},"end":{"line":103,"column":9}},"30":{"start":{"line":85,"column":30},"end":{"line":85,"column":62}},"31":{"start":{"line":86,"column":12},"end":{"line":86,"column":87}},"32":{"start":{"line":90,"column":12},"end":{"line":100,"column":15}},"33":{"start":{"line":101,"column":12},"end":{"line":101,"column":63}},"34":{"start":{"line":102,"column":12},"end":{"line":102,"column":58}},"35":{"start":{"line":113,"column":24},"end":{"line":113,"column":49}},"36":{"start":{"line":114,"column":8},"end":{"line":114,"column":78}},"37":{"start":{"line":115,"column":8},"end":{"line":115,"column":72}},"38":{"start":{"line":116,"column":8},"end":{"line":116,"column":69}},"39":{"start":{"line":117,"column":8},"end":{"line":117,"column":72}},"40":{"start":{"line":118,"column":8},"end":{"line":118,"column":69}},"41":{"start":{"line":119,"column":8},"end":{"line":119,"column":77}},"42":{"start":{"line":123,"column":27},"end":{"line":123,"column":36}},"43":{"start":{"line":124,"column":24},"end":{"line":137,"column":9}},"44":{"start":{"line":125,"column":12},"end":{"line":127,"column":13}},"45":{"start":{"line":126,"column":16},"end":{"line":126,"column":46}},"46":{"start":{"line":128,"column":12},"end":{"line":130,"column":13}},"47":{"start":{"line":129,"column":16},"end":{"line":129,"column":71}},"48":{"start":{"line":129,"column":49},"end":{"line":129,"column":69}},"49":{"start":{"line":131,"column":12},"end":{"line":133,"column":13}},"50":{"start":{"line":132,"column":16},"end":{"line":132,"column":73}},"51":{"start":{"line":132,"column":51},"end":{"line":132,"column":71}},"52":{"start":{"line":134,"column":12},"end":{"line":136,"column":13}},"53":{"start":{"line":135,"column":16},"end":{"line":135,"column":76}},"54":{"start":{"line":135,"column":54},"end":{"line":135,"column":74}},"55":{"start":{"line":138,"column":8},"end":{"line":138,"column":23}},"56":{"start":{"line":139,"column":8},"end":{"line":139,"column":40}},"57":{"start":{"line":146,"column":21},"end":{"line":146,"column":54}},"58":{"start":{"line":148,"column":20},"end":{"line":148,"column":22}},"59":{"start":{"line":151,"column":8},"end":{"line":166,"column":9}},"60":{"start":{"line":152,"column":24},"end":{"line":152,"column":58}},"61":{"start":{"line":153,"column":12},"end":{"line":153,"column":73}},"62":{"start":{"line":154,"column":12},"end":{"line":154,"column":39}},"63":{"start":{"line":157,"column":12},"end":{"line":162,"column":14}},"64":{"start":{"line":163,"column":12},"end":{"line":163,"column":33}},"65":{"start":{"line":164,"column":12},"end":{"line":164,"column":50}},"66":{"start":{"line":165,"column":12},"end":{"line":165,"column":25}},"67":{"start":{"line":168,"column":8},"end":{"line":173,"column":10}},"68":{"start":{"line":174,"column":8},"end":{"line":174,"column":20}},"69":{"start":{"line":178,"column":21},"end":{"line":178,"column":54}},"70":{"start":{"line":179,"column":8},"end":{"line":183,"column":9}},"71":{"start":{"line":180,"column":12},"end":{"line":180,"column":92}},"72":{"start":{"line":182,"column":12},"end":{"line":182,"column":80}},"73":{"start":{"line":187,"column":21},"end":{"line":187,"column":54}},"74":{"start":{"line":188,"column":23},"end":{"line":188,"column":52}},"75":{"start":{"line":189,"column":8},"end":{"line":196,"column":9}},"76":{"start":{"line":190,"column":30},"end":{"line":190,"column":100}},"77":{"start":{"line":191,"column":26},"end":{"line":191,"column":78}},"78":{"start":{"line":192,"column":12},"end":{"line":192,"column":69}},"79":{"start":{"line":193,"column":12},"end":{"line":193,"column":114}},"80":{"start":{"line":194,"column":12},"end":{"line":194,"column":99}},"81":{"start":{"line":194,"column":36},"end":{"line":194,"column":97}},"82":{"start":{"line":195,"column":12},"end":{"line":195,"column":31}}},"fnMap":{"0":{"name":"(anonymous_0)","decl":{"start":{"line":4,"column":4},"end":{"line":4,"column":5}},"loc":{"start":{"line":4,"column":16},"end":{"line":23,"column":5}},"line":4},"1":{"name":"(anonymous_1)","decl":{"start":{"line":8,"column":31},"end":{"line":8,"column":32}},"loc":{"start":{"line":9,"column":12},"end":{"line":9,"column":82}},"line":9},"2":{"name":"(anonymous_2)","decl":{"start":{"line":25,"column":4},"end":{"line":25,"column":5}},"loc":{"start":{"line":25,"column":23},"end":{"line":37,"column":5}},"line":25},"3":{"name":"(anonymous_3)","decl":{"start":{"line":39,"column":4},"end":{"line":39,"column":5}},"loc":{"start":{"line":39,"column":25},"end":{"line":56,"column":5}},"line":39},"4":{"name":"(anonymous_4)","decl":{"start":{"line":58,"column":4},"end":{"line":58,"column":5}},"loc":{"start":{"line":58,"column":25},"end":{"line":60,"column":5}},"line":58},"5":{"name":"(anonymous_5)","decl":{"start":{"line":62,"column":4},"end":{"line":62,"column":5}},"loc":{"start":{"line":62,"column":26},"end":{"line":66,"column":5}},"line":62},"6":{"name":"(anonymous_6)","decl":{"start":{"line":80,"column":4},"end":{"line":80,"column":5}},"loc":{"start":{"line":80,"column":84},"end":{"line":104,"column":5}},"line":80},"7":{"name":"(anonymous_7)","decl":{"start":{"line":112,"column":4},"end":{"line":112,"column":5}},"loc":{"start":{"line":112,"column":15},"end":{"line":120,"column":5}},"line":112},"8":{"name":"(anonymous_8)","decl":{"start":{"line":122,"column":4},"end":{"line":122,"column":5}},"loc":{"start":{"line":122,"column":18},"end":{"line":140,"column":5}},"line":122},"9":{"name":"(anonymous_9)","decl":{"start":{"line":124,"column":24},"end":{"line":124,"column":25}},"loc":{"start":{"line":124,"column":34},"end":{"line":137,"column":9}},"line":124},"10":{"name":"(anonymous_10)","decl":{"start":{"line":129,"column":34},"end":{"line":129,"column":35}},"loc":{"start":{"line":129,"column":49},"end":{"line":129,"column":69}},"line":129},"11":{"name":"(anonymous_11)","decl":{"start":{"line":132,"column":36},"end":{"line":132,"column":37}},"loc":{"start":{"line":132,"column":51},"end":{"line":132,"column":71}},"line":132},"12":{"name":"(anonymous_12)","decl":{"start":{"line":135,"column":39},"end":{"line":135,"column":40}},"loc":{"start":{"line":135,"column":54},"end":{"line":135,"column":74}},"line":135},"13":{"name":"(anonymous_13)","decl":{"start":{"line":145,"column":4},"end":{"line":145,"column":5}},"loc":{"start":{"line":145,"column":18},"end":{"line":175,"column":5}},"line":145},"14":{"name":"(anonymous_14)","decl":{"start":{"line":177,"column":4},"end":{"line":177,"column":5}},"loc":{"start":{"line":177,"column":17},"end":{"line":184,"column":5}},"line":177},"15":{"name":"(anonymous_15)","decl":{"start":{"line":186,"column":4},"end":{"line":186,"column":5}},"loc":{"start":{"line":186,"column":25},"end":{"line":197,"column":5}},"line":186},"16":{"name":"(anonymous_16)","decl":{"start":{"line":194,"column":30},"end":{"line":194,"column":31}},"loc":{"start":{"line":194,"column":36},"end":{"line":194,"column":97}},"line":194}},"branchMap":{"0":{"loc":{"start":{"line":9,"column":12},"end":{"line":9,"column":82}},"type":"cond-expr","locations":[{"start":{"line":9,"column":67},"end":{"line":9,"column":75}},{"start":{"line":9,"column":78},"end":{"line":9,"column":82}}],"line":9},"1":{"loc":{"start":{"line":28,"column":8},"end":{"line":36,"column":9}},"type":"if","locations":[{"start":{"line":28,"column":8},"end":{"line":36,"column":9}},{"start":{"line":34,"column":15},"end":{"line":36,"column":9}}],"line":28},"2":{"loc":{"start":{"line":29,"column":12},"end":{"line":33,"column":13}},"type":"if","locations":[{"start":{"line":29,"column":12},"end":{"line":33,"column":13}},{"start":{"line":31,"column":19},"end":{"line":33,"column":13}}],"line":29},"3":{"loc":{"start":{"line":29,"column":16},"end":{"line":29,"column":83}},"type":"binary-expr","locations":[{"start":{"line":29,"column":16},"end":{"line":29,"column":31}},{"start":{"line":29,"column":35},"end":{"line":29,"column":83}}],"line":29},"4":{"loc":{"start":{"line":40,"column":8},"end":{"line":55,"column":9}},"type":"if","locations":[{"start":{"line":40,"column":8},"end":{"line":55,"column":9}},{"start":{"line":42,"column":15},"end":{"line":55,"column":9}}],"line":40},"5":{"loc":{"start":{"line":42,"column":15},"end":{"line":55,"column":9}},"type":"if","locations":[{"start":{"line":42,"column":15},"end":{"line":55,"column":9}},{"start":{"line":44,"column":15},"end":{"line":55,"column":9}}],"line":42},"6":{"loc":{"start":{"line":44,"column":15},"end":{"line":55,"column":9}},"type":"if","locations":[{"start":{"line":44,"column":15},"end":{"line":55,"column":9}},{"start":{"line":46,"column":15},"end":{"line":55,"column":9}}],"line":44},"7":{"loc":{"start":{"line":46,"column":15},"end":{"line":55,"column":9}},"type":"if","locations":[{"start":{"line":46,"column":15},"end":{"line":55,"column":9}},{"start":{"line":48,"column":15},"end":{"line":55,"column":9}}],"line":46},"8":{"loc":{"start":{"line":50,"column":12},"end":{"line":54,"column":13}},"type":"if","locations":[{"start":{"line":50,"column":12},"end":{"line":54,"column":13}},{"start":{"line":52,"column":19},"end":{"line":54,"column":13}}],"line":50},"9":{"loc":{"start":{"line":63,"column":15},"end":{"line":65,"column":49}},"type":"binary-expr","locations":[{"start":{"line":63,"column":15},"end":{"line":63,"column":54}},{"start":{"line":64,"column":12},"end":{"line":64,"column":49}},{"start":{"line":65,"column":12},"end":{"line":65,"column":49}}],"line":63},"10":{"loc":{"start":{"line":81,"column":8},"end":{"line":103,"column":9}},"type":"if","locations":[{"start":{"line":81,"column":8},"end":{"line":103,"column":9}},{"start":{},"end":{}}],"line":81},"11":{"loc":{"start":{"line":125,"column":12},"end":{"line":127,"column":13}},"type":"if","locations":[{"start":{"line":125,"column":12},"end":{"line":127,"column":13}},{"start":{},"end":{}}],"line":125},"12":{"loc":{"start":{"line":128,"column":12},"end":{"line":130,"column":13}},"type":"if","locations":[{"start":{"line":128,"column":12},"end":{"line":130,"column":13}},{"start":{},"end":{}}],"line":128},"13":{"loc":{"start":{"line":131,"column":12},"end":{"line":133,"column":13}},"type":"if","locations":[{"start":{"line":131,"column":12},"end":{"line":133,"column":13}},{"start":{},"end":{}}],"line":131},"14":{"loc":{"start":{"line":134,"column":12},"end":{"line":136,"column":13}},"type":"if","locations":[{"start":{"line":134,"column":12},"end":{"line":136,"column":13}},{"start":{},"end":{}}],"line":134},"15":{"loc":{"start":{"line":179,"column":8},"end":{"line":183,"column":9}},"type":"if","locations":[{"start":{"line":179,"column":8},"end":{"line":183,"column":9}},{"start":{"line":181,"column":15},"end":{"line":183,"column":9}}],"line":179},"16":{"loc":{"start":{"line":189,"column":8},"end":{"line":196,"column":9}},"type":"if","locations":[{"start":{"line":189,"column":8},"end":{"line":196,"column":9}},{"start":{},"end":{}}],"line":189}},"s":{"0":0,"1":0,"2":0,"3":0,"4":0,"5":0,"6":0,"7":0,"8":0,"9":0,"10":0,"11":0,"12":0,"13":0,"14":0,"15":0,"16":0,"17":0,"18":0,"19":0,"20":0,"21":0,"22":0,"23":0,"24":0,"25":0,"26":0,"27":0,"28":0,"29":0,"30":0,"31":0,"32":0,"33":0,"34":0,"35":0,"36":0,"37":0,"38":0,"39":0,"40":0,"41":0,"42":0,"43":0,"44":0,"45":0,"46":0,"47":0,"48":0,"49":0,"50":0,"51":0,"52":0,"53":0,"54":0,"55":0,"56":0,"57":0,"58":0,"59":0,"60":0,"61":0,"62":0,"63":0,"64":0,"65":0,"66":0,"67":0,"68":0,"69":0,"70":0,"71":0,"72":0,"73":0,"74":0,"75":0,"76":0,"77":0,"78":0,"79":0,"80":0,"81":0,"82":0},"f":{"0":0,"1":0,"2":0,"3":0,"4":0,"5":0,"6":0,"7":0,"8":0,"9":0,"10":0,"11":0,"12":0,"13":0,"14":0,"15":0,"16":0},"b":{"0":[0,0],"1":[0,0],"2":[0,0],"3":[0,0],"4":[0,0],"5":[0,0],"6":[0,0],"7":[0,0],"8":[0,0],"9":[0,0,0],"10":[0,0],"11":[0,0],"12":[0,0],"13":[0,0],"14":[0,0],"15":[0,0],"16":[0,0]},"_coverageSchema":"1a1c01bbd47fc00a2c39e90264f33305004495a9","hash":"c681a712b4588cb5a41c3d6475d9460936319f75"}
}
