TN:
SF:src/blockpy.js
FN:57,(anonymous_0)
FN:70,(anonymous_1)
FN:86,(anonymous_2)
FN:108,(anonymous_3)
FN:422,(anonymous_4)
FN:428,(anonymous_5)
FN:432,(anonymous_6)
FN:436,(anonymous_7)
FN:440,(anonymous_8)
FN:445,(anonymous_9)
FN:467,(anonymous_10)
FN:515,(anonymous_11)
FN:519,(anonymous_12)
FN:522,(anonymous_13)
FN:526,(anonymous_14)
FN:529,(anonymous_15)
FN:534,(anonymous_16)
FN:539,(anonymous_17)
FN:542,(anonymous_18)
FN:545,(anonymous_19)
FN:548,(anonymous_20)
FN:551,(anonymous_21)
FN:559,(anonymous_22)
FN:563,(anonymous_23)
FN:578,(anonymous_24)
FN:589,(anonymous_25)
FN:593,(anonymous_26)
FN:596,(anonymous_27)
FN:599,(anonymous_28)
FN:602,(anonymous_29)
FN:605,(anonymous_30)
FN:622,(anonymous_31)
FN:630,(anonymous_32)
FN:634,(anonymous_33)
FN:637,(anonymous_34)
FN:640,(anonymous_35)
FN:643,(anonymous_36)
FN:646,(anonymous_37)
FN:649,(anonymous_38)
FN:653,(anonymous_39)
FN:665,(anonymous_40)
FN:670,(anonymous_41)
FN:679,(anonymous_42)
FN:685,(anonymous_43)
FN:691,(anonymous_44)
FN:721,(anonymous_45)
FN:751,(anonymous_46)
FN:756,(anonymous_47)
FN:759,(anonymous_48)
FN:764,(anonymous_49)
FN:769,(anonymous_50)
FN:775,(anonymous_51)
FN:782,(anonymous_52)
FN:785,(anonymous_53)
FN:792,(anonymous_54)
FN:795,(anonymous_55)
FN:810,(anonymous_56)
FN:826,(anonymous_57)
FN:845,(anonymous_58)
FN:848,(anonymous_59)
FN:852,(anonymous_60)
FN:856,(anonymous_61)
FN:859,(anonymous_62)
FN:877,(anonymous_63)
FN:880,(anonymous_64)
FN:883,(anonymous_65)
FN:887,(anonymous_66)
FN:893,(anonymous_67)
FN:895,(anonymous_68)
FN:897,(anonymous_69)
FN:899,(anonymous_70)
FN:901,(anonymous_71)
FN:908,(anonymous_72)
FN:952,(anonymous_73)
FN:955,(anonymous_74)
FN:958,(anonymous_75)
FN:973,(anonymous_76)
FN:996,(anonymous_77)
FN:999,(anonymous_78)
FN:1003,(anonymous_79)
FN:1009,(anonymous_80)
FN:1013,(anonymous_81)
FN:1019,(anonymous_82)
FN:1021,(anonymous_83)
FN:1024,(anonymous_84)
FN:1029,(anonymous_85)
FN:1033,(anonymous_86)
FN:1037,(anonymous_87)
FN:1044,(anonymous_88)
FN:1046,(anonymous_89)
FN:1051,(anonymous_90)
FN:1052,(anonymous_91)
FN:1062,(anonymous_92)
FN:1070,(anonymous_93)
FN:1071,(anonymous_94)
FN:1072,(anonymous_95)
FN:1073,(anonymous_96)
FN:1074,(anonymous_97)
FN:1078,(anonymous_98)
FN:1079,(anonymous_99)
FN:1080,(anonymous_100)
FN:1081,(anonymous_101)
FN:1082,(anonymous_102)
FN:1083,(anonymous_103)
FN:1086,(anonymous_104)
FN:1089,(anonymous_105)
FN:1096,(anonymous_106)
FN:1099,(anonymous_107)
FN:1102,(anonymous_108)
FN:1112,(anonymous_109)
FN:1115,(anonymous_110)
FN:1125,(anonymous_111)
FN:1129,(anonymous_112)
FN:1132,(anonymous_113)
FN:1136,(anonymous_114)
FN:1150,(anonymous_115)
FN:1158,(anonymous_116)
FN:1166,(anonymous_117)
FN:1177,(anonymous_118)
FN:1185,(anonymous_119)
FN:1196,(anonymous_120)
FN:1200,(anonymous_121)
FN:1203,(anonymous_122)
FN:1207,(anonymous_123)
FN:1227,(anonymous_124)
FN:1232,(anonymous_125)
FN:1236,(anonymous_126)
FN:1237,(anonymous_127)
FN:1243,(anonymous_128)
FN:1248,(anonymous_129)
FN:1262,(anonymous_130)
FN:1266,(anonymous_131)
FN:1272,(anonymous_132)
FN:1277,(anonymous_133)
FNF:134
FNH:0
FNDA:0,(anonymous_0)
FNDA:0,(anonymous_1)
FNDA:0,(anonymous_2)
FNDA:0,(anonymous_3)
FNDA:0,(anonymous_4)
FNDA:0,(anonymous_5)
FNDA:0,(anonymous_6)
FNDA:0,(anonymous_7)
FNDA:0,(anonymous_8)
FNDA:0,(anonymous_9)
FNDA:0,(anonymous_10)
FNDA:0,(anonymous_11)
FNDA:0,(anonymous_12)
FNDA:0,(anonymous_13)
FNDA:0,(anonymous_14)
FNDA:0,(anonymous_15)
FNDA:0,(anonymous_16)
FNDA:0,(anonymous_17)
FNDA:0,(anonymous_18)
FNDA:0,(anonymous_19)
FNDA:0,(anonymous_20)
FNDA:0,(anonymous_21)
FNDA:0,(anonymous_22)
FNDA:0,(anonymous_23)
FNDA:0,(anonymous_24)
FNDA:0,(anonymous_25)
FNDA:0,(anonymous_26)
FNDA:0,(anonymous_27)
FNDA:0,(anonymous_28)
FNDA:0,(anonymous_29)
FNDA:0,(anonymous_30)
FNDA:0,(anonymous_31)
FNDA:0,(anonymous_32)
FNDA:0,(anonymous_33)
FNDA:0,(anonymous_34)
FNDA:0,(anonymous_35)
FNDA:0,(anonymous_36)
FNDA:0,(anonymous_37)
FNDA:0,(anonymous_38)
FNDA:0,(anonymous_39)
FNDA:0,(anonymous_40)
FNDA:0,(anonymous_41)
FNDA:0,(anonymous_42)
FNDA:0,(anonymous_43)
FNDA:0,(anonymous_44)
FNDA:0,(anonymous_45)
FNDA:0,(anonymous_46)
FNDA:0,(anonymous_47)
FNDA:0,(anonymous_48)
FNDA:0,(anonymous_49)
FNDA:0,(anonymous_50)
FNDA:0,(anonymous_51)
FNDA:0,(anonymous_52)
FNDA:0,(anonymous_53)
FNDA:0,(anonymous_54)
FNDA:0,(anonymous_55)
FNDA:0,(anonymous_56)
FNDA:0,(anonymous_57)
FNDA:0,(anonymous_58)
FNDA:0,(anonymous_59)
FNDA:0,(anonymous_60)
FNDA:0,(anonymous_61)
FNDA:0,(anonymous_62)
FNDA:0,(anonymous_63)
FNDA:0,(anonymous_64)
FNDA:0,(anonymous_65)
FNDA:0,(anonymous_66)
FNDA:0,(anonymous_67)
FNDA:0,(anonymous_68)
FNDA:0,(anonymous_69)
FNDA:0,(anonymous_70)
FNDA:0,(anonymous_71)
FNDA:0,(anonymous_72)
FNDA:0,(anonymous_73)
FNDA:0,(anonymous_74)
FNDA:0,(anonymous_75)
FNDA:0,(anonymous_76)
FNDA:0,(anonymous_77)
FNDA:0,(anonymous_78)
FNDA:0,(anonymous_79)
FNDA:0,(anonymous_80)
FNDA:0,(anonymous_81)
FNDA:0,(anonymous_82)
FNDA:0,(anonymous_83)
FNDA:0,(anonymous_84)
FNDA:0,(anonymous_85)
FNDA:0,(anonymous_86)
FNDA:0,(anonymous_87)
FNDA:0,(anonymous_88)
FNDA:0,(anonymous_89)
FNDA:0,(anonymous_90)
FNDA:0,(anonymous_91)
FNDA:0,(anonymous_92)
FNDA:0,(anonymous_93)
FNDA:0,(anonymous_94)
FNDA:0,(anonymous_95)
FNDA:0,(anonymous_96)
FNDA:0,(anonymous_97)
FNDA:0,(anonymous_98)
FNDA:0,(anonymous_99)
FNDA:0,(anonymous_100)
FNDA:0,(anonymous_101)
FNDA:0,(anonymous_102)
FNDA:0,(anonymous_103)
FNDA:0,(anonymous_104)
FNDA:0,(anonymous_105)
FNDA:0,(anonymous_106)
FNDA:0,(anonymous_107)
FNDA:0,(anonymous_108)
FNDA:0,(anonymous_109)
FNDA:0,(anonymous_110)
FNDA:0,(anonymous_111)
FNDA:0,(anonymous_112)
FNDA:0,(anonymous_113)
FNDA:0,(anonymous_114)
FNDA:0,(anonymous_115)
FNDA:0,(anonymous_116)
FNDA:0,(anonymous_117)
FNDA:0,(anonymous_118)
FNDA:0,(anonymous_119)
FNDA:0,(anonymous_120)
FNDA:0,(anonymous_121)
FNDA:0,(anonymous_122)
FNDA:0,(anonymous_123)
FNDA:0,(anonymous_124)
FNDA:0,(anonymous_125)
FNDA:0,(anonymous_126)
FNDA:0,(anonymous_127)
FNDA:0,(anonymous_128)
FNDA:0,(anonymous_129)
FNDA:0,(anonymous_130)
FNDA:0,(anonymous_131)
FNDA:0,(anonymous_132)
FNDA:0,(anonymous_133)
DA:40,1
DA:58,0
DA:59,0
DA:60,0
DA:62,0
DA:71,0
DA:72,0
DA:73,0
DA:74,0
DA:75,0
DA:76,0
DA:77,0
DA:78,0
DA:87,0
DA:88,0
DA:89,0
DA:90,0
DA:92,0
DA:110,0
DA:111,0
DA:114,0
DA:423,0
DA:424,0
DA:425,0
DA:429,0
DA:441,0
DA:442,0
DA:446,0
DA:448,0
DA:449,0
DA:452,0
DA:453,0
DA:454,0
DA:455,0
DA:456,0
DA:457,0
DA:458,0
DA:459,0
DA:460,0
DA:461,0
DA:462,0
DA:463,0
DA:464,0
DA:468,0
DA:469,0
DA:470,0
DA:471,0
DA:472,0
DA:473,0
DA:474,0
DA:475,0
DA:476,0
DA:477,0
DA:478,0
DA:479,0
DA:480,0
DA:481,0
DA:482,0
DA:483,0
DA:484,0
DA:485,0
DA:486,0
DA:487,0
DA:488,0
DA:489,0
DA:490,0
DA:492,0
DA:493,0
DA:494,0
DA:496,0
DA:497,0
DA:498,0
DA:499,0
DA:500,0
DA:501,0
DA:502,0
DA:503,0
DA:504,0
DA:505,0
DA:506,0
DA:507,0
DA:508,0
DA:509,0
DA:510,0
DA:512,0
DA:516,0
DA:517,0
DA:518,0
DA:520,0
DA:523,0
DA:527,0
DA:530,0
DA:535,0
DA:540,0
DA:543,0
DA:546,0
DA:549,0
DA:552,0
DA:553,0
DA:555,0
DA:557,0
DA:560,0
DA:564,0
DA:565,0
DA:566,0
DA:567,0
DA:568,0
DA:569,0
DA:571,0
DA:572,0
DA:574,0
DA:579,0
DA:580,0
DA:581,0
DA:582,0
DA:583,0
DA:584,0
DA:586,0
DA:590,0
DA:594,0
DA:597,0
DA:600,0
DA:603,0
DA:606,0
DA:614,0
DA:617,0
DA:619,0
DA:620,0
DA:623,0
DA:631,0
DA:635,0
DA:638,0
DA:641,0
DA:644,0
DA:647,0
DA:650,0
DA:654,0
DA:655,0
DA:656,0
DA:657,0
DA:658,0
DA:659,0
DA:660,0
DA:662,0
DA:666,0
DA:667,0
DA:668,0
DA:671,0
DA:672,0
DA:673,0
DA:674,0
DA:680,0
DA:686,0
DA:692,0
DA:693,0
DA:695,0
DA:698,0
DA:700,0
DA:702,0
DA:704,0
DA:706,0
DA:709,0
DA:712,0
DA:714,0
DA:716,0
DA:718,0
DA:722,0
DA:723,0
DA:725,0
DA:728,0
DA:730,0
DA:732,0
DA:734,0
DA:736,0
DA:739,0
DA:742,0
DA:744,0
DA:746,0
DA:748,0
DA:752,0
DA:753,0
DA:754,0
DA:757,0
DA:760,0
DA:761,0
DA:762,0
DA:765,0
DA:769,0
DA:770,0
DA:771,0
DA:773,0
DA:774,0
DA:775,0
DA:776,0
DA:777,0
DA:778,0
DA:783,0
DA:786,0
DA:787,0
DA:793,0
DA:796,0
DA:797,0
DA:799,0
DA:800,0
DA:801,0
DA:802,0
DA:803,0
DA:804,0
DA:805,0
DA:807,0
DA:811,0
DA:812,0
DA:813,0
DA:814,0
DA:815,0
DA:817,0
DA:818,0
DA:819,0
DA:820,0
DA:823,0
DA:827,0
DA:828,0
DA:829,0
DA:830,0
DA:831,0
DA:833,0
DA:835,0
DA:837,0
DA:838,0
DA:840,0
DA:842,0
DA:846,0
DA:849,0
DA:850,0
DA:853,0
DA:854,0
DA:857,0
DA:860,0
DA:861,0
DA:862,0
DA:863,0
DA:864,0
DA:866,0
DA:868,0
DA:870,0
DA:872,0
DA:878,0
DA:881,0
DA:884,0
DA:888,0
DA:889,0
DA:890,0
DA:891,0
DA:892,0
DA:893,0
DA:894,0
DA:895,0
DA:896,0
DA:897,0
DA:898,0
DA:899,0
DA:900,0
DA:901,0
DA:902,0
DA:903,0
DA:904,0
DA:905,0
DA:909,0
DA:915,0
DA:916,0
DA:918,0
DA:919,0
DA:921,0
DA:922,0
DA:923,0
DA:924,0
DA:926,0
DA:927,0
DA:928,0
DA:930,0
DA:931,0
DA:932,0
DA:935,0
DA:936,0
DA:937,0
DA:939,0
DA:940,0
DA:942,0
DA:943,0
DA:945,0
DA:946,0
DA:950,0
DA:953,0
DA:956,0
DA:959,0
DA:960,0
DA:961,0
DA:962,0
DA:963,0
DA:965,0
DA:966,0
DA:968,0
DA:974,0
DA:975,0
DA:977,0
DA:978,0
DA:980,0
DA:981,0
DA:983,0
DA:984,0
DA:986,0
DA:987,0
DA:989,0
DA:990,0
DA:992,0
DA:997,0
DA:1000,0
DA:1004,0
DA:1010,0
DA:1011,0
DA:1012,0
DA:1014,0
DA:1015,0
DA:1020,0
DA:1022,0
DA:1025,0
DA:1030,0
DA:1034,0
DA:1035,0
DA:1038,0
DA:1039,0
DA:1040,0
DA:1041,0
DA:1045,0
DA:1047,0
DA:1048,0
DA:1049,0
DA:1052,0
DA:1053,0
DA:1054,0
DA:1055,0
DA:1056,0
DA:1058,0
DA:1063,0
DA:1064,0
DA:1066,0
DA:1070,0
DA:1071,0
DA:1072,0
DA:1073,0
DA:1074,0
DA:1078,0
DA:1079,0
DA:1080,0
DA:1081,0
DA:1082,0
DA:1083,0
DA:1086,0
DA:1090,0
DA:1091,0
DA:1097,0
DA:1100,0
DA:1103,0
DA:1104,0
DA:1105,0
DA:1107,0
DA:1109,0
DA:1113,0
DA:1116,0
DA:1117,0
DA:1118,0
DA:1120,0
DA:1122,0
DA:1126,0
DA:1130,0
DA:1133,0
DA:1137,0
DA:1152,0
DA:1154,0
DA:1156,0
DA:1157,0
DA:1158,0
DA:1159,0
DA:1160,0
DA:1162,0
DA:1163,0
DA:1164,0
DA:1167,0
DA:1168,0
DA:1171,0
DA:1178,0
DA:1182,0
DA:1187,0
DA:1197,0
DA:1201,0
DA:1202,0
DA:1203,0
DA:1208,0
DA:1209,0
DA:1210,0
DA:1213,0
DA:1214,0
DA:1215,0
DA:1216,0
DA:1217,0
DA:1218,0
DA:1219,0
DA:1221,0
DA:1222,0
DA:1223,0
DA:1224,0
DA:1228,0
DA:1233,0
DA:1237,0
DA:1238,0
DA:1241,0
DA:1242,0
DA:1243,0
DA:1244,0
DA:1245,0
DA:1248,0
DA:1249,0
DA:1250,0
DA:1251,0
DA:1252,0
DA:1255,0
DA:1256,0
DA:1263,0
DA:1267,0
DA:1269,0
DA:1273,0
DA:1274,0
LF:432
LH:1
BRDA:59,0,0,0
BRDA:59,0,1,0
BRDA:87,1,0,0
BRDA:87,1,1,0
BRDA:89,2,0,0
BRDA:89,2,1,0
BRDA:144,3,0,0
BRDA:144,3,1,0
BRDA:145,4,0,0
BRDA:145,4,1,0
BRDA:146,5,0,0
BRDA:146,5,1,0
BRDA:147,6,0,0
BRDA:147,6,1,0
BRDA:148,7,0,0
BRDA:148,7,1,0
BRDA:165,8,0,0
BRDA:165,8,1,0
BRDA:165,9,0,0
BRDA:165,9,1,0
BRDA:281,10,0,0
BRDA:281,10,1,0
BRDA:407,11,0,0
BRDA:407,11,1,0
BRDA:413,12,0,0
BRDA:413,12,1,0
BRDA:414,13,0,0
BRDA:414,13,1,0
BRDA:446,14,0,0
BRDA:446,14,1,0
BRDA:454,15,0,0
BRDA:454,15,1,0
BRDA:460,16,0,0
BRDA:460,16,1,0
BRDA:461,17,0,0
BRDA:461,17,1,0
BRDA:488,18,0,0
BRDA:488,18,1,0
BRDA:489,19,0,0
BRDA:489,19,1,0
BRDA:492,20,0,0
BRDA:492,20,1,0
BRDA:493,21,0,0
BRDA:493,21,1,0
BRDA:520,22,0,0
BRDA:520,22,1,0
BRDA:523,23,0,0
BRDA:523,23,1,0
BRDA:530,24,0,0
BRDA:530,24,1,0
BRDA:540,25,0,0
BRDA:540,25,1,0
BRDA:543,26,0,0
BRDA:543,26,1,0
BRDA:552,27,0,0
BRDA:552,27,1,0
BRDA:560,28,0,0
BRDA:560,28,1,0
BRDA:560,28,2,0
BRDA:564,29,0,0
BRDA:564,29,1,0
BRDA:565,30,0,0
BRDA:565,30,1,0
BRDA:566,31,0,0
BRDA:566,31,1,0
BRDA:568,32,0,0
BRDA:568,32,1,0
BRDA:571,33,0,0
BRDA:571,33,1,0
BRDA:571,34,0,0
BRDA:571,34,1,0
BRDA:579,35,0,0
BRDA:579,35,1,0
BRDA:581,36,0,0
BRDA:581,36,1,0
BRDA:583,37,0,0
BRDA:583,37,1,0
BRDA:590,38,0,0
BRDA:590,38,1,0
BRDA:590,38,2,0
BRDA:620,39,0,0
BRDA:620,39,1,0
BRDA:631,40,0,0
BRDA:631,40,1,0
BRDA:631,41,0,0
BRDA:631,41,1,0
BRDA:635,42,0,0
BRDA:635,42,1,0
BRDA:647,43,0,0
BRDA:647,43,1,0
BRDA:650,44,0,0
BRDA:650,44,1,0
BRDA:655,45,0,0
BRDA:655,45,1,0
BRDA:657,46,0,0
BRDA:657,46,1,0
BRDA:659,47,0,0
BRDA:659,47,1,0
BRDA:672,48,0,0
BRDA:672,48,1,0
BRDA:680,49,0,0
BRDA:680,49,1,0
BRDA:680,50,0,0
BRDA:680,50,1,0
BRDA:680,50,2,0
BRDA:686,51,0,0
BRDA:686,51,1,0
BRDA:686,51,2,0
BRDA:692,52,0,0
BRDA:692,52,1,0
BRDA:695,53,0,0
BRDA:695,53,1,0
BRDA:695,53,2,0
BRDA:695,53,3,0
BRDA:695,53,4,0
BRDA:695,53,5,0
BRDA:695,53,6,0
BRDA:695,53,7,0
BRDA:695,53,8,0
BRDA:695,53,9,0
BRDA:695,53,10,0
BRDA:695,53,11,0
BRDA:695,53,12,0
BRDA:722,54,0,0
BRDA:722,54,1,0
BRDA:725,55,0,0
BRDA:725,55,1,0
BRDA:725,55,2,0
BRDA:725,55,3,0
BRDA:725,55,4,0
BRDA:725,55,5,0
BRDA:725,55,6,0
BRDA:725,55,7,0
BRDA:725,55,8,0
BRDA:725,55,9,0
BRDA:725,55,10,0
BRDA:725,55,11,0
BRDA:725,55,12,0
BRDA:764,56,0,0
BRDA:777,57,0,0
BRDA:777,57,1,0
BRDA:783,58,0,0
BRDA:783,58,1,0
BRDA:786,59,0,0
BRDA:786,59,1,0
BRDA:786,60,0,0
BRDA:786,60,1,0
BRDA:796,61,0,0
BRDA:796,61,1,0
BRDA:802,62,0,0
BRDA:802,62,1,0
BRDA:802,63,0,0
BRDA:802,63,1,0
BRDA:804,64,0,0
BRDA:804,64,1,0
BRDA:814,65,0,0
BRDA:814,65,1,0
BRDA:814,66,0,0
BRDA:814,66,1,0
BRDA:817,67,0,0
BRDA:817,67,1,0
BRDA:819,68,0,0
BRDA:819,68,1,0
BRDA:830,69,0,0
BRDA:830,69,1,0
BRDA:833,70,0,0
BRDA:833,70,1,0
BRDA:833,70,2,0
BRDA:837,71,0,0
BRDA:837,71,1,0
BRDA:863,72,0,0
BRDA:863,72,1,0
BRDA:866,73,0,0
BRDA:866,73,1,0
BRDA:866,73,2,0
BRDA:878,74,0,0
BRDA:878,74,1,0
BRDA:878,74,2,0
BRDA:881,75,0,0
BRDA:881,75,1,0
BRDA:884,76,0,0
BRDA:884,76,1,0
BRDA:884,77,0,0
BRDA:884,77,1,0
BRDA:888,78,0,0
BRDA:888,78,1,0
BRDA:888,78,2,0
BRDA:888,78,3,0
BRDA:888,78,4,0
BRDA:888,78,5,0
BRDA:888,78,6,0
BRDA:888,78,7,0
BRDA:888,78,8,0
BRDA:888,78,9,0
BRDA:888,78,10,0
BRDA:888,78,11,0
BRDA:909,79,0,0
BRDA:909,79,1,0
BRDA:909,79,2,0
BRDA:909,79,3,0
BRDA:909,79,4,0
BRDA:909,79,5,0
BRDA:909,79,6,0
BRDA:909,79,7,0
BRDA:909,79,8,0
BRDA:909,79,9,0
BRDA:909,79,10,0
BRDA:909,79,11,0
BRDA:909,79,12,0
BRDA:909,79,13,0
BRDA:962,80,0,0
BRDA:962,80,1,0
BRDA:962,81,0,0
BRDA:962,81,1,0
BRDA:962,81,2,0
BRDA:965,82,0,0
BRDA:965,82,1,0
BRDA:965,83,0,0
BRDA:965,83,1,0
BRDA:965,83,2,0
BRDA:974,84,0,0
BRDA:974,84,1,0
BRDA:977,85,0,0
BRDA:977,85,1,0
BRDA:980,86,0,0
BRDA:980,86,1,0
BRDA:983,87,0,0
BRDA:983,87,1,0
BRDA:986,88,0,0
BRDA:986,88,1,0
BRDA:989,89,0,0
BRDA:989,89,1,0
BRDA:1000,90,0,0
BRDA:1000,90,1,0
BRDA:1000,91,0,0
BRDA:1000,91,1,0
BRDA:1004,92,0,0
BRDA:1004,92,1,0
BRDA:1004,93,0,0
BRDA:1004,93,1,0
BRDA:1004,93,2,0
BRDA:1007,94,0,0
BRDA:1007,94,1,0
BRDA:1022,95,0,0
BRDA:1022,95,1,0
BRDA:1022,95,2,0
BRDA:1025,96,0,0
BRDA:1025,96,1,0
BRDA:1025,96,2,0
BRDA:1040,97,0,0
BRDA:1040,97,1,0
BRDA:1053,98,0,0
BRDA:1053,98,1,0
BRDA:1063,99,0,0
BRDA:1063,99,1,0
BRDA:1083,100,0,0
BRDA:1083,100,1,0
BRDA:1083,100,2,0
BRDA:1100,101,0,0
BRDA:1100,101,1,0
BRDA:1103,102,0,0
BRDA:1103,102,1,0
BRDA:1104,103,0,0
BRDA:1104,103,1,0
BRDA:1104,104,0,0
BRDA:1104,104,1,0
BRDA:1113,105,0,0
BRDA:1113,105,1,0
BRDA:1116,106,0,0
BRDA:1116,106,1,0
BRDA:1117,107,0,0
BRDA:1117,107,1,0
BRDA:1117,108,0,0
BRDA:1117,108,1,0
BRDA:1133,109,0,0
BRDA:1133,109,1,0
BRDA:1133,109,2,0
BRDA:1137,110,0,0
BRDA:1137,110,1,0
BRDA:1137,110,2,0
BRDA:1137,110,3,0
BRDA:1137,110,4,0
BRDA:1137,110,5,0
BRDA:1137,110,6,0
BRDA:1137,110,7,0
BRDA:1137,110,8,0
BRDA:1137,110,9,0
BRDA:1137,110,10,0
BRDA:1137,110,11,0
BRDA:1178,111,0,0
BRDA:1178,111,1,0
BRDA:1203,112,0,0
BRDA:1203,112,1,0
BRDA:1244,113,0,0
BRDA:1244,113,1,0
BRDA:1249,114,0,0
BRDA:1249,114,1,0
BRDA:1250,115,0,0
BRDA:1250,115,1,0
BRDA:1255,116,0,0
BRDA:1255,116,1,0
BRF:301
BRH:0
end_of_record
TN:
SF:src/console.js
FN:65,(anonymous_0)
FN:120,(anonymous_1)
FN:127,(anonymous_2)
FN:134,(anonymous_3)
FN:139,(anonymous_4)
FN:152,(anonymous_5)
FN:159,(anonymous_6)
FN:167,(anonymous_7)
FN:171,(anonymous_8)
FN:177,(anonymous_9)
FN:188,(anonymous_10)
FN:197,(anonymous_11)
FN:201,(anonymous_12)
FN:202,(anonymous_13)
FN:206,(anonymous_14)
FN:208,(anonymous_15)
FN:214,(anonymous_16)
FN:219,(anonymous_17)
FN:230,(anonymous_18)
FN:235,(anonymous_19)
FN:245,(anonymous_20)
FN:249,(anonymous_21)
FN:265,(anonymous_22)
FN:269,(anonymous_23)
FN:281,(anonymous_24)
FN:290,(anonymous_25)
FN:319,(anonymous_26)
FN:321,(anonymous_27)
FN:325,(anonymous_28)
FN:336,(anonymous_29)
FN:347,(anonymous_30)
FN:359,(anonymous_31)
FN:365,(anonymous_32)
FN:368,(anonymous_33)
FN:374,(anonymous_34)
FN:389,(anonymous_35)
FN:411,(anonymous_36)
FN:435,(anonymous_37)
FN:439,(anonymous_38)
FN:454,(anonymous_39)
FN:467,(anonymous_40)
FN:484,(anonymous_41)
FN:488,(anonymous_42)
FN:492,(anonymous_43)
FN:496,(anonymous_44)
FN:507,(anonymous_45)
FN:508,(anonymous_46)
FN:521,(anonymous_47)
FN:550,(anonymous_48)
FN:556,(anonymous_49)
FN:564,(anonymous_50)
FN:572,(anonymous_51)
FN:579,(anonymous_52)
FN:590,(anonymous_53)
FN:596,(anonymous_54)
FN:601,(anonymous_55)
FN:610,(anonymous_56)
FNF:57
FNH:0
FNDA:0,(anonymous_0)
FNDA:0,(anonymous_1)
FNDA:0,(anonymous_2)
FNDA:0,(anonymous_3)
FNDA:0,(anonymous_4)
FNDA:0,(anonymous_5)
FNDA:0,(anonymous_6)
FNDA:0,(anonymous_7)
FNDA:0,(anonymous_8)
FNDA:0,(anonymous_9)
FNDA:0,(anonymous_10)
FNDA:0,(anonymous_11)
FNDA:0,(anonymous_12)
FNDA:0,(anonymous_13)
FNDA:0,(anonymous_14)
FNDA:0,(anonymous_15)
FNDA:0,(anonymous_16)
FNDA:0,(anonymous_17)
FNDA:0,(anonymous_18)
FNDA:0,(anonymous_19)
FNDA:0,(anonymous_20)
FNDA:0,(anonymous_21)
FNDA:0,(anonymous_22)
FNDA:0,(anonymous_23)
FNDA:0,(anonymous_24)
FNDA:0,(anonymous_25)
FNDA:0,(anonymous_26)
FNDA:0,(anonymous_27)
FNDA:0,(anonymous_28)
FNDA:0,(anonymous_29)
FNDA:0,(anonymous_30)
FNDA:0,(anonymous_31)
FNDA:0,(anonymous_32)
FNDA:0,(anonymous_33)
FNDA:0,(anonymous_34)
FNDA:0,(anonymous_35)
FNDA:0,(anonymous_36)
FNDA:0,(anonymous_37)
FNDA:0,(anonymous_38)
FNDA:0,(anonymous_39)
FNDA:0,(anonymous_40)
FNDA:0,(anonymous_41)
FNDA:0,(anonymous_42)
FNDA:0,(anonymous_43)
FNDA:0,(anonymous_44)
FNDA:0,(anonymous_45)
FNDA:0,(anonymous_46)
FNDA:0,(anonymous_47)
FNDA:0,(anonymous_48)
FNDA:0,(anonymous_49)
FNDA:0,(anonymous_50)
FNDA:0,(anonymous_51)
FNDA:0,(anonymous_52)
FNDA:0,(anonymous_53)
FNDA:0,(anonymous_54)
FNDA:0,(anonymous_55)
FNDA:0,(anonymous_56)
DA:7,4
DA:16,4
DA:22,4
DA:45,4
DA:71,0
DA:76,0
DA:81,0
DA:86,0
DA:96,0
DA:108,0
DA:113,0
DA:121,0
DA:128,0
DA:135,0
DA:136,0
DA:140,0
DA:141,0
DA:143,0
DA:145,0
DA:153,0
DA:154,0
DA:155,0
DA:156,0
DA:160,0
DA:161,0
DA:162,0
DA:163,0
DA:172,0
DA:178,0
DA:179,0
DA:180,0
DA:181,0
DA:182,0
DA:183,0
DA:184,0
DA:189,0
DA:190,0
DA:191,0
DA:192,0
DA:193,0
DA:202,0
DA:203,0
DA:207,0
DA:208,0
DA:215,0
DA:216,0
DA:220,0
DA:221,0
DA:222,0
DA:223,0
DA:231,0
DA:232,0
DA:236,0
DA:237,0
DA:246,0
DA:250,0
DA:251,0
DA:252,0
DA:253,0
DA:255,0
DA:256,0
DA:257,0
DA:258,0
DA:266,0
DA:270,0
DA:271,0
DA:272,0
DA:273,0
DA:274,0
DA:275,0
DA:282,0
DA:283,0
DA:292,0
DA:294,0
DA:296,0
DA:298,0
DA:299,0
DA:300,0
DA:302,0
DA:303,0
DA:304,0
DA:305,0
DA:306,0
DA:308,0
DA:311,0
DA:312,0
DA:314,0
DA:316,0
DA:321,0
DA:322,0
DA:324,0
DA:325,0
DA:326,0
DA:327,0
DA:328,0
DA:329,0
DA:330,0
DA:331,0
DA:332,0
DA:333,0
DA:335,0
DA:336,0
DA:337,0
DA:338,0
DA:341,0
DA:342,0
DA:343,0
DA:344,0
DA:345,0
DA:346,0
DA:347,0
DA:348,0
DA:349,0
DA:350,0
DA:351,0
DA:354,0
DA:360,0
DA:366,0
DA:367,0
DA:368,0
DA:369,0
DA:370,0
DA:375,0
DA:390,0
DA:391,0
DA:392,0
DA:394,0
DA:395,0
DA:396,0
DA:397,0
DA:399,0
DA:401,0
DA:402,0
DA:412,0
DA:414,0
DA:415,0
DA:416,0
DA:418,0
DA:419,0
DA:420,0
DA:423,0
DA:424,0
DA:431,0
DA:432,0
DA:436,0
DA:440,0
DA:441,0
DA:442,0
DA:444,0
DA:445,0
DA:446,0
DA:447,0
DA:448,0
DA:451,0
DA:456,0
DA:458,0
DA:459,0
DA:462,0
DA:463,0
DA:468,0
DA:469,0
DA:470,0
DA:471,0
DA:472,0
DA:473,0
DA:474,0
DA:475,0
DA:476,0
DA:485,0
DA:489,0
DA:493,0
DA:497,0
DA:508,0
DA:509,0
DA:510,0
DA:512,0
DA:524,0
DA:525,0
DA:527,0
DA:528,0
DA:529,0
DA:531,0
DA:532,0
DA:533,0
DA:535,0
DA:537,0
DA:538,0
DA:539,0
DA:540,0
DA:542,0
DA:543,0
DA:544,0
DA:545,0
DA:551,0
DA:552,0
DA:553,0
DA:557,0
DA:558,0
DA:559,0
DA:561,0
DA:565,0
DA:566,0
DA:567,0
DA:569,0
DA:573,0
DA:574,0
DA:575,0
DA:576,0
DA:580,0
DA:581,0
DA:582,0
DA:591,0
DA:592,0
DA:597,0
DA:598,0
DA:602,0
DA:603,0
DA:611,0
LF:218
LH:4
BRDA:140,0,0,0
BRDA:140,0,1,0
BRDA:160,1,0,0
BRDA:160,1,1,0
BRDA:189,2,0,0
BRDA:189,2,1,0
BRDA:220,3,0,0
BRDA:220,3,1,0
BRDA:236,4,0,0
BRDA:236,4,1,0
BRDA:250,5,0,0
BRDA:250,5,1,0
BRDA:252,6,0,0
BRDA:252,6,1,0
BRDA:252,7,0,0
BRDA:252,7,1,0
BRDA:270,8,0,0
BRDA:270,8,1,0
BRDA:292,9,0,0
BRDA:292,9,1,0
BRDA:303,10,0,0
BRDA:303,10,1,0
BRDA:337,11,0,0
BRDA:337,11,1,0
BRDA:343,12,0,0
BRDA:343,12,1,0
BRDA:418,13,0,0
BRDA:418,13,1,0
BRDA:440,14,0,0
BRDA:440,14,1,0
BRDA:444,15,0,0
BRDA:444,15,1,0
BRDA:456,16,0,0
BRDA:456,16,1,0
BRDA:456,17,0,0
BRDA:456,17,1,0
BRDA:462,18,0,0
BRDA:462,18,1,0
BRDA:468,19,0,0
BRDA:468,19,1,0
BRDA:469,20,0,0
BRDA:469,20,1,0
BRDA:473,21,0,0
BRDA:473,21,1,0
BRDA:509,22,0,0
BRDA:509,22,1,0
BRDA:524,23,0,0
BRDA:524,23,1,0
BRDA:528,24,0,0
BRDA:528,24,1,0
BRDA:532,25,0,0
BRDA:532,25,1,0
BRDA:542,26,0,0
BRDA:542,26,1,0
BRDA:557,27,0,0
BRDA:557,27,1,0
BRDA:565,28,0,0
BRDA:565,28,1,0
BRF:58
BRH:0
end_of_record
TN:
SF:src/corgis.js
FN:14,(anonymous_0)
FN:33,BlockPyCorgis
FN:40,(anonymous_2)
FN:46,(anonymous_3)
FN:53,(anonymous_4)
FN:57,(anonymous_5)
FN:60,(anonymous_6)
FN:77,(anonymous_7)
FN:86,(anonymous_8)
FN:91,(anonymous_9)
FN:110,(anonymous_10)
FN:113,(anonymous_11)
FN:119,(anonymous_12)
FN:127,(anonymous_13)
FNF:14
FNH:0
FNDA:0,(anonymous_0)
FNDA:0,BlockPyCorgis
FNDA:0,(anonymous_2)
FNDA:0,(anonymous_3)
FNDA:0,(anonymous_4)
FNDA:0,(anonymous_5)
FNDA:0,(anonymous_6)
FNDA:0,(anonymous_7)
FNDA:0,(anonymous_8)
FNDA:0,(anonymous_9)
FNDA:0,(anonymous_10)
FNDA:0,(anonymous_11)
FNDA:0,(anonymous_12)
FNDA:0,(anonymous_13)
DA:5,1
DA:6,1
DA:14,1
DA:15,0
DA:34,0
DA:36,0
DA:37,0
DA:40,1
DA:42,0
DA:43,0
DA:44,0
DA:45,0
DA:46,0
DA:47,0
DA:48,0
DA:53,0
DA:55,0
DA:56,0
DA:58,0
DA:59,0
DA:61,0
DA:77,1
DA:78,0
DA:79,0
DA:80,0
DA:81,0
DA:83,0
DA:85,0
DA:86,0
DA:87,0
DA:89,0
DA:91,0
DA:92,0
DA:93,0
DA:94,0
DA:95,0
DA:96,0
DA:98,0
DA:100,0
DA:110,1
DA:111,0
DA:112,0
DA:113,0
DA:115,0
DA:116,0
DA:117,0
DA:118,0
DA:119,0
DA:120,0
DA:121,0
DA:122,0
DA:123,0
DA:124,0
DA:125,0
DA:127,0
DA:128,0
DA:129,0
DA:133,0
DA:140,0
DA:142,0
LF:60
LH:6
BRDA:47,0,0,0
BRDA:47,0,1,0
BRDA:47,1,0,0
BRDA:47,1,1,0
BRDA:79,2,0,0
BRDA:79,2,1,0
BRDA:111,3,0,0
BRDA:111,3,1,0
BRDA:124,4,0,0
BRDA:124,4,1,0
BRF:10
BRH:0
end_of_record
TN:
SF:src/dialog.js
FN:39,BlockPyDialog
FN:49,(anonymous_1)
FN:50,(anonymous_2)
FN:51,(anonymous_3)
FN:55,(anonymous_4)
FN:61,(anonymous_5)
FN:73,(anonymous_6)
FN:82,(anonymous_7)
FN:89,(anonymous_8)
FN:100,(anonymous_9)
FN:104,(anonymous_10)
FN:109,(anonymous_11)
FN:114,(anonymous_12)
FN:119,(anonymous_13)
FN:124,(anonymous_14)
FN:129,(anonymous_15)
FN:134,(anonymous_16)
FN:139,(anonymous_17)
FN:143,(anonymous_18)
FN:147,(anonymous_19)
FN:151,(anonymous_20)
FN:156,(anonymous_21)
FN:161,(anonymous_22)
FN:192,(anonymous_23)
FN:195,(anonymous_24)
FN:218,(anonymous_25)
FN:238,(anonymous_26)
FN:240,(anonymous_27)
FNF:28
FNH:3
FNDA:6,BlockPyDialog
FNDA:1,(anonymous_1)
FNDA:1,(anonymous_2)
FNDA:0,(anonymous_3)
FNDA:0,(anonymous_4)
FNDA:0,(anonymous_5)
FNDA:0,(anonymous_6)
FNDA:0,(anonymous_7)
FNDA:0,(anonymous_8)
FNDA:0,(anonymous_9)
FNDA:0,(anonymous_10)
FNDA:0,(anonymous_11)
FNDA:0,(anonymous_12)
FNDA:0,(anonymous_13)
FNDA:0,(anonymous_14)
FNDA:0,(anonymous_15)
FNDA:0,(anonymous_16)
FNDA:0,(anonymous_17)
FNDA:0,(anonymous_18)
FNDA:0,(anonymous_19)
FNDA:0,(anonymous_20)
FNDA:0,(anonymous_21)
FNDA:0,(anonymous_22)
FNDA:0,(anonymous_23)
FNDA:0,(anonymous_24)
FNDA:0,(anonymous_25)
FNDA:0,(anonymous_26)
FNDA:0,(anonymous_27)
DA:3,5
DA:40,6
DA:41,6
DA:43,6
DA:44,6
DA:45,6
DA:46,6
DA:47,6
DA:49,6
DA:50,6
DA:51,6
DA:52,0
DA:53,0
DA:55,6
DA:56,0
DA:61,5
DA:62,0
DA:73,5
DA:74,0
DA:75,0
DA:76,0
DA:77,0
DA:78,0
DA:82,0
DA:83,0
DA:84,0
DA:89,5
DA:90,0
DA:91,0
DA:93,0
DA:94,0
DA:95,0
DA:96,0
DA:100,5
DA:101,0
DA:104,5
DA:105,0
DA:109,5
DA:110,0
DA:114,5
DA:115,0
DA:119,5
DA:120,0
DA:124,5
DA:125,0
DA:129,5
DA:130,0
DA:134,5
DA:135,0
DA:139,5
DA:140,0
DA:143,5
DA:144,0
DA:147,5
DA:151,5
DA:152,0
DA:156,5
DA:157,0
DA:161,5
DA:162,0
DA:163,0
DA:164,0
DA:192,5
DA:193,0
DA:194,0
DA:195,0
DA:196,0
DA:197,0
DA:198,0
DA:199,0
DA:201,0
DA:218,5
DA:219,0
DA:224,0
DA:238,0
DA:240,0
DA:241,0
LF:77
LH:31
BRDA:83,0,0,0
BRDA:83,0,1,0
BRDA:83,1,0,0
BRDA:83,1,1,0
BRDA:90,2,0,0
BRDA:90,2,1,0
BRDA:163,3,0,0
BRDA:163,3,1,0
BRDA:194,4,0,0
BRDA:194,4,1,0
BRDA:219,5,0,0
BRDA:219,5,1,0
BRF:12
BRH:0
end_of_record
TN:
SF:src/editors.js
FN:49,(anonymous_0)
FN:65,(anonymous_1)
FN:72,(anonymous_2)
FN:76,(anonymous_3)
FN:87,(anonymous_4)
FN:91,(anonymous_5)
FN:101,(anonymous_6)
FN:113,(anonymous_7)
FNF:8
FNH:1
FNDA:40,(anonymous_0)
FNDA:0,(anonymous_1)
FNDA:0,(anonymous_2)
FNDA:0,(anonymous_3)
FNDA:0,(anonymous_4)
FNDA:0,(anonymous_5)
FNDA:0,(anonymous_6)
FNDA:0,(anonymous_7)
DA:30,4
DA:42,4
DA:44,4
DA:49,40
DA:66,0
DA:67,0
DA:68,0
DA:69,0
DA:70,0
DA:71,0
DA:72,0
DA:73,0
DA:77,0
DA:78,0
DA:79,0
DA:80,0
DA:81,0
DA:82,0
DA:83,0
DA:88,0
DA:92,0
DA:93,0
DA:94,0
DA:95,0
DA:97,0
DA:98,0
DA:102,0
DA:103,0
DA:104,0
DA:106,0
DA:108,0
DA:109,0
DA:110,0
DA:114,0
DA:115,0
DA:116,0
DA:118,0
DA:119,0
DA:120,0
DA:121,0
DA:122,0
DA:124,0
DA:125,0
DA:129,0
DA:130,0
DA:132,0
LF:46
LH:4
BRDA:94,0,0,0
BRDA:94,0,1,0
BRDA:103,1,0,0
BRDA:103,1,1,0
BRDA:115,2,0,0
BRDA:115,2,1,0
BRDA:115,3,0,0
BRDA:115,3,1,0
BRDA:119,4,0,0
BRDA:119,4,1,0
BRDA:120,5,0,0
BRDA:120,5,1,0
BRDA:120,6,0,0
BRDA:120,6,1,0
BRDA:121,7,0,0
BRDA:121,7,1,0
BRDA:129,8,0,0
BRDA:129,8,1,0
BRF:18
BRH:0
end_of_record
TN:
SF:src/engine.js
FN:23,(anonymous_0)
FN:52,(anonymous_1)
FN:61,(anonymous_2)
FN:73,(anonymous_3)
FN:84,(anonymous_4)
FN:98,(anonymous_5)
FN:105,(anonymous_6)
FN:109,(anonymous_7)
FN:116,(anonymous_8)
FN:126,(anonymous_9)
FN:136,(anonymous_10)
FN:140,(anonymous_11)
FN:158,(anonymous_12)
FN:168,(anonymous_13)
FN:172,(anonymous_14)
FN:174,(anonymous_15)
FN:184,(anonymous_16)
FN:198,(anonymous_17)
FN:218,(anonymous_18)
FN:227,(anonymous_19)
FNF:20
FNH:0
FNDA:0,(anonymous_0)
FNDA:0,(anonymous_1)
FNDA:0,(anonymous_2)
FNDA:0,(anonymous_3)
FNDA:0,(anonymous_4)
FNDA:0,(anonymous_5)
FNDA:0,(anonymous_6)
FNDA:0,(anonymous_7)
FNDA:0,(anonymous_8)
FNDA:0,(anonymous_9)
FNDA:0,(anonymous_10)
FNDA:0,(anonymous_11)
FNDA:0,(anonymous_12)
FNDA:0,(anonymous_13)
FNDA:0,(anonymous_14)
FNDA:0,(anonymous_15)
FNDA:0,(anonymous_16)
FNDA:0,(anonymous_17)
FNDA:0,(anonymous_18)
FNDA:0,(anonymous_19)
DA:24,0
DA:25,0
DA:27,0
DA:36,0
DA:39,0
DA:45,0
DA:46,0
DA:53,0
DA:54,0
DA:55,0
DA:56,0
DA:57,0
DA:58,0
DA:62,0
DA:63,0
DA:64,0
DA:65,0
DA:66,0
DA:67,0
DA:68,0
DA:69,0
DA:70,0
DA:74,0
DA:87,0
DA:89,0
DA:91,0
DA:93,0
DA:95,0
DA:101,0
DA:110,0
DA:111,0
DA:115,0
DA:116,0
DA:117,0
DA:118,0
DA:121,0
DA:123,0
DA:127,0
DA:128,0
DA:137,0
DA:138,0
DA:139,0
DA:140,0
DA:141,0
DA:142,0
DA:146,0
DA:148,0
DA:149,0
DA:151,0
DA:154,0
DA:159,0
DA:160,0
DA:169,0
DA:173,0
DA:174,0
DA:175,0
DA:185,0
DA:187,0
DA:188,0
DA:190,0
DA:191,0
DA:193,0
DA:194,0
DA:195,0
DA:196,0
DA:197,0
DA:198,0
DA:199,0
DA:202,0
DA:204,0
DA:206,0
DA:207,0
DA:210,0
DA:219,0
DA:220,0
DA:228,0
DA:229,0
LF:77
LH:0
BRDA:98,0,0,0
BRDA:109,1,0,0
BRDA:115,2,0,0
BRDA:115,2,1,0
BRDA:115,3,0,0
BRDA:115,3,1,0
BRDA:146,4,0,0
BRDA:146,4,1,0
BRDA:146,5,0,0
BRDA:146,5,1,0
BRDA:187,6,0,0
BRDA:187,6,1,0
BRDA:199,7,0,0
BRDA:199,7,1,0
BRDA:202,8,0,0
BRDA:202,8,1,0
BRDA:202,9,0,0
BRDA:202,9,1,0
BRDA:203,10,0,0
BRDA:203,10,1,0
BRDA:219,11,0,0
BRDA:219,11,1,0
BRDA:228,12,0,0
BRDA:228,12,1,0
BRF:24
BRH:0
end_of_record
TN:
SF:src/feedback.js
FN:88,(anonymous_0)
FN:100,(anonymous_1)
FN:106,(anonymous_2)
FN:116,(anonymous_3)
FN:133,(anonymous_4)
FN:145,(anonymous_5)
FN:164,(anonymous_6)
FN:172,(anonymous_7)
FN:205,(anonymous_8)
FN:227,(anonymous_9)
FN:237,(anonymous_10)
FN:241,(anonymous_11)
FN:246,(anonymous_12)
FN:260,(anonymous_13)
FN:268,(anonymous_14)
FN:282,(anonymous_15)
FN:313,(anonymous_16)
FN:324,(anonymous_17)
FN:327,(anonymous_18)
FN:347,(anonymous_19)
FN:350,(anonymous_20)
FN:356,(anonymous_21)
FN:365,(anonymous_22)
FN:369,(anonymous_23)
FN:390,(anonymous_24)
FN:391,(anonymous_25)
FN:411,(anonymous_26)
FN:440,(anonymous_27)
FNF:28
FNH:2
FNDA:5,(anonymous_0)
FNDA:1,(anonymous_1)
FNDA:0,(anonymous_2)
FNDA:0,(anonymous_3)
FNDA:0,(anonymous_4)
FNDA:0,(anonymous_5)
FNDA:0,(anonymous_6)
FNDA:0,(anonymous_7)
FNDA:0,(anonymous_8)
FNDA:0,(anonymous_9)
FNDA:0,(anonymous_10)
FNDA:0,(anonymous_11)
FNDA:0,(anonymous_12)
FNDA:0,(anonymous_13)
FNDA:0,(anonymous_14)
FNDA:0,(anonymous_15)
FNDA:0,(anonymous_16)
FNDA:0,(anonymous_17)
FNDA:0,(anonymous_18)
FNDA:0,(anonymous_19)
FNDA:0,(anonymous_20)
FNDA:0,(anonymous_21)
FNDA:0,(anonymous_22)
FNDA:0,(anonymous_23)
FNDA:0,(anonymous_24)
FNDA:0,(anonymous_25)
FNDA:0,(anonymous_26)
FNDA:0,(anonymous_27)
DA:3,5
DA:89,5
DA:90,5
DA:92,5
DA:94,5
DA:95,5
DA:96,5
DA:97,5
DA:100,5
DA:107,0
DA:117,0
DA:118,0
DA:120,0
DA:121,0
DA:122,0
DA:124,0
DA:134,0
DA:135,0
DA:136,0
DA:137,0
DA:138,0
DA:139,0
DA:140,0
DA:141,0
DA:142,0
DA:146,0
DA:147,0
DA:148,0
DA:149,0
DA:150,0
DA:151,0
DA:155,0
DA:174,0
DA:175,0
DA:176,0
DA:177,0
DA:178,0
DA:179,0
DA:182,0
DA:183,0
DA:184,0
DA:185,0
DA:186,0
DA:190,0
DA:191,0
DA:195,0
DA:196,0
DA:200,0
DA:201,0
DA:202,0
DA:203,0
DA:205,0
DA:206,0
DA:210,0
DA:213,0
DA:216,0
DA:217,0
DA:218,0
DA:219,0
DA:223,0
DA:224,0
DA:225,0
DA:226,0
DA:227,0
DA:228,0
DA:229,0
DA:232,0
DA:235,0
DA:236,0
DA:237,0
DA:242,0
DA:243,0
DA:247,0
DA:248,0
DA:249,0
DA:250,0
DA:251,0
DA:252,0
DA:254,0
DA:256,0
DA:257,0
DA:258,0
DA:260,0
DA:261,0
DA:269,0
DA:271,0
DA:272,0
DA:273,0
DA:279,0
DA:283,0
DA:284,0
DA:285,0
DA:286,0
DA:287,0
DA:288,0
DA:289,0
DA:290,0
DA:291,0
DA:292,0
DA:293,0
DA:294,0
DA:298,0
DA:314,0
DA:315,0
DA:316,0
DA:318,0
DA:319,0
DA:320,0
DA:321,0
DA:323,0
DA:324,0
DA:325,0
DA:327,0
DA:328,0
DA:330,0
DA:331,0
DA:332,0
DA:333,0
DA:334,0
DA:335,0
DA:336,0
DA:338,0
DA:340,0
DA:341,0
DA:343,0
DA:346,0
DA:347,0
DA:348,0
DA:350,0
DA:351,0
DA:357,0
DA:358,0
DA:359,0
DA:360,0
DA:366,0
DA:370,0
DA:371,0
DA:374,0
DA:375,0
DA:376,0
DA:378,0
DA:379,0
DA:381,0
DA:382,0
DA:383,0
DA:384,0
DA:385,0
DA:386,0
DA:391,0
DA:392,0
DA:393,0
DA:395,0
DA:396,0
DA:397,0
DA:399,0
DA:400,0
DA:401,0
DA:403,0
DA:404,0
DA:405,0
DA:407,0
DA:412,0
DA:413,0
DA:414,0
DA:415,0
DA:416,0
DA:417,0
DA:418,0
DA:419,0
DA:420,0
DA:421,0
DA:425,0
DA:427,0
DA:430,0
DA:431,0
DA:433,0
DA:434,0
DA:437,0
DA:441,0
DA:442,0
DA:443,0
DA:445,0
DA:446,0
DA:448,0
DA:449,0
DA:451,0
DA:453,0
LF:187
LH:9
BRDA:125,0,0,0
BRDA:125,0,1,0
BRDA:133,1,0,0
BRDA:146,2,0,0
BRDA:146,2,1,0
BRDA:148,3,0,0
BRDA:148,3,1,0
BRDA:150,4,0,0
BRDA:150,4,1,0
BRDA:183,5,0,0
BRDA:183,5,1,0
BRDA:183,6,0,0
BRDA:183,6,1,0
BRDA:190,7,0,0
BRDA:190,7,1,0
BRDA:190,8,0,0
BRDA:190,8,1,0
BRDA:195,9,0,0
BRDA:195,9,1,0
BRDA:195,10,0,0
BRDA:195,10,1,0
BRDA:218,11,0,0
BRDA:218,11,1,0
BRDA:218,12,0,0
BRDA:218,12,1,0
BRDA:225,13,0,0
BRDA:225,13,1,0
BRDA:228,14,0,0
BRDA:228,14,1,0
BRDA:251,15,0,0
BRDA:251,15,1,0
BRDA:257,16,0,0
BRDA:257,16,1,0
BRDA:272,17,0,0
BRDA:272,17,1,0
BRDA:289,18,0,0
BRDA:289,18,1,0
BRDA:294,19,0,0
BRDA:294,19,1,0
BRDA:295,20,0,0
BRDA:295,20,1,0
BRDA:299,21,0,0
BRDA:299,21,1,0
BRDA:301,22,0,0
BRDA:301,22,1,0
BRDA:304,23,0,0
BRDA:304,23,1,0
BRDA:315,24,0,0
BRDA:315,24,1,0
BRDA:320,25,0,0
BRDA:320,25,1,0
BRDA:334,26,0,0
BRDA:334,26,1,0
BRDA:335,27,0,0
BRDA:335,27,1,0
BRDA:340,28,0,0
BRDA:340,28,1,0
BRDA:357,29,0,0
BRDA:357,29,1,0
BRDA:359,30,0,0
BRDA:359,30,1,0
BRDA:370,31,0,0
BRDA:370,31,1,0
BRDA:378,32,0,0
BRDA:378,32,1,0
BRDA:385,33,0,0
BRDA:385,33,1,0
BRDA:385,34,0,0
BRDA:385,34,1,0
BRDA:392,35,0,0
BRDA:392,35,1,0
BRDA:396,36,0,0
BRDA:396,36,1,0
BRDA:401,37,0,0
BRDA:401,37,1,0
BRDA:401,38,0,0
BRDA:401,38,1,0
BRDA:404,39,0,0
BRDA:404,39,1,0
BRDA:416,40,0,0
BRDA:416,40,1,0
BRDA:417,41,0,0
BRDA:417,41,1,0
BRDA:417,42,0,0
BRDA:417,42,1,0
BRDA:417,42,2,0
BRDA:420,43,0,0
BRDA:420,43,1,0
BRDA:430,44,0,0
BRDA:430,44,1,0
BRDA:433,45,0,0
BRDA:433,45,1,0
BRDA:433,46,0,0
BRDA:433,46,1,0
BRDA:441,47,0,0
BRDA:441,47,1,0
BRF:96
BRH:0
end_of_record
TN:
SF:src/files.js
FN:5,(anonymous_0)
FN:212,chompSpecialFile
FN:242,(anonymous_2)
FN:251,makeModelFile
FN:255,makeMockModelFile
FN:256,(anonymous_5)
FN:256,(anonymous_6)
FN:259,loadConcatenatedFile
FN:283,createConcatenatedFile
FN:284,(anonymous_9)
FN:292,observeConcatenatedFile
FN:293,(anonymous_11)
FN:295,(anonymous_12)
FN:305,(anonymous_13)
FN:322,(anonymous_14)
FN:329,(anonymous_15)
FN:333,(anonymous_16)
FN:337,(anonymous_17)
FN:338,(anonymous_18)
FN:339,(anonymous_19)
FN:340,(anonymous_20)
FN:375,(anonymous_21)
FN:415,(anonymous_22)
FN:430,(anonymous_23)
FN:438,(anonymous_24)
FN:450,(anonymous_25)
FN:477,(anonymous_26)
FN:482,(anonymous_27)
FN:486,(anonymous_28)
FN:495,(anonymous_29)
FN:504,(anonymous_30)
FN:509,(anonymous_31)
FN:513,(anonymous_32)
FN:518,(anonymous_33)
FN:525,(anonymous_34)
FN:530,(anonymous_35)
FN:532,(anonymous_36)
FN:536,(anonymous_37)
FN:603,(anonymous_38)
FN:612,(anonymous_39)
FN:636,(anonymous_40)
FN:642,(anonymous_41)
FN:648,(anonymous_42)
FN:661,(anonymous_43)
FN:666,(anonymous_44)
FN:669,(anonymous_45)
FN:692,(anonymous_46)
FN:698,(anonymous_47)
FN:700,(anonymous_48)
FN:701,(anonymous_49)
FN:718,(anonymous_50)
FN:720,(anonymous_51)
FN:721,(anonymous_52)
FN:722,(anonymous_53)
FN:727,(anonymous_54)
FNF:55
FNH:1
FNDA:36,(anonymous_0)
FNDA:0,chompSpecialFile
FNDA:0,(anonymous_2)
FNDA:0,makeModelFile
FNDA:0,makeMockModelFile
FNDA:0,(anonymous_5)
FNDA:0,(anonymous_6)
FNDA:0,loadConcatenatedFile
FNDA:0,createConcatenatedFile
FNDA:0,(anonymous_9)
FNDA:0,observeConcatenatedFile
FNDA:0,(anonymous_11)
FNDA:0,(anonymous_12)
FNDA:0,(anonymous_13)
FNDA:0,(anonymous_14)
FNDA:0,(anonymous_15)
FNDA:0,(anonymous_16)
FNDA:0,(anonymous_17)
FNDA:0,(anonymous_18)
FNDA:0,(anonymous_19)
FNDA:0,(anonymous_20)
FNDA:0,(anonymous_21)
FNDA:0,(anonymous_22)
FNDA:0,(anonymous_23)
FNDA:0,(anonymous_24)
FNDA:0,(anonymous_25)
FNDA:0,(anonymous_26)
FNDA:0,(anonymous_27)
FNDA:0,(anonymous_28)
FNDA:0,(anonymous_29)
FNDA:0,(anonymous_30)
FNDA:0,(anonymous_31)
FNDA:0,(anonymous_32)
FNDA:0,(anonymous_33)
FNDA:0,(anonymous_34)
FNDA:0,(anonymous_35)
FNDA:0,(anonymous_36)
FNDA:0,(anonymous_37)
FNDA:0,(anonymous_38)
FNDA:0,(anonymous_39)
FNDA:0,(anonymous_40)
FNDA:0,(anonymous_41)
FNDA:0,(anonymous_42)
FNDA:0,(anonymous_43)
FNDA:0,(anonymous_44)
FNDA:0,(anonymous_45)
FNDA:0,(anonymous_46)
FNDA:0,(anonymous_47)
FNDA:0,(anonymous_48)
FNDA:0,(anonymous_49)
FNDA:0,(anonymous_50)
FNDA:0,(anonymous_51)
FNDA:0,(anonymous_52)
FNDA:0,(anonymous_53)
FNDA:0,(anonymous_54)
DA:5,4
DA:6,36
DA:7,4
DA:9,36
DA:10,36
DA:11,36
DA:12,32
DA:13,32
DA:15,36
DA:26,4
DA:136,4
DA:190,4
DA:201,4
DA:213,0
DA:214,0
DA:216,0
DA:220,4
DA:221,4
DA:223,4
DA:229,4
DA:231,4
DA:234,4
DA:243,0
DA:244,0
DA:245,0
DA:246,0
DA:247,0
DA:252,0
DA:256,0
DA:260,0
DA:261,0
DA:262,0
DA:263,0
DA:264,0
DA:265,0
DA:269,0
DA:270,0
DA:272,0
DA:275,0
DA:276,0
DA:278,0
DA:284,0
DA:285,0
DA:293,0
DA:294,0
DA:295,0
DA:296,0
DA:297,0
DA:306,0
DA:307,0
DA:308,0
DA:310,0
DA:311,0
DA:313,0
DA:314,0
DA:323,0
DA:324,0
DA:326,0
DA:330,0
DA:334,0
DA:335,0
DA:338,0
DA:339,0
DA:341,0
DA:342,0
DA:344,0
DA:345,0
DA:346,0
DA:348,0
DA:349,0
DA:350,0
DA:376,0
DA:377,0
DA:378,0
DA:379,0
DA:380,0
DA:381,0
DA:382,0
DA:383,0
DA:384,0
DA:385,0
DA:386,0
DA:387,0
DA:388,0
DA:389,0
DA:390,0
DA:391,0
DA:392,0
DA:393,0
DA:394,0
DA:395,0
DA:396,0
DA:397,0
DA:398,0
DA:399,0
DA:400,0
DA:401,0
DA:402,0
DA:403,0
DA:404,0
DA:405,0
DA:406,0
DA:409,0
DA:411,0
DA:416,0
DA:417,0
DA:418,0
DA:419,0
DA:420,0
DA:423,0
DA:424,0
DA:425,0
DA:426,0
DA:431,0
DA:432,0
DA:433,0
DA:434,0
DA:435,0
DA:439,0
DA:440,0
DA:441,0
DA:442,0
DA:443,0
DA:451,0
DA:453,0
DA:454,0
DA:455,0
DA:457,0
DA:459,0
DA:460,0
DA:463,0
DA:464,0
DA:465,0
DA:466,0
DA:468,0
DA:470,0
DA:471,0
DA:473,0
DA:478,0
DA:479,0
DA:483,0
DA:487,0
DA:496,0
DA:497,0
DA:498,0
DA:499,0
DA:500,0
DA:501,0
DA:504,0
DA:505,0
DA:510,0
DA:511,0
DA:512,0
DA:513,0
DA:515,0
DA:519,0
DA:520,0
DA:521,0
DA:522,0
DA:525,0
DA:526,0
DA:531,0
DA:532,0
DA:558,0
DA:559,0
DA:561,0
DA:563,0
DA:564,0
DA:565,0
DA:568,0
DA:569,0
DA:570,0
DA:571,0
DA:572,0
DA:575,0
DA:576,0
DA:577,0
DA:579,0
DA:580,0
DA:581,0
DA:584,0
DA:585,0
DA:586,0
DA:587,0
DA:588,0
DA:589,0
DA:590,0
DA:592,0
DA:593,0
DA:594,0
DA:595,0
DA:597,0
DA:598,0
DA:604,0
DA:605,0
DA:606,0
DA:609,0
DA:613,0
DA:614,0
DA:615,0
DA:617,0
DA:619,0
DA:621,0
DA:623,0
DA:625,0
DA:627,0
DA:629,0
DA:631,0
DA:633,0
DA:637,0
DA:638,0
DA:639,0
DA:640,0
DA:641,0
DA:642,0
DA:643,0
DA:644,0
DA:646,0
DA:648,0
DA:649,0
DA:650,0
DA:651,0
DA:652,0
DA:653,0
DA:656,0
DA:657,0
DA:658,0
DA:661,0
DA:662,0
DA:663,0
DA:664,0
DA:666,0
DA:675,0
DA:677,0
DA:678,0
DA:679,0
DA:681,0
DA:682,0
DA:683,0
DA:685,0
DA:686,0
DA:688,0
DA:689,0
DA:690,0
DA:692,0
DA:693,0
DA:699,0
DA:700,0
DA:701,0
DA:702,0
DA:703,0
DA:704,0
DA:705,0
DA:706,0
DA:708,0
DA:709,0
DA:711,0
DA:712,0
DA:715,0
DA:719,0
DA:720,0
DA:721,0
DA:722,0
DA:723,0
DA:724,0
DA:726,0
DA:727,0
DA:728,0
DA:729,0
DA:730,0
LF:270
LH:19
BRDA:6,0,0,4
BRDA:6,0,1,32
BRDA:11,1,0,32
BRDA:11,1,1,4
BRDA:213,2,0,0
BRDA:213,2,1,0
BRDA:245,3,0,0
BRDA:245,3,1,0
BRDA:252,4,0,0
BRDA:252,4,1,0
BRDA:260,5,0,0
BRDA:260,5,1,0
BRDA:264,6,0,0
BRDA:264,6,1,0
BRDA:269,7,0,0
BRDA:269,7,1,0
BRDA:275,8,0,0
BRDA:275,8,1,0
BRDA:323,9,0,0
BRDA:323,9,1,0
BRDA:342,10,0,0
BRDA:342,10,1,0
BRDA:346,11,0,0
BRDA:346,11,1,0
BRDA:349,12,0,0
BRDA:349,12,1,0
BRDA:376,13,0,0
BRDA:376,13,1,0
BRDA:378,14,0,0
BRDA:378,14,1,0
BRDA:380,15,0,0
BRDA:380,15,1,0
BRDA:382,16,0,0
BRDA:382,16,1,0
BRDA:384,17,0,0
BRDA:384,17,1,0
BRDA:386,18,0,0
BRDA:386,18,1,0
BRDA:388,19,0,0
BRDA:388,19,1,0
BRDA:390,20,0,0
BRDA:390,20,1,0
BRDA:392,21,0,0
BRDA:392,21,1,0
BRDA:394,22,0,0
BRDA:394,22,1,0
BRDA:396,23,0,0
BRDA:396,23,1,0
BRDA:398,24,0,0
BRDA:398,24,1,0
BRDA:400,25,0,0
BRDA:400,25,1,0
BRDA:402,26,0,0
BRDA:402,26,1,0
BRDA:404,27,0,0
BRDA:404,27,1,0
BRDA:406,28,0,0
BRDA:406,28,1,0
BRDA:406,29,0,0
BRDA:406,29,1,0
BRDA:406,29,2,0
BRDA:419,30,0,0
BRDA:419,30,1,0
BRDA:423,31,0,0
BRDA:423,31,1,0
BRDA:440,32,0,0
BRDA:440,32,1,0
BRDA:441,33,0,0
BRDA:441,33,1,0
BRDA:451,34,0,0
BRDA:451,34,1,0
BRDA:454,35,0,0
BRDA:454,35,1,0
BRDA:459,36,0,0
BRDA:459,36,1,0
BRDA:465,37,0,0
BRDA:465,37,1,0
BRDA:470,38,0,0
BRDA:470,38,1,0
BRDA:478,39,0,0
BRDA:478,39,1,0
BRDA:496,40,0,0
BRDA:496,40,1,0
BRDA:500,41,0,0
BRDA:500,41,1,0
BRDA:505,42,0,0
BRDA:505,42,1,0
BRDA:512,43,0,0
BRDA:512,43,1,0
BRDA:519,44,0,0
BRDA:519,44,1,0
BRDA:521,45,0,0
BRDA:521,45,1,0
BRDA:526,46,0,0
BRDA:526,46,1,0
BRDA:531,47,0,0
BRDA:531,47,1,0
BRDA:558,48,0,0
BRDA:558,48,1,0
BRDA:563,49,0,0
BRDA:563,49,1,0
BRDA:568,50,0,0
BRDA:568,50,1,0
BRDA:571,51,0,0
BRDA:571,51,1,0
BRDA:580,52,0,0
BRDA:580,52,1,0
BRDA:589,53,0,0
BRDA:589,53,1,0
BRDA:594,54,0,0
BRDA:594,54,1,0
BRDA:597,55,0,0
BRDA:597,55,1,0
BRDA:605,56,0,0
BRDA:605,56,1,0
BRDA:613,57,0,0
BRDA:613,57,1,0
BRDA:614,58,0,0
BRDA:614,58,1,0
BRDA:619,59,0,0
BRDA:619,59,1,0
BRDA:619,59,2,0
BRDA:619,59,3,0
BRDA:619,59,4,0
BRDA:619,59,5,0
BRDA:644,60,0,0
BRDA:644,60,1,0
BRDA:650,61,0,0
BRDA:650,61,1,0
BRDA:652,62,0,0
BRDA:652,62,1,0
BRDA:656,63,0,0
BRDA:656,63,1,0
BRDA:669,64,0,0
BRDA:677,65,0,0
BRDA:677,65,1,0
BRDA:678,66,0,0
BRDA:678,66,1,0
BRDA:678,67,0,0
BRDA:678,67,1,0
BRDA:681,68,0,0
BRDA:681,68,1,0
BRDA:689,69,0,0
BRDA:689,69,1,0
BRDA:705,70,0,0
BRDA:705,70,1,0
BRDA:708,71,0,0
BRDA:708,71,1,0
BRDA:723,72,0,0
BRDA:723,72,1,0
BRDA:726,73,0,0
BRDA:726,73,1,0
BRF:152
BRH:4
end_of_record
TN:
SF:src/footer.js
FNF:0
FNH:0
DA:2,4
LF:1
LH:1
BRF:0
BRH:0
end_of_record
TN:
SF:src/history.js
FN:42,(anonymous_0)
FN:50,(anonymous_1)
FN:56,(anonymous_2)
FN:62,(anonymous_3)
FN:75,(anonymous_4)
FN:80,(anonymous_5)
FN:85,(anonymous_6)
FN:91,(anonymous_7)
FN:97,(anonymous_8)
FN:102,(anonymous_9)
FN:109,(anonymous_10)
FN:118,(anonymous_11)
FN:148,isSameDay
FN:160,prettyPrintDateTime
FN:193,(anonymous_14)
FN:196,(anonymous_15)
FN:197,(anonymous_16)
FN:202,(anonymous_17)
FNF:18
FNH:0
FNDA:0,(anonymous_0)
FNDA:0,(anonymous_1)
FNDA:0,(anonymous_2)
FNDA:0,(anonymous_3)
FNDA:0,(anonymous_4)
FNDA:0,(anonymous_5)
FNDA:0,(anonymous_6)
FNDA:0,(anonymous_7)
FNDA:0,(anonymous_8)
FNDA:0,(anonymous_9)
FNDA:0,(anonymous_10)
FNDA:0,(anonymous_11)
FNDA:0,isSameDay
FNDA:0,prettyPrintDateTime
FNDA:0,(anonymous_14)
FNDA:0,(anonymous_15)
FNDA:0,(anonymous_16)
FNDA:0,(anonymous_17)
DA:3,4
DA:43,0
DA:44,0
DA:45,0
DA:46,0
DA:47,0
DA:51,0
DA:52,0
DA:53,0
DA:54,0
DA:55,0
DA:57,0
DA:63,0
DA:64,0
DA:65,0
DA:66,0
DA:67,0
DA:68,0
DA:69,0
DA:70,0
DA:72,0
DA:74,0
DA:75,0
DA:76,0
DA:81,0
DA:82,0
DA:86,0
DA:87,0
DA:88,0
DA:92,0
DA:93,0
DA:94,0
DA:98,0
DA:99,0
DA:103,0
DA:104,0
DA:105,0
DA:110,0
DA:111,0
DA:112,0
DA:113,0
DA:114,0
DA:119,0
DA:126,4
DA:136,4
DA:142,4
DA:149,0
DA:168,0
DA:169,0
DA:171,0
DA:172,0
DA:173,0
DA:174,0
DA:176,0
DA:177,0
DA:178,0
DA:179,0
DA:180,0
DA:182,0
DA:193,4
DA:194,0
DA:195,0
DA:196,0
DA:197,0
DA:198,0
DA:199,0
DA:200,0
DA:202,0
LF:68
LH:5
BRDA:57,0,0,0
BRDA:57,0,1,0
BRDA:57,0,2,0
BRDA:57,0,3,0
BRDA:57,0,4,0
BRDA:63,1,0,0
BRDA:63,1,1,0
BRDA:67,2,0,0
BRDA:67,2,1,0
BRDA:103,3,0,0
BRDA:103,3,1,0
BRDA:110,4,0,0
BRDA:110,4,1,0
BRDA:119,5,0,0
BRDA:119,5,1,0
BRDA:119,5,2,0
BRDA:149,6,0,0
BRDA:149,6,1,0
BRDA:149,6,2,0
BRDA:168,7,0,0
BRDA:168,7,1,0
BRDA:173,8,0,0
BRDA:173,8,1,0
BRDA:179,9,0,0
BRDA:179,9,1,0
BRF:25
BRH:0
end_of_record
TN:
SF:src/interface.js
FN:36,makeExtraInterfaceSubscriptions
FN:39,(anonymous_1)
FN:43,(anonymous_2)
FN:44,(anonymous_3)
FN:50,(anonymous_4)
FN:55,(anonymous_5)
FN:60,(anonymous_6)
FN:67,(anonymous_7)
FN:78,makeInterface
FNF:9
FNH:3
FNDA:3,makeExtraInterfaceSubscriptions
FNDA:1,(anonymous_1)
FNDA:1,(anonymous_2)
FNDA:0,(anonymous_3)
FNDA:0,(anonymous_4)
FNDA:0,(anonymous_5)
FNDA:0,(anonymous_6)
FNDA:0,(anonymous_7)
FNDA:0,makeInterface
DA:25,4
DA:38,3
DA:39,3
DA:40,1
DA:41,0
DA:43,1
DA:44,1
DA:45,0
DA:50,3
DA:51,0
DA:53,0
DA:55,0
DA:56,0
DA:57,0
DA:59,0
DA:61,0
DA:63,0
DA:64,0
DA:67,0
DA:68,0
DA:70,0
DA:79,0
LF:22
LH:7
BRDA:40,0,0,0
BRDA:40,0,1,1
BRDA:53,1,0,0
BRDA:53,1,1,0
BRF:4
BRH:1
end_of_record
TN:
SF:src/server.js
FN:24,BlockPyServer
FN:62,(anonymous_1)
FN:88,(anonymous_2)
FN:94,(anonymous_3)
FN:101,(anonymous_4)
FN:102,pushAnyQueued
FN:114,(anonymous_6)
FN:115,(anonymous_7)
FN:123,(anonymous_8)
FN:136,(anonymous_9)
FN:137,(anonymous_10)
FN:140,(anonymous_11)
FN:156,(anonymous_12)
FN:160,(anonymous_13)
FN:178,(anonymous_14)
FN:207,(anonymous_15)
FN:218,(anonymous_16)
FN:243,(anonymous_17)
FN:250,(anonymous_18)
FN:266,(anonymous_19)
FN:276,(anonymous_20)
FN:278,(anonymous_21)
FN:282,(anonymous_22)
FN:298,(anonymous_23)
FN:321,(anonymous_24)
FN:323,(anonymous_25)
FN:329,(anonymous_26)
FN:353,(anonymous_27)
FN:371,(anonymous_28)
FN:379,(anonymous_29)
FN:385,(anonymous_30)
FN:393,(anonymous_31)
FN:403,(anonymous_32)
FN:409,(anonymous_33)
FN:417,(anonymous_34)
FN:426,(anonymous_35)
FN:441,(anonymous_36)
FN:450,(anonymous_37)
FN:455,(anonymous_38)
FN:462,(anonymous_39)
FN:467,(anonymous_40)
FN:474,(anonymous_41)
FN:485,(anonymous_42)
FN:488,(anonymous_43)
FN:501,(anonymous_44)
FN:508,(anonymous_45)
FN:511,(anonymous_46)
FN:520,(anonymous_47)
FN:528,(anonymous_48)
FN:531,(anonymous_49)
FN:540,(anonymous_50)
FN:554,(anonymous_51)
FN:561,(anonymous_52)
FN:578,(anonymous_53)
FN:586,(anonymous_54)
FN:592,(anonymous_55)
FN:604,(anonymous_56)
FN:612,(anonymous_57)
FN:620,(anonymous_58)
FN:630,(anonymous_59)
FN:650,(anonymous_60)
FN:656,(anonymous_61)
FN:668,(anonymous_62)
FN:674,(anonymous_63)
FN:688,(anonymous_64)
FNF:65
FNH:0
FNDA:0,BlockPyServer
FNDA:0,(anonymous_1)
FNDA:0,(anonymous_2)
FNDA:0,(anonymous_3)
FNDA:0,(anonymous_4)
FNDA:0,pushAnyQueued
FNDA:0,(anonymous_6)
FNDA:0,(anonymous_7)
FNDA:0,(anonymous_8)
FNDA:0,(anonymous_9)
FNDA:0,(anonymous_10)
FNDA:0,(anonymous_11)
FNDA:0,(anonymous_12)
FNDA:0,(anonymous_13)
FNDA:0,(anonymous_14)
FNDA:0,(anonymous_15)
FNDA:0,(anonymous_16)
FNDA:0,(anonymous_17)
FNDA:0,(anonymous_18)
FNDA:0,(anonymous_19)
FNDA:0,(anonymous_20)
FNDA:0,(anonymous_21)
FNDA:0,(anonymous_22)
FNDA:0,(anonymous_23)
FNDA:0,(anonymous_24)
FNDA:0,(anonymous_25)
FNDA:0,(anonymous_26)
FNDA:0,(anonymous_27)
FNDA:0,(anonymous_28)
FNDA:0,(anonymous_29)
FNDA:0,(anonymous_30)
FNDA:0,(anonymous_31)
FNDA:0,(anonymous_32)
FNDA:0,(anonymous_33)
FNDA:0,(anonymous_34)
FNDA:0,(anonymous_35)
FNDA:0,(anonymous_36)
FNDA:0,(anonymous_37)
FNDA:0,(anonymous_38)
FNDA:0,(anonymous_39)
FNDA:0,(anonymous_40)
FNDA:0,(anonymous_41)
FNDA:0,(anonymous_42)
FNDA:0,(anonymous_43)
FNDA:0,(anonymous_44)
FNDA:0,(anonymous_45)
FNDA:0,(anonymous_46)
FNDA:0,(anonymous_47)
FNDA:0,(anonymous_48)
FNDA:0,(anonymous_49)
FNDA:0,(anonymous_50)
FNDA:0,(anonymous_51)
FNDA:0,(anonymous_52)
FNDA:0,(anonymous_53)
FNDA:0,(anonymous_54)
FNDA:0,(anonymous_55)
FNDA:0,(anonymous_56)
FNDA:0,(anonymous_57)
FNDA:0,(anonymous_58)
FNDA:0,(anonymous_59)
FNDA:0,(anonymous_60)
FNDA:0,(anonymous_61)
FNDA:0,(anonymous_62)
FNDA:0,(anonymous_63)
FNDA:0,(anonymous_64)
DA:8,1
DA:25,0
DA:28,0
DA:31,0
DA:34,0
DA:38,0
DA:43,0
DA:44,0
DA:46,0
DA:48,0
DA:49,0
DA:51,0
DA:52,0
DA:53,0
DA:55,0
DA:62,1
DA:63,0
DA:64,0
DA:65,0
DA:66,0
DA:67,0
DA:71,0
DA:72,0
DA:74,0
DA:76,0
DA:79,0
DA:88,1
DA:89,0
DA:90,0
DA:91,0
DA:94,0
DA:95,0
DA:96,0
DA:97,0
DA:100,0
DA:101,0
DA:102,0
DA:103,0
DA:104,0
DA:105,0
DA:106,0
DA:107,0
DA:114,1
DA:115,0
DA:116,0
DA:117,0
DA:123,1
DA:124,0
DA:125,0
DA:126,0
DA:127,0
DA:128,0
DA:129,0
DA:130,0
DA:131,0
DA:132,0
DA:133,0
DA:136,1
DA:137,0
DA:138,0
DA:140,0
DA:141,0
DA:156,1
DA:160,1
DA:161,0
DA:162,0
DA:164,0
DA:165,0
DA:166,0
DA:167,0
DA:169,0
DA:171,0
DA:178,1
DA:179,0
DA:180,0
DA:181,0
DA:182,0
DA:183,0
DA:184,0
DA:185,0
DA:186,0
DA:198,0
DA:207,1
DA:208,0
DA:209,0
DA:210,0
DA:218,1
DA:219,0
DA:220,0
DA:221,0
DA:222,0
DA:224,0
DA:226,0
DA:227,0
DA:229,0
DA:230,0
DA:232,0
DA:233,0
DA:235,0
DA:236,0
DA:243,1
DA:244,0
DA:245,0
DA:246,0
DA:250,1
DA:252,0
DA:253,0
DA:254,0
DA:255,0
DA:258,0
DA:259,0
DA:260,0
DA:261,0
DA:262,0
DA:266,1
DA:267,0
DA:268,0
DA:269,0
DA:270,0
DA:271,0
DA:276,1
DA:278,0
DA:280,0
DA:281,0
DA:283,0
DA:284,0
DA:285,0
DA:287,0
DA:288,0
DA:290,0
DA:291,0
DA:293,0
DA:294,0
DA:299,0
DA:300,0
DA:303,0
DA:304,0
DA:306,0
DA:321,1
DA:322,0
DA:323,0
DA:325,0
DA:326,0
DA:328,0
DA:330,0
DA:331,0
DA:333,0
DA:334,0
DA:335,0
DA:337,0
DA:340,0
DA:341,0
DA:343,0
DA:344,0
DA:345,0
DA:347,0
DA:348,0
DA:354,0
DA:356,0
DA:357,0
DA:358,0
DA:363,0
DA:364,0
DA:365,0
DA:367,0
DA:371,1
DA:372,0
DA:373,0
DA:380,0
DA:381,0
DA:382,0
DA:383,0
DA:386,0
DA:387,0
DA:388,0
DA:389,0
DA:390,0
DA:393,0
DA:394,0
DA:395,0
DA:396,0
DA:403,1
DA:404,0
DA:405,0
DA:406,0
DA:407,0
DA:408,0
DA:410,0
DA:411,0
DA:413,0
DA:414,0
DA:418,0
DA:419,0
DA:422,0
DA:426,1
DA:427,0
DA:428,0
DA:429,0
DA:430,0
DA:431,0
DA:432,0
DA:433,0
DA:434,0
DA:435,0
DA:436,0
DA:437,0
DA:439,0
DA:442,0
DA:443,0
DA:446,0
DA:450,1
DA:451,0
DA:452,0
DA:453,0
DA:454,0
DA:456,0
DA:457,0
DA:462,1
DA:463,0
DA:464,0
DA:465,0
DA:466,0
DA:468,0
DA:469,0
DA:474,1
DA:475,0
DA:476,0
DA:477,0
DA:478,0
DA:479,0
DA:480,0
DA:481,0
DA:482,0
DA:483,0
DA:485,0
DA:486,0
DA:489,0
DA:490,0
DA:492,0
DA:494,0
DA:497,0
DA:501,1
DA:502,0
DA:503,0
DA:504,0
DA:505,0
DA:506,0
DA:507,0
DA:508,0
DA:509,0
DA:512,0
DA:513,0
DA:516,0
DA:520,1
DA:521,0
DA:522,0
DA:523,0
DA:524,0
DA:525,0
DA:526,0
DA:527,0
DA:528,0
DA:529,0
DA:532,0
DA:533,0
DA:536,0
DA:540,1
DA:541,0
DA:542,0
DA:543,0
DA:545,0
DA:546,0
DA:547,0
DA:548,0
DA:549,0
DA:550,0
DA:551,0
DA:552,0
DA:554,0
DA:557,0
DA:561,1
DA:562,0
DA:563,0
DA:564,0
DA:566,0
DA:567,0
DA:568,0
DA:569,0
DA:570,0
DA:572,0
DA:574,0
DA:578,1
DA:579,0
DA:580,0
DA:581,0
DA:583,0
DA:584,0
DA:585,0
DA:586,0
DA:587,0
DA:588,0
DA:591,0
DA:593,0
DA:594,0
DA:604,1
DA:605,0
DA:606,0
DA:607,0
DA:608,0
DA:609,0
DA:610,0
DA:611,0
DA:613,0
DA:614,0
DA:616,0
DA:617,0
DA:621,0
DA:622,0
DA:625,0
DA:626,0
DA:630,1
DA:631,0
DA:632,0
DA:634,0
DA:635,0
DA:636,0
DA:637,0
DA:639,0
DA:640,0
DA:641,0
DA:642,0
DA:643,0
DA:644,0
DA:646,0
DA:650,1
DA:651,0
DA:652,0
DA:656,1
DA:657,0
DA:658,0
DA:659,0
DA:661,0
DA:662,0
DA:663,0
DA:664,0
DA:665,0
DA:666,0
DA:667,0
DA:668,0
DA:669,0
DA:670,0
DA:671,0
DA:673,0
DA:675,0
DA:676,0
DA:678,0
DA:680,0
DA:681,0
DA:688,1
DA:689,0
DA:690,0
DA:691,0
DA:692,0
DA:693,0
LF:364
LH:32
BRDA:63,0,0,0
BRDA:63,0,1,0
BRDA:64,1,0,0
BRDA:64,1,1,0
BRDA:66,2,0,0
BRDA:66,2,1,0
BRDA:71,3,0,0
BRDA:71,3,1,0
BRDA:89,4,0,0
BRDA:89,4,1,0
BRDA:95,5,0,0
BRDA:95,5,1,0
BRDA:103,6,0,0
BRDA:103,6,1,0
BRDA:104,7,0,0
BRDA:104,7,1,0
BRDA:116,8,0,0
BRDA:116,8,1,0
BRDA:161,9,0,0
BRDA:161,9,1,0
BRDA:165,10,0,0
BRDA:165,10,1,0
BRDA:166,11,0,0
BRDA:166,11,1,0
BRDA:208,12,0,0
BRDA:208,12,1,0
BRDA:210,13,0,0
BRDA:210,13,1,0
BRDA:220,14,0,0
BRDA:220,14,1,0
BRDA:224,15,0,0
BRDA:224,15,1,0
BRDA:224,15,2,0
BRDA:224,15,3,0
BRDA:245,16,0,0
BRDA:245,16,1,0
BRDA:254,17,0,0
BRDA:254,17,1,0
BRDA:260,18,0,0
BRDA:260,18,1,0
BRDA:269,19,0,0
BRDA:269,19,1,0
BRDA:284,20,0,0
BRDA:284,20,1,0
BRDA:290,21,0,0
BRDA:290,21,1,0
BRDA:293,22,0,0
BRDA:293,22,1,0
BRDA:303,23,0,0
BRDA:303,23,1,0
BRDA:330,24,0,0
BRDA:330,24,1,0
BRDA:334,25,0,0
BRDA:334,25,1,0
BRDA:341,26,0,0
BRDA:341,26,1,0
BRDA:344,27,0,0
BRDA:344,27,1,0
BRDA:347,28,0,0
BRDA:347,28,1,0
BRDA:357,29,0,0
BRDA:357,29,1,0
BRDA:364,30,0,0
BRDA:364,30,1,0
BRDA:371,31,0,0
BRDA:386,32,0,0
BRDA:386,32,1,0
BRDA:389,33,0,0
BRDA:389,33,1,0
BRDA:405,34,0,0
BRDA:405,34,1,0
BRDA:410,35,0,0
BRDA:410,35,1,0
BRDA:428,36,0,0
BRDA:428,36,1,0
BRDA:451,37,0,0
BRDA:451,37,1,0
BRDA:463,38,0,0
BRDA:463,38,1,0
BRDA:474,39,0,0
BRDA:476,40,0,0
BRDA:476,40,1,0
BRDA:482,41,0,0
BRDA:482,41,1,0
BRDA:489,42,0,0
BRDA:489,42,1,0
BRDA:503,43,0,0
BRDA:503,43,1,0
BRDA:522,44,0,0
BRDA:522,44,1,0
BRDA:541,45,0,0
BRDA:541,45,1,0
BRDA:545,46,0,0
BRDA:545,46,1,0
BRDA:562,47,0,0
BRDA:562,47,1,0
BRDA:566,48,0,0
BRDA:566,48,1,0
BRDA:579,49,0,0
BRDA:579,49,1,0
BRDA:583,50,0,0
BRDA:583,50,1,0
BRDA:587,51,0,0
BRDA:587,51,1,0
BRDA:607,52,0,0
BRDA:607,52,1,0
BRDA:613,53,0,0
BRDA:613,53,1,0
BRDA:631,54,0,0
BRDA:631,54,1,0
BRDA:635,55,0,0
BRDA:635,55,1,0
BRDA:639,56,0,0
BRDA:639,56,1,0
BRDA:651,57,0,0
BRDA:651,57,1,0
BRDA:651,58,0,0
BRDA:651,58,1,0
BRDA:657,59,0,0
BRDA:657,59,1,0
BRDA:662,60,0,0
BRDA:662,60,1,0
BRDA:670,61,0,0
BRDA:670,61,1,0
BRDA:675,62,0,0
BRDA:675,62,1,0
BRDA:680,63,0,0
BRDA:680,63,1,0
BRDA:680,64,0,0
BRDA:680,64,1,0
BRDA:680,64,2,0
BRF:131
BRH:0
end_of_record
TN:
SF:src/storage.js
FN:10,(anonymous_0)
FN:11,(anonymous_1)
FN:12,(anonymous_2)
FN:13,(anonymous_3)
FN:28,LocalStorageWrapper
FN:38,(anonymous_5)
FN:48,(anonymous_6)
FN:58,(anonymous_7)
FN:68,(anonymous_8)
FN:80,(anonymous_9)
FN:94,(anonymous_10)
FN:106,(anonymous_11)
FNF:12
FNH:6
FNDA:0,(anonymous_0)
FNDA:0,(anonymous_1)
FNDA:0,(anonymous_2)
FNDA:0,(anonymous_3)
FNDA:6,LocalStorageWrapper
FNDA:2,(anonymous_5)
FNDA:1,(anonymous_6)
FNDA:1,(anonymous_7)
FNDA:0,(anonymous_8)
FNDA:1,(anonymous_9)
FNDA:2,(anonymous_10)
FNDA:0,(anonymous_11)
DA:2,3
DA:3,3
DA:4,3
DA:5,3
DA:6,3
DA:8,0
DA:10,0
DA:11,0
DA:12,0
DA:13,0
DA:29,6
DA:38,3
DA:39,2
DA:40,2
DA:48,3
DA:49,1
DA:50,1
DA:58,3
DA:59,1
DA:68,3
DA:69,0
DA:80,3
DA:81,1
DA:82,0
DA:84,1
DA:85,1
DA:94,3
DA:95,2
DA:106,3
DA:107,0
DA:108,0
LF:31
LH:22
BRDA:11,0,0,0
BRDA:11,0,1,0
BRDA:81,1,0,0
BRDA:81,1,1,1
BRF:4
BRH:1
end_of_record
TN:
SF:src/toolbar.js
FN:10,BlockPyToolbar
FN:30,(anonymous_1)
FN:32,(anonymous_2)
FN:47,(anonymous_3)
FN:51,(anonymous_4)
FN:59,(anonymous_5)
FN:72,(anonymous_6)
FN:81,(anonymous_7)
FN:85,(anonymous_8)
FN:90,(anonymous_9)
FN:97,(anonymous_10)
FN:161,(anonymous_11)
FNF:12
FNH:0
FNDA:0,BlockPyToolbar
FNDA:0,(anonymous_1)
FNDA:0,(anonymous_2)
FNDA:0,(anonymous_3)
FNDA:0,(anonymous_4)
FNDA:0,(anonymous_5)
FNDA:0,(anonymous_6)
FNDA:0,(anonymous_7)
FNDA:0,(anonymous_8)
FNDA:0,(anonymous_9)
FNDA:0,(anonymous_10)
FNDA:0,(anonymous_11)
DA:11,0
DA:12,0
DA:15,0
DA:16,0
DA:17,0
DA:20,0
DA:30,0
DA:31,0
DA:32,0
DA:34,0
DA:35,0
DA:36,0
DA:40,0
DA:41,0
DA:47,0
DA:48,0
DA:49,0
DA:51,0
DA:52,0
DA:54,0
DA:55,0
DA:56,0
DA:59,0
DA:60,0
DA:61,0
DA:62,0
DA:64,0
DA:65,0
DA:72,0
DA:73,0
DA:74,0
DA:75,0
DA:77,0
DA:78,0
DA:81,0
DA:82,0
DA:83,0
DA:85,0
DA:86,0
DA:87,0
DA:89,0
DA:90,0
DA:91,0
DA:92,0
DA:95,0
DA:97,0
DA:98,0
DA:99,0
DA:161,0
DA:162,0
LF:50
LH:0
BRDA:55,0,0,0
BRDA:55,0,1,0
BRDA:60,1,0,0
BRDA:60,1,1,0
BRDA:73,2,0,0
BRDA:73,2,1,0
BRF:6
BRH:0
end_of_record
TN:
SF:src/trace.js
FN:177,(anonymous_0)
FN:193,(anonymous_1)
FN:232,(anonymous_2)
FNF:3
FNH:0
FNDA:0,(anonymous_0)
FNDA:0,(anonymous_1)
FNDA:0,(anonymous_2)
DA:1,4
DA:73,4
DA:178,0
DA:179,0
DA:181,0
DA:194,0
DA:195,0
DA:197,0
DA:204,0
DA:205,0
DA:206,0
DA:207,0
DA:210,0
DA:211,0
DA:213,0
DA:215,0
DA:216,0
DA:217,0
DA:218,0
DA:223,0
DA:233,0
DA:234,0
DA:239,0
DA:241,0
DA:247,0
DA:249,0
DA:256,0
DA:258,0
DA:259,0
DA:264,0
DA:270,0
DA:275,0
DA:280,0
DA:285,0
DA:290,0
DA:295,0
DA:300,0
DA:301,0
DA:307,0
DA:314,0
DA:319,0
DA:324,0
DA:329,0
DA:334,0
LF:44
LH:2
BRDA:197,0,0,0
BRDA:197,0,1,0
BRDA:206,1,0,0
BRDA:206,1,1,0
BRDA:206,2,0,0
BRDA:206,2,1,0
BRDA:215,3,0,0
BRDA:215,3,1,0
BRDA:217,4,0,0
BRDA:217,4,1,0
BRDA:233,5,0,0
BRDA:233,5,1,0
BRDA:239,6,0,0
BRDA:247,7,0,0
BRDA:247,7,1,0
BRDA:247,7,2,0
BRDA:247,7,3,0
BRDA:247,7,4,0
BRDA:247,7,5,0
BRDA:247,7,6,0
BRDA:247,7,7,0
BRDA:247,7,8,0
BRDA:247,7,9,0
BRDA:247,7,10,0
BRDA:247,7,11,0
BRDA:247,7,12,0
BRDA:247,7,13,0
BRDA:247,7,14,0
BRDA:252,8,0,0
BRDA:252,8,1,0
BRDA:258,9,0,0
BRDA:258,9,1,0
BRDA:258,10,0,0
BRDA:258,10,1,0
BRDA:281,11,0,0
BRDA:281,11,1,0
BRDA:300,12,0,0
BRDA:300,12,1,0
BRDA:320,13,0,0
BRDA:320,13,1,0
BRDA:331,14,0,0
BRDA:331,14,1,0
BRDA:335,15,0,0
BRDA:335,15,1,0
BRDA:336,16,0,0
BRDA:336,16,1,0
BRF:46
BRH:0
end_of_record
TN:
SF:src/utilities.js
FN:11,arrayMove
FN:19,(anonymous_1)
FN:32,arrayContains
FN:44,arrayUnique
FN:68,expandArray
FN:69,(anonymous_5)
FN:80,cloneNode
FN:100,indent
FN:109,slug
FN:118,capitalize
FN:132,randomInteger
FN:143,encodeHTML
FN:155,(anonymous_12)
FN:182,moveElements
FN:194,firstDefinedValue
FN:213,isSkBuiltin
FN:226,isAstNode
FN:240,extractPart
FN:271,mixedRemapToPy
FN:322,getCurrentTime
FNF:20
FNH:2
FNDA:5,arrayMove
FNDA:11,(anonymous_1)
FNDA:0,arrayContains
FNDA:0,arrayUnique
FNDA:0,expandArray
FNDA:0,(anonymous_5)
FNDA:0,cloneNode
FNDA:0,indent
FNDA:0,slug
FNDA:0,capitalize
FNDA:0,randomInteger
FNDA:0,encodeHTML
FNDA:0,(anonymous_12)
FNDA:0,moveElements
FNDA:0,firstDefinedValue
FNDA:0,isSkBuiltin
FNDA:0,isAstNode
FNDA:0,extractPart
FNDA:0,mixedRemapToPy
FNDA:0,getCurrentTime
DA:12,5
DA:13,5
DA:15,5
DA:16,2
DA:19,3
DA:20,11
DA:21,8
DA:22,5
DA:33,0
DA:45,0
DA:46,0
DA:47,0
DA:48,0
DA:52,0
DA:69,0
DA:70,0
DA:72,0
DA:82,0
DA:85,0
DA:86,0
DA:87,0
DA:88,0
DA:91,0
DA:101,0
DA:110,0
DA:119,0
DA:120,0
DA:122,0
DA:133,0
DA:144,0
DA:154,6
DA:155,0
DA:156,0
DA:157,0
DA:158,0
DA:159,0
DA:160,0
DA:161,0
DA:162,0
DA:164,0
DA:165,0
DA:166,0
DA:167,0
DA:169,0
DA:171,0
DA:173,0
DA:183,0
DA:184,0
DA:185,0
DA:186,0
DA:187,0
DA:188,0
DA:195,0
DA:196,0
DA:197,0
DA:200,0
DA:214,0
DA:227,0
DA:230,6
DA:241,0
DA:242,0
DA:244,0
DA:245,0
DA:250,0
DA:251,0
DA:252,0
DA:253,0
DA:255,0
DA:256,0
DA:258,0
DA:261,0
DA:277,0
DA:279,0
DA:280,0
DA:282,0
DA:283,0
DA:285,0
DA:286,0
DA:287,0
DA:289,0
DA:292,0
DA:293,0
DA:294,0
DA:295,0
DA:296,0
DA:298,0
DA:299,0
DA:301,0
DA:303,0
DA:306,0
DA:308,0
DA:310,0
DA:311,0
DA:312,0
DA:313,0
DA:314,0
DA:315,0
DA:316,0
DA:317,0
DA:323,0
DA:324,0
DA:325,0
DA:327,0
DA:329,0
DA:330,0
DA:331,0
DA:333,0
DA:336,6
DA:337,6
DA:338,6
DA:339,6
DA:340,6
DA:342,6
DA:343,6
DA:344,6
DA:345,6
DA:346,6
DA:347,6
LF:118
LH:21
BRDA:15,0,0,2
BRDA:15,0,1,3
BRDA:15,1,0,5
BRDA:15,1,1,4
BRDA:15,1,2,4
BRDA:20,2,0,3
BRDA:20,2,1,8
BRDA:21,3,0,3
BRDA:21,3,1,5
BRDA:21,4,0,2
BRDA:21,4,1,1
BRDA:48,5,0,0
BRDA:48,5,1,0
BRDA:82,6,0,0
BRDA:82,6,1,0
BRDA:119,7,0,0
BRDA:119,7,1,0
BRDA:154,8,0,0
BRDA:154,8,1,6
BRDA:166,9,0,0
BRDA:166,9,1,0
BRDA:185,10,0,0
BRDA:185,10,1,0
BRDA:196,11,0,0
BRDA:196,11,1,0
BRDA:214,12,0,0
BRDA:214,12,1,0
BRDA:214,12,2,0
BRDA:214,12,3,0
BRDA:214,12,4,0
BRDA:214,12,5,0
BRDA:214,12,6,0
BRDA:214,12,7,0
BRDA:227,13,0,0
BRDA:227,13,1,0
BRDA:241,14,0,0
BRDA:241,14,1,0
BRDA:241,15,0,0
BRDA:241,15,1,0
BRDA:250,16,0,0
BRDA:250,16,1,0
BRDA:252,17,0,0
BRDA:252,17,1,0
BRDA:252,18,0,0
BRDA:252,18,1,0
BRDA:255,19,0,0
BRDA:255,19,1,0
BRDA:255,20,0,0
BRDA:255,20,1,0
BRDA:255,20,2,0
BRDA:277,21,0,0
BRDA:277,21,1,0
BRDA:280,22,0,0
BRDA:280,22,1,0
BRDA:286,23,0,0
BRDA:286,23,1,0
BRDA:293,24,0,0
BRDA:293,24,1,0
BRDA:295,25,0,0
BRDA:295,25,1,0
BRDA:296,26,0,0
BRDA:296,26,1,0
BRDA:310,27,0,0
BRDA:310,27,1,0
BRDA:312,28,0,0
BRDA:312,28,1,0
BRDA:314,29,0,0
BRDA:314,29,1,0
BRDA:316,30,0,0
BRDA:316,30,1,0
BRDA:327,31,0,0
BRDA:327,31,1,0
BRDA:330,32,0,0
BRDA:330,32,1,0
BRF:74
BRH:12
end_of_record
TN:
SF:src/editor/abstract_editor.js
FN:3,uploadFile
FN:6,(anonymous_1)
FN:14,sluggify
FN:18,downloadFile
FN:38,(anonymous_4)
FN:47,(anonymous_5)
FN:53,(anonymous_6)
FN:59,(anonymous_7)
FN:68,(anonymous_8)
FN:75,(anonymous_9)
FN:87,(anonymous_10)
FN:93,(anonymous_11)
FN:99,(anonymous_12)
FNF:13
FNH:0
FNDA:0,uploadFile
FNDA:0,(anonymous_1)
FNDA:0,sluggify
FNDA:0,downloadFile
FNDA:0,(anonymous_4)
FNDA:0,(anonymous_5)
FNDA:0,(anonymous_6)
FNDA:0,(anonymous_7)
FNDA:0,(anonymous_8)
FNDA:0,(anonymous_9)
FNDA:0,(anonymous_10)
FNDA:0,(anonymous_11)
FNDA:0,(anonymous_12)
DA:4,0
DA:5,0
DA:6,0
DA:7,0
DA:9,0
DA:10,0
DA:11,0
DA:15,0
DA:19,0
DA:21,0
DA:22,0
DA:24,0
DA:25,0
DA:26,0
DA:28,0
DA:29,0
DA:30,0
DA:31,0
DA:32,0
DA:33,0
DA:39,0
DA:40,0
DA:42,0
DA:43,0
DA:44,0
DA:48,0
DA:49,0
DA:50,0
DA:55,0
DA:56,0
DA:60,0
DA:62,0
DA:69,0
DA:76,0
DA:77,0
DA:78,0
DA:88,0
DA:89,0
DA:90,0
DA:94,0
DA:95,0
DA:96,0
DA:100,0
DA:101,0
LF:44
LH:0
BRDA:25,0,0,0
BRDA:25,0,1,0
BRDA:60,1,0,0
BRDA:60,1,1,0
BRF:4
BRH:0
end_of_record
TN:
SF:src/editor/assignment_settings.js
FN:52,getDocumentation
FN:61,makeStartViewTab
FN:72,(anonymous_2)
FN:73,(anonymous_3)
FN:74,(anonymous_4)
FN:308,saveAssignmentSettings
FN:310,(anonymous_6)
FN:321,loadAssignmentSettings
FN:324,(anonymous_8)
FN:339,makeAssignmentSettingsModel
FN:341,(anonymous_10)
FN:359,(anonymous_11)
FN:364,(anonymous_12)
FN:376,(anonymous_13)
FN:386,(anonymous_14)
FN:396,(anonymous_15)
FNF:16
FNH:5
FNDA:28,getDocumentation
FNDA:12,makeStartViewTab
FNDA:140,(anonymous_2)
FNDA:112,(anonymous_3)
FNDA:268,(anonymous_4)
FNDA:0,saveAssignmentSettings
FNDA:0,(anonymous_6)
FNDA:0,loadAssignmentSettings
FNDA:0,(anonymous_8)
FNDA:0,makeAssignmentSettingsModel
FNDA:0,(anonymous_10)
FNDA:0,(anonymous_11)
FNDA:0,(anonymous_12)
FNDA:0,(anonymous_13)
FNDA:0,(anonymous_14)
FNDA:0,(anonymous_15)
DA:4,4
DA:45,4
DA:53,28
DA:54,228
DA:55,28
DA:58,0
DA:62,12
DA:70,4
DA:72,140
DA:74,268
DA:75,112
DA:95,4
DA:309,0
DA:310,0
DA:311,0
DA:312,0
DA:314,0
DA:315,0
DA:318,0
DA:322,0
DA:323,0
DA:324,0
DA:325,0
DA:326,0
DA:327,0
DA:329,0
DA:333,0
DA:334,0
DA:340,0
DA:341,0
DA:342,0
DA:343,0
DA:344,0
DA:345,0
DA:347,0
DA:348,0
DA:349,0
DA:351,0
DA:355,0
DA:360,0
DA:361,0
DA:365,0
DA:366,0
DA:371,0
DA:377,0
DA:378,0
DA:379,0
DA:382,0
DA:387,0
DA:388,0
DA:389,0
DA:392,0
DA:401,0
DA:405,4
LF:54
LH:12
BRDA:54,0,0,28
BRDA:54,0,1,200
BRDA:314,1,0,0
BRDA:314,1,1,0
BRDA:322,2,0,0
BRDA:322,2,1,0
BRDA:326,3,0,0
BRDA:326,3,1,0
BRDA:333,4,0,0
BRDA:333,4,1,0
BRDA:344,5,0,0
BRDA:344,5,1,0
BRDA:348,6,0,0
BRDA:348,6,1,0
BRDA:378,7,0,0
BRDA:378,7,1,0
BRDA:388,8,0,0
BRDA:388,8,1,0
BRF:18
BRH:2
end_of_record
TN:
SF:src/editor/default_header.js
FNF:0
FNH:0
DA:3,4
LF:1
LH:1
BRF:0
BRH:0
end_of_record
TN:
SF:src/editor/images.js
FN:114,(anonymous_0)
FN:121,(anonymous_1)
FN:126,(anonymous_2)
FN:174,(anonymous_3)
FN:175,(anonymous_4)
FN:195,(anonymous_5)
FN:199,(anonymous_6)
FN:208,(anonymous_7)
FN:223,(anonymous_8)
FN:229,(anonymous_9)
FN:239,(anonymous_10)
FN:247,(anonymous_11)
FN:257,(anonymous_12)
FN:267,(anonymous_13)
FN:278,(anonymous_14)
FNF:15
FNH:0
FNDA:0,(anonymous_0)
FNDA:0,(anonymous_1)
FNDA:0,(anonymous_2)
FNDA:0,(anonymous_3)
FNDA:0,(anonymous_4)
FNDA:0,(anonymous_5)
FNDA:0,(anonymous_6)
FNDA:0,(anonymous_7)
FNDA:0,(anonymous_8)
FNDA:0,(anonymous_9)
FNDA:0,(anonymous_10)
FNDA:0,(anonymous_11)
FNDA:0,(anonymous_12)
FNDA:0,(anonymous_13)
FNDA:0,(anonymous_14)
DA:4,4
DA:115,0
DA:117,0
DA:118,0
DA:119,0
DA:121,0
DA:122,0
DA:127,0
DA:129,0
DA:130,0
DA:131,0
DA:134,0
DA:175,0
DA:176,0
DA:177,0
DA:178,0
DA:190,0
DA:209,0
DA:211,0
DA:213,0
DA:215,0
DA:217,0
DA:219,0
DA:224,0
DA:230,0
DA:231,0
DA:233,0
DA:240,0
DA:241,0
DA:242,0
DA:248,0
DA:249,0
DA:251,0
DA:258,0
DA:259,0
DA:260,0
DA:261,0
DA:262,0
DA:268,0
DA:269,0
DA:271,0
DA:280,0
DA:281,0
DA:288,4
LF:44
LH:2
BRDA:130,0,0,0
BRDA:130,0,1,0
BRDA:176,1,0,0
BRDA:176,1,1,0
BRDA:209,2,0,0
BRDA:209,2,1,0
BRDA:209,2,2,0
BRDA:209,2,3,0
BRDA:209,2,4,0
BRDA:230,3,0,0
BRDA:230,3,1,0
BRDA:248,4,0,0
BRDA:248,4,1,0
BRDA:261,5,0,0
BRDA:261,5,1,0
BRDA:268,6,0,0
BRDA:268,6,1,0
BRF:17
BRH:0
end_of_record
TN:
SF:src/editor/json.js
FN:12,(anonymous_0)
FN:25,(anonymous_1)
FN:32,(anonymous_2)
FN:40,(anonymous_3)
FN:58,(anonymous_4)
FN:68,(anonymous_5)
FN:77,(anonymous_6)
FNF:7
FNH:0
FNDA:0,(anonymous_0)
FNDA:0,(anonymous_1)
FNDA:0,(anonymous_2)
FNDA:0,(anonymous_3)
FNDA:0,(anonymous_4)
FNDA:0,(anonymous_5)
FNDA:0,(anonymous_6)
DA:4,4
DA:13,0
DA:14,0
DA:26,0
DA:27,0
DA:29,0
DA:33,0
DA:37,0
DA:41,0
DA:42,0
DA:43,0
DA:45,0
DA:47,0
DA:48,0
DA:49,0
DA:51,0
DA:54,0
DA:59,0
DA:60,0
DA:61,0
DA:62,0
DA:63,0
DA:64,0
DA:69,0
DA:70,0
DA:71,0
DA:72,0
DA:73,0
DA:79,0
DA:80,0
DA:81,0
DA:82,0
DA:86,4
LF:33
LH:2
BRDA:26,0,0,0
BRDA:26,0,1,0
BRDA:49,1,0,0
BRDA:49,1,1,0
BRDA:54,2,0,0
BRDA:54,2,1,0
BRDA:60,3,0,0
BRDA:60,3,1,0
BRDA:70,4,0,0
BRDA:70,4,1,0
BRF:10
BRH:0
end_of_record
TN:
SF:src/editor/markdown.js
FN:11,(anonymous_0)
FN:29,(anonymous_1)
FN:44,(anonymous_2)
FN:54,(anonymous_3)
FN:63,(anonymous_4)
FNF:5
FNH:0
FNDA:0,(anonymous_0)
FNDA:0,(anonymous_1)
FNDA:0,(anonymous_2)
FNDA:0,(anonymous_3)
FNDA:0,(anonymous_4)
DA:4,4
DA:12,0
DA:13,0
DA:26,0
DA:30,0
DA:31,0
DA:32,0
DA:34,0
DA:36,0
DA:37,0
DA:38,0
DA:40,0
DA:45,0
DA:46,0
DA:47,0
DA:48,0
DA:49,0
DA:50,0
DA:55,0
DA:56,0
DA:57,0
DA:58,0
DA:59,0
DA:65,0
DA:66,0
DA:67,0
DA:71,4
LF:27
LH:2
BRDA:38,0,0,0
BRDA:38,0,1,0
BRDA:46,1,0,0
BRDA:46,1,1,0
BRDA:56,2,0,0
BRDA:56,2,1,0
BRF:6
BRH:0
end_of_record
TN:
SF:src/editor/python.js
FN:21,makeTab
FN:161,convertIpynbToPython
FN:163,(anonymous_2)
FN:172,(anonymous_3)
FN:184,(anonymous_4)
FN:194,(anonymous_5)
FN:197,(anonymous_6)
FN:199,(anonymous_7)
FN:201,(anonymous_8)
FN:209,(anonymous_9)
FN:228,(anonymous_10)
FN:229,(anonymous_11)
FN:233,(anonymous_12)
FN:238,(anonymous_13)
FN:262,(anonymous_14)
FN:266,(anonymous_15)
FN:269,(anonymous_16)
FN:273,(anonymous_17)
FN:284,(anonymous_18)
FN:287,(anonymous_19)
FN:309,(anonymous_20)
FN:322,(anonymous_21)
FN:334,(anonymous_22)
FN:350,(anonymous_23)
FN:352,(anonymous_24)
FN:355,(anonymous_25)
FN:363,(anonymous_26)
FN:372,(anonymous_27)
FN:383,(anonymous_28)
FN:390,(anonymous_29)
FN:415,(anonymous_30)
FN:416,(anonymous_31)
FN:419,(anonymous_32)
FN:422,(anonymous_33)
FN:427,(anonymous_34)
FN:434,(anonymous_35)
FN:439,(anonymous_36)
FN:451,(anonymous_37)
FNF:38
FNH:1
FNDA:12,makeTab
FNDA:0,convertIpynbToPython
FNDA:0,(anonymous_2)
FNDA:0,(anonymous_3)
FNDA:0,(anonymous_4)
FNDA:0,(anonymous_5)
FNDA:0,(anonymous_6)
FNDA:0,(anonymous_7)
FNDA:0,(anonymous_8)
FNDA:0,(anonymous_9)
FNDA:0,(anonymous_10)
FNDA:0,(anonymous_11)
FNDA:0,(anonymous_12)
FNDA:0,(anonymous_13)
FNDA:0,(anonymous_14)
FNDA:0,(anonymous_15)
FNDA:0,(anonymous_16)
FNDA:0,(anonymous_17)
FNDA:0,(anonymous_18)
FNDA:0,(anonymous_19)
FNDA:0,(anonymous_20)
FNDA:0,(anonymous_21)
FNDA:0,(anonymous_22)
FNDA:0,(anonymous_23)
FNDA:0,(anonymous_24)
FNDA:0,(anonymous_25)
FNDA:0,(anonymous_26)
FNDA:0,(anonymous_27)
FNDA:0,(anonymous_28)
FNDA:0,(anonymous_29)
FNDA:0,(anonymous_30)
FNDA:0,(anonymous_31)
FNDA:0,(anonymous_32)
FNDA:0,(anonymous_33)
FNDA:0,(anonymous_34)
FNDA:0,(anonymous_35)
FNDA:0,(anonymous_36)
FNDA:0,(anonymous_37)
DA:15,4
DA:22,12
DA:30,4
DA:162,0
DA:163,0
DA:164,0
DA:165,0
DA:168,0
DA:172,0
DA:173,0
DA:174,0
DA:175,0
DA:177,0
DA:180,0
DA:185,0
DA:186,0
DA:187,0
DA:195,0
DA:199,0
DA:200,0
DA:201,0
DA:202,0
DA:211,0
DA:217,0
DA:218,0
DA:219,0
DA:220,0
DA:221,0
DA:222,0
DA:223,0
DA:225,0
DA:229,0
DA:230,0
DA:233,0
DA:239,0
DA:240,0
DA:241,0
DA:243,0
DA:244,0
DA:245,0
DA:247,0
DA:249,0
DA:252,0
DA:255,0
DA:258,0
DA:259,0
DA:261,0
DA:262,0
DA:264,0
DA:266,0
DA:267,0
DA:269,0
DA:270,0
DA:273,0
DA:274,0
DA:275,0
DA:284,0
DA:288,0
DA:289,0
DA:290,0
DA:293,0
DA:295,0
DA:297,0
DA:298,0
DA:300,0
DA:301,0
DA:302,0
DA:303,0
DA:305,0
DA:310,0
DA:312,0
DA:313,0
DA:314,0
DA:315,0
DA:316,0
DA:318,0
DA:324,0
DA:325,0
DA:326,0
DA:327,0
DA:328,0
DA:330,0
DA:331,0
DA:335,0
DA:336,0
DA:337,0
DA:338,0
DA:340,0
DA:341,0
DA:342,0
DA:344,0
DA:345,0
DA:346,0
DA:351,0
DA:352,0
DA:353,0
DA:355,0
DA:356,0
DA:357,0
DA:359,0
DA:362,0
DA:363,0
DA:364,0
DA:368,0
DA:369,0
DA:370,0
DA:372,0
DA:373,0
DA:374,0
DA:375,0
DA:376,0
DA:377,0
DA:378,0
DA:384,0
DA:385,0
DA:386,0
DA:387,0
DA:391,0
DA:392,0
DA:393,0
DA:394,0
DA:396,0
DA:397,0
DA:399,0
DA:400,0
DA:404,0
DA:406,0
DA:407,0
DA:409,0
DA:410,0
DA:411,0
DA:416,0
DA:417,0
DA:419,0
DA:420,0
DA:422,0
DA:428,0
DA:429,0
DA:435,0
DA:436,0
DA:440,0
DA:441,0
DA:442,0
DA:443,0
DA:445,0
DA:446,0
DA:447,0
DA:452,0
DA:453,0
DA:454,0
DA:456,0
DA:457,0
DA:458,0
DA:463,4
LF:154
LH:4
BRDA:164,0,0,0
BRDA:164,0,1,0
BRDA:165,1,0,0
BRDA:165,1,1,0
BRDA:168,2,0,0
BRDA:168,2,1,0
BRDA:173,3,0,0
BRDA:173,3,1,0
BRDA:175,4,0,0
BRDA:175,4,1,0
BRDA:175,5,0,0
BRDA:175,5,1,0
BRDA:243,6,0,0
BRDA:243,6,1,0
BRDA:244,7,0,0
BRDA:244,7,1,0
BRDA:261,8,0,0
BRDA:261,8,1,0
BRDA:288,9,0,0
BRDA:288,9,1,0
BRDA:289,10,0,0
BRDA:289,10,1,0
BRDA:295,11,0,0
BRDA:295,11,1,0
BRDA:301,12,0,0
BRDA:301,12,1,0
BRDA:313,13,0,0
BRDA:313,13,1,0
BRDA:315,14,0,0
BRDA:315,14,1,0
BRDA:327,15,0,0
BRDA:327,15,1,0
BRDA:336,16,0,0
BRDA:336,16,1,0
BRDA:340,17,0,0
BRDA:340,17,1,0
BRDA:344,18,0,0
BRDA:344,18,1,0
BRDA:356,19,0,0
BRDA:356,19,1,0
BRDA:369,20,0,0
BRDA:369,20,1,0
BRDA:373,21,0,0
BRDA:373,21,1,0
BRDA:375,22,0,0
BRDA:375,22,1,0
BRDA:391,23,0,0
BRDA:391,23,1,0
BRDA:393,24,0,0
BRDA:393,24,1,0
BRDA:429,25,0,0
BRDA:429,25,1,0
BRDA:429,25,2,0
BRDA:442,26,0,0
BRDA:442,26,1,0
BRDA:453,27,0,0
BRDA:453,27,1,0
BRDA:453,28,0,0
BRDA:453,28,1,0
BRF:59
BRH:0
end_of_record
TN:
SF:src/editor/quiz.js
FN:10,(anonymous_0)
FN:22,(anonymous_1)
FN:29,(anonymous_2)
FN:37,(anonymous_3)
FN:54,(anonymous_4)
FN:64,(anonymous_5)
FN:73,(anonymous_6)
FNF:7
FNH:0
FNDA:0,(anonymous_0)
FNDA:0,(anonymous_1)
FNDA:0,(anonymous_2)
FNDA:0,(anonymous_3)
FNDA:0,(anonymous_4)
FNDA:0,(anonymous_5)
FNDA:0,(anonymous_6)
DA:3,4
DA:11,0
DA:12,0
DA:23,0
DA:24,0
DA:26,0
DA:30,0
DA:34,0
DA:38,0
DA:39,0
DA:40,0
DA:42,0
DA:44,0
DA:45,0
DA:46,0
DA:48,0
DA:51,0
DA:55,0
DA:56,0
DA:57,0
DA:58,0
DA:59,0
DA:60,0
DA:65,0
DA:66,0
DA:67,0
DA:68,0
DA:69,0
DA:75,0
DA:76,0
DA:77,0
DA:78,0
DA:82,4
LF:33
LH:2
BRDA:23,0,0,0
BRDA:23,0,1,0
BRDA:46,1,0,0
BRDA:46,1,1,0
BRDA:51,2,0,0
BRDA:51,2,1,0
BRDA:56,3,0,0
BRDA:56,3,1,0
BRDA:66,4,0,0
BRDA:66,4,1,0
BRF:10
BRH:0
end_of_record
TN:
SF:src/editor/sample_submissions.js
FN:17,(anonymous_0)
FN:23,(anonymous_1)
FN:28,(anonymous_2)
FN:32,(anonymous_3)
FN:58,(anonymous_4)
FN:72,(anonymous_5)
FN:79,(anonymous_6)
FN:87,(anonymous_7)
FN:96,(anonymous_8)
FN:103,(anonymous_9)
FN:107,(anonymous_10)
FN:111,(anonymous_11)
FN:124,(anonymous_12)
FN:125,(anonymous_13)
FN:128,(anonymous_14)
FN:128,(anonymous_15)
FN:134,(anonymous_16)
FN:145,(anonymous_17)
FN:149,(anonymous_18)
FN:154,(anonymous_19)
FNF:20
FNH:0
FNDA:0,(anonymous_0)
FNDA:0,(anonymous_1)
FNDA:0,(anonymous_2)
FNDA:0,(anonymous_3)
FNDA:0,(anonymous_4)
FNDA:0,(anonymous_5)
FNDA:0,(anonymous_6)
FNDA:0,(anonymous_7)
FNDA:0,(anonymous_8)
FNDA:0,(anonymous_9)
FNDA:0,(anonymous_10)
FNDA:0,(anonymous_11)
FNDA:0,(anonymous_12)
FNDA:0,(anonymous_13)
FNDA:0,(anonymous_14)
FNDA:0,(anonymous_15)
FNDA:0,(anonymous_16)
FNDA:0,(anonymous_17)
FNDA:0,(anonymous_18)
FNDA:0,(anonymous_19)
DA:8,4
DA:18,0
DA:19,0
DA:20,0
DA:24,0
DA:29,0
DA:33,0
DA:41,4
DA:57,4
DA:61,0
DA:62,0
DA:73,0
DA:74,0
DA:76,0
DA:80,0
DA:84,0
DA:85,0
DA:91,0
DA:97,0
DA:98,0
DA:99,0
DA:100,0
DA:108,0
DA:112,0
DA:113,0
DA:114,0
DA:116,0
DA:118,0
DA:121,0
DA:122,0
DA:123,0
DA:124,0
DA:125,0
DA:126,0
DA:128,0
DA:135,0
DA:136,0
DA:137,0
DA:138,0
DA:141,0
DA:146,0
DA:147,0
DA:148,0
DA:149,0
DA:150,0
DA:156,0
DA:157,0
DA:160,0
DA:164,4
LF:49
LH:4
BRDA:24,0,0,0
BRDA:24,0,1,0
BRDA:73,1,0,0
BRDA:73,1,1,0
BRDA:121,2,0,0
BRDA:121,2,1,0
BRDA:136,3,0,0
BRDA:136,3,1,0
BRDA:147,4,0,0
BRDA:147,4,1,0
BRF:10
BRH:0
end_of_record
TN:
SF:src/editor/tags.js
FN:22,(anonymous_0)
FNF:1
FNH:0
FNDA:0,(anonymous_0)
DA:3,4
DA:23,0
DA:27,4
LF:3
LH:2
BRF:0
BRH:0
end_of_record
TN:
SF:src/editor/text.js
FN:12,(anonymous_0)
FN:24,(anonymous_1)
FN:31,(anonymous_2)
FN:39,(anonymous_3)
FN:56,(anonymous_4)
FN:66,(anonymous_5)
FN:75,(anonymous_6)
FNF:7
FNH:0
FNDA:0,(anonymous_0)
FNDA:0,(anonymous_1)
FNDA:0,(anonymous_2)
FNDA:0,(anonymous_3)
FNDA:0,(anonymous_4)
FNDA:0,(anonymous_5)
FNDA:0,(anonymous_6)
DA:4,4
DA:13,0
DA:14,0
DA:25,0
DA:26,0
DA:28,0
DA:32,0
DA:36,0
DA:40,0
DA:41,0
DA:42,0
DA:44,0
DA:46,0
DA:47,0
DA:48,0
DA:50,0
DA:53,0
DA:57,0
DA:58,0
DA:59,0
DA:60,0
DA:61,0
DA:62,0
DA:67,0
DA:68,0
DA:69,0
DA:70,0
DA:71,0
DA:77,0
DA:78,0
DA:79,0
DA:80,0
DA:84,4
LF:33
LH:2
BRDA:25,0,0,0
BRDA:25,0,1,0
BRDA:48,1,0,0
BRDA:48,1,1,0
BRDA:53,2,0,0
BRDA:53,2,1,0
BRDA:58,3,0,0
BRDA:58,3,1,0
BRDA:68,4,0,0
BRDA:68,4,1,0
BRF:10
BRH:0
end_of_record
TN:
SF:src/editor/toolbox.js
FN:18,(anonymous_0)
FN:31,(anonymous_1)
FN:38,(anonymous_2)
FN:46,(anonymous_3)
FN:65,(anonymous_4)
FN:75,(anonymous_5)
FN:87,(anonymous_6)
FNF:7
FNH:0
FNDA:0,(anonymous_0)
FNDA:0,(anonymous_1)
FNDA:0,(anonymous_2)
FNDA:0,(anonymous_3)
FNDA:0,(anonymous_4)
FNDA:0,(anonymous_5)
FNDA:0,(anonymous_6)
DA:3,4
DA:19,0
DA:20,0
DA:32,0
DA:33,0
DA:35,0
DA:39,0
DA:43,0
DA:47,0
DA:48,0
DA:49,0
DA:51,0
DA:53,0
DA:54,0
DA:56,0
DA:58,0
DA:61,0
DA:66,0
DA:67,0
DA:68,0
DA:69,0
DA:70,0
DA:71,0
DA:76,0
DA:77,0
DA:78,0
DA:79,0
DA:80,0
DA:81,0
DA:83,0
DA:89,0
DA:90,0
DA:92,0
DA:93,0
DA:97,4
LF:35
LH:2
BRDA:32,0,0,0
BRDA:32,0,1,0
BRDA:56,1,0,0
BRDA:56,1,1,0
BRDA:61,2,0,0
BRDA:61,2,1,0
BRDA:67,3,0,0
BRDA:67,3,1,0
BRDA:77,4,0,0
BRDA:77,4,1,0
BRDA:80,5,0,0
BRDA:80,5,1,0
BRF:12
BRH:0
end_of_record
TN:
SF:src/engine/configurations.js
FN:9,(anonymous_0)
FN:16,(anonymous_1)
FN:28,(anonymous_2)
FN:30,(anonymous_3)
FN:39,(anonymous_4)
FN:49,(anonymous_5)
FN:57,(anonymous_6)
FN:74,(anonymous_7)
FN:80,(anonymous_8)
FN:96,(anonymous_9)
FN:101,(anonymous_10)
FN:123,(anonymous_11)
FN:128,(anonymous_12)
FN:133,(anonymous_13)
FN:137,(anonymous_14)
FN:142,(anonymous_15)
FN:149,(anonymous_16)
FN:157,(anonymous_17)
FN:162,(anonymous_18)
FN:166,(anonymous_19)
FN:170,(anonymous_20)
FN:174,(anonymous_21)
FN:178,(anonymous_22)
FN:182,(anonymous_23)
FN:190,(anonymous_24)
FN:194,(anonymous_25)
FNF:26
FNH:0
FNDA:0,(anonymous_0)
FNDA:0,(anonymous_1)
FNDA:0,(anonymous_2)
FNDA:0,(anonymous_3)
FNDA:0,(anonymous_4)
FNDA:0,(anonymous_5)
FNDA:0,(anonymous_6)
FNDA:0,(anonymous_7)
FNDA:0,(anonymous_8)
FNDA:0,(anonymous_9)
FNDA:0,(anonymous_10)
FNDA:0,(anonymous_11)
FNDA:0,(anonymous_12)
FNDA:0,(anonymous_13)
FNDA:0,(anonymous_14)
FNDA:0,(anonymous_15)
FNDA:0,(anonymous_16)
FNDA:0,(anonymous_17)
FNDA:0,(anonymous_18)
FNDA:0,(anonymous_19)
FNDA:0,(anonymous_20)
FNDA:0,(anonymous_21)
FNDA:0,(anonymous_22)
FNDA:0,(anonymous_23)
FNDA:0,(anonymous_24)
FNDA:0,(anonymous_25)
DA:1,1
DA:10,0
DA:11,0
DA:12,0
DA:13,0
DA:18,0
DA:19,0
DA:20,0
DA:21,0
DA:22,0
DA:24,0
DA:26,0
DA:28,0
DA:30,0
DA:31,0
DA:32,0
DA:34,0
DA:35,0
DA:36,0
DA:37,0
DA:38,0
DA:39,0
DA:40,0
DA:42,0
DA:45,0
DA:46,0
DA:50,0
DA:51,0
DA:53,0
DA:58,0
DA:74,0
DA:81,0
DA:82,0
DA:83,0
DA:85,0
DA:97,0
DA:103,0
DA:104,0
DA:105,0
DA:107,0
DA:108,0
DA:109,0
DA:110,0
DA:111,0
DA:112,0
DA:113,0
DA:119,0
DA:124,0
DA:129,0
DA:134,0
DA:138,0
DA:143,0
DA:144,0
DA:146,0
DA:150,0
DA:151,0
DA:153,0
DA:159,0
DA:171,0
DA:175,0
DA:179,0
DA:184,0
DA:185,0
DA:186,0
DA:197,0
DA:198,0
DA:199,0
DA:201,0
DA:202,0
DA:204,0
DA:206,0
DA:207,0
DA:209,0
DA:210,0
DA:212,0
DA:213,0
DA:216,0
LF:77
LH:1
BRDA:31,0,0,0
BRDA:31,0,1,0
BRDA:36,1,0,0
BRDA:36,1,1,0
BRDA:36,2,0,0
BRDA:36,2,1,0
BRDA:40,3,0,0
BRDA:40,3,1,0
BRDA:50,4,0,0
BRDA:50,4,1,0
BRDA:82,5,0,0
BRDA:82,5,1,0
BRDA:104,6,0,0
BRDA:104,6,1,0
BRDA:109,7,0,0
BRDA:109,7,1,0
BRDA:111,8,0,0
BRDA:111,8,1,0
BRDA:143,9,0,0
BRDA:143,9,1,0
BRDA:150,10,0,0
BRDA:150,10,1,0
BRDA:184,11,0,0
BRDA:184,11,1,0
BRDA:198,12,0,0
BRDA:198,12,1,0
BRDA:201,13,0,0
BRDA:201,13,1,0
BRDA:209,14,0,0
BRDA:209,14,1,0
BRDA:209,15,0,0
BRDA:209,15,1,0
BRDA:212,16,0,0
BRDA:212,16,1,0
BRDA:212,17,0,0
BRDA:212,17,1,0
BRF:36
BRH:0
end_of_record
TN:
SF:src/engine/eval.js
FN:6,(anonymous_0)
FN:25,(anonymous_1)
FN:35,(anonymous_2)
FN:41,(anonymous_3)
FN:42,(anonymous_4)
FN:42,(anonymous_5)
FN:53,(anonymous_6)
FN:58,(anonymous_7)
FNF:8
FNH:0
FNDA:0,(anonymous_0)
FNDA:0,(anonymous_1)
FNDA:0,(anonymous_2)
FNDA:0,(anonymous_3)
FNDA:0,(anonymous_4)
FNDA:0,(anonymous_5)
FNDA:0,(anonymous_6)
FNDA:0,(anonymous_7)
DA:8,0
DA:9,0
DA:10,0
DA:11,0
DA:12,0
DA:14,0
DA:16,0
DA:17,0
DA:19,0
DA:20,0
DA:22,0
DA:26,0
DA:27,0
DA:28,0
DA:29,0
DA:30,0
DA:31,0
DA:32,0
DA:33,0
DA:34,0
DA:35,0
DA:37,0
DA:38,0
DA:41,0
DA:42,0
DA:49,0
DA:54,0
DA:55,0
DA:56,0
DA:57,0
DA:58,0
DA:59,0
DA:65,0
LF:33
LH:0
BRF:0
BRH:0
end_of_record
TN:
SF:src/engine/instructor.js
FN:11,(anonymous_0)
FN:14,(anonymous_1)
FN:44,(anonymous_2)
FN:49,(anonymous_3)
FN:64,(anonymous_4)
FN:69,(anonymous_5)
FN:75,(anonymous_6)
FN:81,(anonymous_7)
FN:82,clean
FN:92,(anonymous_9)
FN:93,(anonymous_10)
FN:97,(anonymous_11)
FN:105,(anonymous_12)
FN:114,(anonymous_13)
FN:123,(anonymous_14)
FN:146,(anonymous_15)
FN:162,(anonymous_16)
FNF:17
FNH:0
FNDA:0,(anonymous_0)
FNDA:0,(anonymous_1)
FNDA:0,(anonymous_2)
FNDA:0,(anonymous_3)
FNDA:0,(anonymous_4)
FNDA:0,(anonymous_5)
FNDA:0,(anonymous_6)
FNDA:0,(anonymous_7)
FNDA:0,clean
FNDA:0,(anonymous_9)
FNDA:0,(anonymous_10)
FNDA:0,(anonymous_11)
FNDA:0,(anonymous_12)
FNDA:0,(anonymous_13)
FNDA:0,(anonymous_14)
FNDA:0,(anonymous_15)
FNDA:0,(anonymous_16)
DA:7,1
DA:8,1
DA:12,0
DA:14,0
DA:15,0
DA:16,0
DA:18,0
DA:20,0
DA:22,0
DA:26,0
DA:27,0
DA:29,0
DA:30,0
DA:33,0
DA:34,0
DA:36,0
DA:38,0
DA:40,0
DA:41,0
DA:45,0
DA:46,0
DA:50,0
DA:52,0
DA:53,0
DA:54,0
DA:58,0
DA:61,0
DA:65,0
DA:69,0
DA:70,0
DA:71,0
DA:75,0
DA:76,0
DA:78,0
DA:83,0
DA:84,0
DA:85,0
DA:87,0
DA:89,0
DA:92,0
DA:93,0
DA:98,0
DA:99,0
DA:101,0
DA:106,0
DA:107,0
DA:108,0
DA:110,0
DA:116,0
DA:117,0
DA:119,0
DA:124,0
DA:125,0
DA:126,0
DA:127,0
DA:128,0
DA:129,0
DA:130,0
DA:131,0
DA:132,0
DA:133,0
DA:134,0
DA:135,0
DA:137,0
DA:138,0
DA:139,0
DA:141,0
DA:148,0
DA:149,0
DA:150,0
DA:151,0
DA:152,0
DA:153,0
DA:155,0
DA:163,0
DA:165,0
DA:166,0
LF:77
LH:2
BRDA:15,0,0,0
BRDA:15,0,1,0
BRDA:52,1,0,0
BRDA:52,1,1,0
BRDA:70,2,0,0
BRDA:70,2,1,0
BRDA:84,3,0,0
BRDA:84,3,1,0
BRDA:98,4,0,0
BRDA:98,4,1,0
BRDA:107,5,0,0
BRDA:107,5,1,0
BRDA:116,6,0,0
BRDA:116,6,1,0
BRDA:124,7,0,0
BRDA:124,7,1,0
BRDA:126,8,0,0
BRDA:126,8,1,0
BRDA:128,9,0,0
BRDA:128,9,1,0
BRDA:129,10,0,0
BRDA:129,10,1,0
BRDA:130,11,0,0
BRDA:130,11,1,0
BRDA:132,12,0,0
BRDA:132,12,1,0
BRDA:134,13,0,0
BRDA:134,13,1,0
BRDA:138,14,0,0
BRDA:138,14,1,0
BRDA:149,15,0,0
BRDA:149,15,1,0
BRDA:165,16,0,0
BRDA:165,16,1,0
BRDA:165,17,0,0
BRDA:165,17,1,0
BRF:36
BRH:0
end_of_record
TN:
SF:src/engine/on_change.js
FN:4,(anonymous_0)
FNF:1
FNH:0
FNDA:0,(anonymous_0)
DA:5,0
DA:6,0
DA:7,0
DA:9,0
DA:11,0
LF:5
LH:0
BRF:0
BRH:0
end_of_record
TN:
SF:src/engine/on_eval.js
FN:9,(anonymous_0)
FN:79,(anonymous_1)
FN:113,(anonymous_2)
FN:149,(anonymous_3)
FNF:4
FNH:0
FNDA:0,(anonymous_0)
FNDA:0,(anonymous_1)
FNDA:0,(anonymous_2)
FNDA:0,(anonymous_3)
DA:9,1
DA:10,0
DA:12,0
DA:80,0
DA:81,0
DA:82,0
DA:84,0
DA:86,0
DA:88,0
DA:89,0
DA:90,0
DA:91,0
DA:92,0
DA:93,0
DA:94,0
DA:95,0
DA:96,0
DA:103,0
DA:105,0
DA:108,0
DA:110,0
DA:114,0
DA:116,0
DA:117,0
DA:118,0
DA:119,0
DA:120,0
DA:121,0
DA:122,0
DA:123,0
DA:124,0
DA:126,0
DA:127,0
DA:128,0
DA:129,0
DA:131,0
DA:133,0
DA:134,0
DA:141,0
DA:142,0
DA:143,0
DA:150,0
DA:151,0
DA:152,0
DA:153,0
DA:154,0
DA:156,0
DA:158,0
LF:48
LH:1
BRDA:82,0,0,0
BRDA:82,0,1,0
BRDA:89,1,0,0
BRDA:89,1,1,0
BRDA:92,2,0,0
BRDA:92,2,1,0
BRDA:124,3,0,0
BRDA:124,3,1,0
BRDA:141,4,0,0
BRDA:141,4,1,0
BRDA:152,5,0,0
BRDA:152,5,1,0
BRF:12
BRH:0
end_of_record
TN:
SF:src/engine/on_run.js
FN:5,findActualInstructorOffset
FN:17,(anonymous_1)
FN:101,(anonymous_2)
FN:141,(anonymous_3)
FN:178,(anonymous_4)
FNF:5
FNH:0
FNDA:0,findActualInstructorOffset
FNDA:0,(anonymous_1)
FNDA:0,(anonymous_2)
FNDA:0,(anonymous_3)
FNDA:0,(anonymous_4)
DA:6,0
DA:7,0
DA:8,0
DA:9,0
DA:12,1
DA:13,1
DA:17,1
DA:18,0
DA:19,0
DA:23,0
DA:102,0
DA:103,0
DA:104,0
DA:106,0
DA:108,0
DA:110,0
DA:112,0
DA:113,0
DA:114,0
DA:115,0
DA:116,0
DA:117,0
DA:119,0
DA:134,0
DA:136,0
DA:138,0
DA:145,0
DA:146,0
DA:147,0
DA:148,0
DA:149,0
DA:150,0
DA:151,0
DA:152,0
DA:154,0
DA:155,0
DA:156,0
DA:157,0
DA:158,0
DA:160,0
DA:162,0
DA:163,0
DA:170,0
DA:171,0
DA:172,0
DA:179,0
DA:180,0
DA:181,0
DA:182,0
DA:183,0
DA:185,0
DA:187,0
LF:52
LH:3
BRDA:9,0,0,0
BRDA:9,0,1,0
BRDA:19,1,0,0
BRDA:19,1,1,0
BRDA:115,2,0,0
BRDA:115,2,1,0
BRDA:152,3,0,0
BRDA:152,3,1,0
BRDA:170,4,0,0
BRDA:170,4,1,0
BRDA:181,5,0,0
BRDA:181,5,1,0
BRF:12
BRH:0
end_of_record
TN:
SF:src/engine/on_sample.js
FN:4,(anonymous_0)
FNF:1
FNH:0
FNDA:0,(anonymous_0)
DA:5,0
DA:6,0
DA:7,0
DA:9,0
LF:4
LH:0
BRF:0
BRH:0
end_of_record
TN:
SF:src/engine/run.js
FN:5,(anonymous_0)
FN:42,(anonymous_1)
FN:46,(anonymous_2)
FN:60,(anonymous_3)
FN:66,(anonymous_4)
FN:67,(anonymous_5)
FN:67,(anonymous_6)
FN:78,(anonymous_7)
FN:88,(anonymous_8)
FN:93,(anonymous_9)
FN:94,(anonymous_10)
FN:94,(anonymous_11)
FNF:12
FNH:0
FNDA:0,(anonymous_0)
FNDA:0,(anonymous_1)
FNDA:0,(anonymous_2)
FNDA:0,(anonymous_3)
FNDA:0,(anonymous_4)
FNDA:0,(anonymous_5)
FNDA:0,(anonymous_6)
FNDA:0,(anonymous_7)
FNDA:0,(anonymous_8)
FNDA:0,(anonymous_9)
FNDA:0,(anonymous_10)
FNDA:0,(anonymous_11)
DA:6,0
DA:7,0
DA:8,0
DA:9,0
DA:10,0
DA:13,0
DA:14,0
DA:16,0
DA:18,0
DA:19,0
DA:21,0
DA:26,0
DA:27,0
DA:29,0
DA:30,0
DA:31,0
DA:32,0
DA:33,0
DA:35,0
DA:37,0
DA:39,0
DA:43,0
DA:44,0
DA:46,0
DA:48,0
DA:49,0
DA:50,0
DA:51,0
DA:52,0
DA:53,0
DA:54,0
DA:55,0
DA:56,0
DA:57,0
DA:58,0
DA:60,0
DA:61,0
DA:62,0
DA:63,0
DA:66,0
DA:67,0
DA:74,0
DA:79,0
DA:80,0
DA:81,0
DA:82,0
DA:83,0
DA:85,0
DA:87,0
DA:88,0
DA:89,0
DA:93,0
DA:94,0
DA:99,0
LF:54
LH:0
BRDA:9,0,0,0
BRDA:9,0,1,0
BRDA:26,1,0,0
BRDA:26,1,1,0
BRDA:57,2,0,0
BRDA:57,2,1,0
BRDA:82,3,0,0
BRDA:82,3,1,0
BRDA:82,4,0,0
BRDA:82,4,1,0
BRF:10
BRH:0
end_of_record
TN:
SF:src/engine/sample.js
FN:4,(anonymous_0)
FNF:1
FNH:0
FNDA:0,(anonymous_0)
DA:5,0
DA:7,0
DA:8,0
DA:10,0
LF:4
LH:0
BRF:0
BRH:0
end_of_record
TN:
SF:src/engine/student.js
FN:4,(anonymous_0)
FN:8,(anonymous_1)
FN:25,(anonymous_2)
FN:39,(anonymous_3)
FN:58,(anonymous_4)
FN:62,(anonymous_5)
FN:80,(anonymous_6)
FN:112,(anonymous_7)
FN:122,(anonymous_8)
FN:124,(anonymous_9)
FN:129,(anonymous_10)
FN:132,(anonymous_11)
FN:135,(anonymous_12)
FN:145,(anonymous_13)
FN:177,(anonymous_14)
FN:186,(anonymous_15)
FN:194,(anonymous_16)
FNF:17
FNH:0
FNDA:0,(anonymous_0)
FNDA:0,(anonymous_1)
FNDA:0,(anonymous_2)
FNDA:0,(anonymous_3)
FNDA:0,(anonymous_4)
FNDA:0,(anonymous_5)
FNDA:0,(anonymous_6)
FNDA:0,(anonymous_7)
FNDA:0,(anonymous_8)
FNDA:0,(anonymous_9)
FNDA:0,(anonymous_10)
FNDA:0,(anonymous_11)
FNDA:0,(anonymous_12)
FNDA:0,(anonymous_13)
FNDA:0,(anonymous_14)
FNDA:0,(anonymous_15)
FNDA:0,(anonymous_16)
DA:5,0
DA:7,0
DA:8,0
DA:9,0
DA:10,0
DA:12,0
DA:15,0
DA:20,0
DA:22,0
DA:26,0
DA:28,0
DA:29,0
DA:30,0
DA:32,0
DA:35,0
DA:40,0
DA:41,0
DA:42,0
DA:43,0
DA:44,0
DA:45,0
DA:46,0
DA:47,0
DA:49,0
DA:50,0
DA:51,0
DA:53,0
DA:59,0
DA:63,0
DA:81,0
DA:85,0
DA:86,0
DA:90,0
DA:101,0
DA:102,0
DA:113,0
DA:114,0
DA:115,0
DA:116,0
DA:117,0
DA:118,0
DA:119,0
DA:123,0
DA:124,0
DA:125,0
DA:126,0
DA:128,0
DA:129,0
DA:131,0
DA:132,0
DA:134,0
DA:135,0
DA:138,0
DA:139,0
DA:146,0
DA:148,0
DA:151,0
DA:152,0
DA:153,0
DA:154,0
DA:157,0
DA:163,0
DA:164,0
DA:165,0
DA:168,0
DA:174,0
DA:178,0
DA:179,0
DA:180,0
DA:182,0
DA:187,0
DA:188,0
DA:189,0
DA:190,0
DA:191,0
DA:192,0
DA:193,0
DA:194,0
DA:195,0
LF:79
LH:0
BRDA:9,0,0,0
BRDA:9,0,1,0
BRDA:28,1,0,0
BRDA:28,1,1,0
BRDA:29,2,0,0
BRDA:29,2,1,0
BRDA:29,3,0,0
BRDA:29,3,1,0
BRDA:40,4,0,0
BRDA:40,4,1,0
BRDA:42,5,0,0
BRDA:42,5,1,0
BRDA:44,6,0,0
BRDA:44,6,1,0
BRDA:46,7,0,0
BRDA:46,7,1,0
BRDA:50,8,0,0
BRDA:50,8,1,0
BRDA:63,9,0,0
BRDA:63,9,1,0
BRDA:63,9,2,0
BRDA:81,10,0,0
BRDA:81,10,1,0
BRDA:125,11,0,0
BRDA:125,11,1,0
BRDA:128,12,0,0
BRDA:128,12,1,0
BRDA:131,13,0,0
BRDA:131,13,1,0
BRDA:134,14,0,0
BRDA:134,14,1,0
BRDA:179,15,0,0
BRDA:179,15,1,0
BRDA:189,16,0,0
BRDA:189,16,1,0
BRF:35
BRH:0
end_of_record
